
*** Running vivado
    with args -log lab_3_slicer_low_0_0.vds -m64 -product Vivado -mode batch -messageDb vivado.pb -notrace -source lab_3_slicer_low_0_0.tcl


****** Vivado v2018.3 (64-bit)
  **** SW Build 2405991 on Thu Dec  6 23:38:27 MST 2018
  **** IP Build 2404404 on Fri Dec  7 01:43:56 MST 2018
    ** Copyright 1986-2018 Xilinx, Inc. All Rights Reserved.

source lab_3_slicer_low_0_0.tcl -notrace
create_project: Time (s): cpu = 00:00:04 ; elapsed = 00:00:05 . Memory (MB): peak = 320.055 ; gain = 70.516
INFO: [IP_Flow 19-234] Refreshing IP repositories
WARNING: [IP_Flow 19-2248] Failed to load user IP repository 'c:/ece1195/labs/lab3/adder_64_1.0'; Can't find the specified path.
If this directory should no longer be in your list of user repositories, go to the IP Settings dialog and remove it.
WARNING: [IP_Flow 19-2248] Failed to load user IP repository 'c:/ece1195/labs/lab3/64bitadder_1.0'; Can't find the specified path.
If this directory should no longer be in your list of user repositories, go to the IP Settings dialog and remove it.
INFO: [IP_Flow 19-1700] Loaded user IP repository 'c:/ece1195/labs/lab1/Lab_1_repo/ip_repo'.
WARNING: [IP_Flow 19-2248] Failed to load user IP repository 'c:/ece1195/labs/lab3/adder_1.0'; Can't find the specified path.
If this directory should no longer be in your list of user repositories, go to the IP Settings dialog and remove it.
INFO: [IP_Flow 19-2313] Loaded Vivado IP repository 'C:/Xilinx/Vivado/2018.3/data/ip'.
update_ip_catalog: Time (s): cpu = 00:00:05 ; elapsed = 00:00:07 . Memory (MB): peak = 351.125 ; gain = 31.070
Command: synth_design -top lab_3_slicer_low_0_0 -part xc7z020clg400-1 -mode out_of_context
Starting synth_design
Attempting to get a license for feature 'Synthesis' and/or device 'xc7z020'
INFO: [Common 17-349] Got license for feature 'Synthesis' and/or device 'xc7z020'
INFO: Launching helper process for spawning children vivado processes
INFO: Helper process launched with PID 12224 
---------------------------------------------------------------------------------
Starting RTL Elaboration : Time (s): cpu = 00:00:06 ; elapsed = 00:00:07 . Memory (MB): peak = 468.055 ; gain = 103.711
---------------------------------------------------------------------------------
INFO: [Synth 8-638] synthesizing module 'lab_3_slicer_low_0_0' [c:/ece1195/labs/lab3/lab_3/ip/lab_3_slicer_low_0_0/synth/lab_3_slicer_low_0_0.vhd:63]
INFO: [Synth 8-3491] module 'slicer_low' declared at 'C:/ece1195/labs/lab3/slicer_low.vhd:4' bound to instance 'U0' of component 'slicer_low' [c:/ece1195/labs/lab3/lab_3/ip/lab_3_slicer_low_0_0/synth/lab_3_slicer_low_0_0.vhd:81]
INFO: [Synth 8-638] synthesizing module 'slicer_low' [C:/ece1195/labs/lab3/slicer_low.vhd:9]
INFO: [Synth 8-256] done synthesizing module 'slicer_low' (1#1) [C:/ece1195/labs/lab3/slicer_low.vhd:9]
INFO: [Synth 8-256] done synthesizing module 'lab_3_slicer_low_0_0' (2#1) [c:/ece1195/labs/lab3/lab_3/ip/lab_3_slicer_low_0_0/synth/lab_3_slicer_low_0_0.vhd:63]
WARNING: [Synth 8-3331] design slicer_low has unconnected port A[63]
WARNING: [Synth 8-3331] design slicer_low has unconnected port A[62]
WARNING: [Synth 8-3331] design slicer_low has unconnected port A[61]
WARNING: [Synth 8-3331] design slicer_low has unconnected port A[60]
WARNING: [Synth 8-3331] design slicer_low has unconnected port A[59]
WARNING: [Synth 8-3331] design slicer_low has unconnected port A[58]
WARNING: [Synth 8-3331] design slicer_low has unconnected port A[57]
WARNING: [Synth 8-3331] design slicer_low has unconnected port A[56]
WARNING: [Synth 8-3331] design slicer_low has unconnected port A[55]
WARNING: [Synth 8-3331] design slicer_low has unconnected port A[54]
WARNING: [Synth 8-3331] design slicer_low has unconnected port A[53]
WARNING: [Synth 8-3331] design slicer_low has unconnected port A[52]
WARNING: [Synth 8-3331] design slicer_low has unconnected port A[51]
WARNING: [Synth 8-3331] design slicer_low has unconnected port A[50]
WARNING: [Synth 8-3331] design slicer_low has unconnected port A[49]
WARNING: [Synth 8-3331] design slicer_low has unconnected port A[48]
WARNING: [Synth 8-3331] design slicer_low has unconnected port A[47]
WARNING: [Synth 8-3331] design slicer_low has unconnected port A[46]
WARNING: [Synth 8-3331] design slicer_low has unconnected port A[45]
WARNING: [Synth 8-3331] design slicer_low has unconnected port A[44]
WARNING: [Synth 8-3331] design slicer_low has unconnected port A[43]
WARNING: [Synth 8-3331] design slicer_low has unconnected port A[42]
WARNING: [Synth 8-3331] design slicer_low has unconnected port A[41]
WARNING: [Synth 8-3331] design slicer_low has unconnected port A[40]
WARNING: [Synth 8-3331] design slicer_low has unconnected port A[39]
WARNING: [Synth 8-3331] design slicer_low has unconnected port A[38]
WARNING: [Synth 8-3331] design slicer_low has unconnected port A[37]
WARNING: [Synth 8-3331] design slicer_low has unconnected port A[36]
WARNING: [Synth 8-3331] design slicer_low has unconnected port A[35]
WARNING: [Synth 8-3331] design slicer_low has unconnected port A[34]
WARNING: [Synth 8-3331] design slicer_low has unconnected port A[33]
WARNING: [Synth 8-3331] design slicer_low has unconnected port A[32]
---------------------------------------------------------------------------------
Finished RTL Elaboration : Time (s): cpu = 00:00:07 ; elapsed = 00:00:10 . Memory (MB): peak = 524.258 ; gain = 159.914
---------------------------------------------------------------------------------

Report Check Netlist: 
+------+------------------+-------+---------+-------+------------------+
|      |Item              |Errors |Warnings |Status |Description       |
+------+------------------+-------+---------+-------+------------------+
|1     |multi_driven_nets |      0|        0|Passed |Multi driven nets |
+------+------------------+-------+---------+-------+------------------+
---------------------------------------------------------------------------------
Start Handling Custom Attributes
---------------------------------------------------------------------------------
---------------------------------------------------------------------------------
Finished Handling Custom Attributes : Time (s): cpu = 00:00:08 ; elapsed = 00:00:10 . Memory (MB): peak = 524.258 ; gain = 159.914
---------------------------------------------------------------------------------
---------------------------------------------------------------------------------
Finished RTL Optimization Phase 1 : Time (s): cpu = 00:00:08 ; elapsed = 00:00:10 . Memory (MB): peak = 524.258 ; gain = 159.914
---------------------------------------------------------------------------------
INFO: [Device 21-403] Loading part xc7z020clg400-1
INFO: [Project 1-570] Preparing netlist for logic optimization

Processing XDC Constraints
Initializing timing engine
Completed Processing XDC Constraints

Netlist sorting complete. Time (s): cpu = 00:00:00 ; elapsed = 00:00:00 . Memory (MB): peak = 782.773 ; gain = 0.000
INFO: [Project 1-111] Unisim Transformation Summary:
No Unisim elements were transformed.

Netlist sorting complete. Time (s): cpu = 00:00:00 ; elapsed = 00:00:00 . Memory (MB): peak = 782.773 ; gain = 0.000
WARNING: [Constraints 18-5210] No constraints selected for write.
Resolution: This message can indicate that there are no constraints for the design, or it can indicate that the used_in flags are set such that the constraints are ignored. This later case is used when running synth_design to not write synthesis constraints to the resulting checkpoint. Instead, project constraints are read when the synthesized design is opened.
Constraint Validation Runtime : Time (s): cpu = 00:00:00 ; elapsed = 00:00:00.940 . Memory (MB): peak = 784.434 ; gain = 1.660
---------------------------------------------------------------------------------
Finished Constraint Validation : Time (s): cpu = 00:00:24 ; elapsed = 00:00:52 . Memory (MB): peak = 784.434 ; gain = 420.090
---------------------------------------------------------------------------------
---------------------------------------------------------------------------------
Start Loading Part and Timing Information
---------------------------------------------------------------------------------
Loading part: xc7z020clg400-1
---------------------------------------------------------------------------------
Finished Loading Part and Timing Information : Time (s): cpu = 00:00:24 ; elapsed = 00:00:52 . Memory (MB): peak = 784.434 ; gain = 420.090
---------------------------------------------------------------------------------
---------------------------------------------------------------------------------
Start Applying 'set_property' XDC Constraints
---------------------------------------------------------------------------------
---------------------------------------------------------------------------------
Finished applying 'set_property' XDC Constraints : Time (s): cpu = 00:00:24 ; elapsed = 00:00:52 . Memory (MB): peak = 784.434 ; gain = 420.090
---------------------------------------------------------------------------------
---------------------------------------------------------------------------------
Finished RTL Optimization Phase 2 : Time (s): cpu = 00:00:24 ; elapsed = 00:00:52 . Memory (MB): peak = 784.434 ; gain = 420.090
---------------------------------------------------------------------------------

Report RTL Partitions: 
+-+--------------+------------+----------+
| |RTL Partition |Replication |Instances |
+-+--------------+------------+----------+
+-+--------------+------------+----------+
---------------------------------------------------------------------------------
Start RTL Component Statistics 
---------------------------------------------------------------------------------
Detailed RTL Component Info : 
---------------------------------------------------------------------------------
Finished RTL Component Statistics 
---------------------------------------------------------------------------------
---------------------------------------------------------------------------------
Start RTL Hierarchical Component Statistics 
---------------------------------------------------------------------------------
Hierarchical RTL Component report 
---------------------------------------------------------------------------------
Finished RTL Hierarchical Component Statistics
---------------------------------------------------------------------------------
---------------------------------------------------------------------------------
Start Part Resource Summary
---------------------------------------------------------------------------------
Part Resources:
DSPs: 220 (col length:60)
BRAMs: 280 (col length: RAMB18 60 RAMB36 30)
---------------------------------------------------------------------------------
Finished Part Resource Summary
---------------------------------------------------------------------------------
---------------------------------------------------------------------------------
Start Cross Boundary and Area Optimization
---------------------------------------------------------------------------------
Warning: Parallel synthesis criteria is not met 
WARNING: [Synth 8-3330] design lab_3_slicer_low_0_0 has an empty top module
WARNING: [Synth 8-3331] design lab_3_slicer_low_0_0 has unconnected port A[63]
WARNING: [Synth 8-3331] design lab_3_slicer_low_0_0 has unconnected port A[62]
WARNING: [Synth 8-3331] design lab_3_slicer_low_0_0 has unconnected port A[61]
WARNING: [Synth 8-3331] design lab_3_slicer_low_0_0 has unconnected port A[60]
WARNING: [Synth 8-3331] design lab_3_slicer_low_0_0 has unconnected port A[59]
WARNING: [Synth 8-3331] design lab_3_slicer_low_0_0 has unconnected port A[58]
WARNING: [Synth 8-3331] design lab_3_slicer_low_0_0 has unconnected port A[57]
WARNING: [Synth 8-3331] design lab_3_slicer_low_0_0 has unconnected port A[56]
WARNING: [Synth 8-3331] design lab_3_slicer_low_0_0 has unconnected port A[55]
WARNING: [Synth 8-3331] design lab_3_slicer_low_0_0 has unconnected port A[54]
WARNING: [Synth 8-3331] design lab_3_slicer_low_0_0 has unconnected port A[53]
WARNING: [Synth 8-3331] design lab_3_slicer_low_0_0 has unconnected port A[52]
WARNING: [Synth 8-3331] design lab_3_slicer_low_0_0 has unconnected port A[51]
WARNING: [Synth 8-3331] design lab_3_slicer_low_0_0 has unconnected port A[50]
WARNING: [Synth 8-3331] design lab_3_slicer_low_0_0 has unconnected port A[49]
WARNING: [Synth 8-3331] design lab_3_slicer_low_0_0 has unconnected port A[48]
WARNING: [Synth 8-3331] design lab_3_slicer_low_0_0 has unconnected port A[47]
WARNING: [Synth 8-3331] design lab_3_slicer_low_0_0 has unconnected port A[46]
WARNING: [Synth 8-3331] design lab_3_slicer_low_0_0 has unconnected port A[45]
WARNING: [Synth 8-3331] design lab_3_slicer_low_0_0 has unconnected port A[44]
WARNING: [Synth 8-3331] design lab_3_slicer_low_0_0 has unconnected port A[43]
WARNING: [Synth 8-3331] design lab_3_slicer_low_0_0 has unconnected port A[42]
WARNING: [Synth 8-3331] design lab_3_slicer_low_0_0 has unconnected port A[41]
WARNING: [Synth 8-3331] design lab_3_slicer_low_0_0 has unconnected port A[40]
WARNING: [Synth 8-3331] design lab_3_slicer_low_0_0 has unconnected port A[39]
WARNING: [Synth 8-3331] design lab_3_slicer_low_0_0 has unconnected port A[38]
WARNING: [Synth 8-3331] design lab_3_slicer_low_0_0 has unconnected port A[37]
WARNING: [Synth 8-3331] design lab_3_slicer_low_0_0 has unconnected port A[36]
WARNING: [Synth 8-3331] design lab_3_slicer_low_0_0 has unconnected port A[35]
WARNING: [Synth 8-3331] design lab_3_slicer_low_0_0 has unconnected port A[34]
WARNING: [Synth 8-3331] design lab_3_slicer_low_0_0 has unconnected port A[33]
WARNING: [Synth 8-3331] design lab_3_slicer_low_0_0 has unconnected port A[32]
---------------------------------------------------------------------------------
Finished Cross Boundary and Area Optimization : Time (s): cpu = 00:00:25 ; elapsed = 00:00:54 . Memory (MB): peak = 784.434 ; gain = 420.090
---------------------------------------------------------------------------------

Report RTL Partitions: 
+-+--------------+------------+----------+
| |RTL Partition |Replication |Instances |
+-+--------------+------------+----------+
+-+--------------+------------+----------+
---------------------------------------------------------------------------------
Start Applying XDC Timing Constraints
---------------------------------------------------------------------------------
---------------------------------------------------------------------------------
Finished Applying XDC Timing Constraints : Time (s): cpu = 00:00:43 ; elapsed = 00:01:15 . Memory (MB): peak = 850.035 ; gain = 485.691
---------------------------------------------------------------------------------
---------------------------------------------------------------------------------
Start Timing Optimization
---------------------------------------------------------------------------------
---------------------------------------------------------------------------------
Finished Timing Optimization : Time (s): cpu = 00:00:43 ; elapsed = 00:01:15 . Memory (MB): peak = 850.035 ; gain = 485.691
---------------------------------------------------------------------------------

Report RTL Partitions: 
+-+--------------+------------+----------+
| |RTL Partition |Replication |Instances |
+-+--------------+------------+----------+
+-+--------------+------------+----------+
---------------------------------------------------------------------------------
Start Technology Mapping
---------------------------------------------------------------------------------
---------------------------------------------------------------------------------
Finished Technology Mapping : Time (s): cpu = 00:00:43 ; elapsed = 00:01:15 . Memory (MB): peak = 859.559 ; gain = 495.215
---------------------------------------------------------------------------------

Report RTL Partitions: 
+-+--------------+------------+----------+
| |RTL Partition |Replication |Instances |
+-+--------------+------------+----------+
+-+--------------+------------+----------+
---------------------------------------------------------------------------------
Start IO Insertion
---------------------------------------------------------------------------------
---------------------------------------------------------------------------------
Start Flattening Before IO Insertion
---------------------------------------------------------------------------------
---------------------------------------------------------------------------------
Finished Flattening Before IO Insertion
---------------------------------------------------------------------------------
---------------------------------------------------------------------------------
Start Final Netlist Cleanup
---------------------------------------------------------------------------------
---------------------------------------------------------------------------------
Finished Final Netlist Cleanup
---------------------------------------------------------------------------------
---------------------------------------------------------------------------------
Finished IO Insertion : Time (s): cpu = 00:00:45 ; elapsed = 00:01:17 . Memory (MB): peak = 859.559 ; gain = 495.215
---------------------------------------------------------------------------------

Report Check Netlist: 
+------+------------------+-------+---------+-------+------------------+
|      |Item              |Errors |Warnings |Status |Description       |
+------+------------------+-------+---------+-------+------------------+
|1     |multi_driven_nets |      0|        0|Passed |Multi driven nets |
+------+------------------+-------+---------+-------+------------------+
---------------------------------------------------------------------------------
Start Renaming Generated Instances
---------------------------------------------------------------------------------
---------------------------------------------------------------------------------
Finished Renaming Generated Instances : Time (s): cpu = 00:00:45 ; elapsed = 00:01:17 . Memory (MB): peak = 859.559 ; gain = 495.215
---------------------------------------------------------------------------------

Report RTL Partitions: 
+-+--------------+------------+----------+
| |RTL Partition |Replication |Instances |
+-+--------------+------------+----------+
+-+--------------+------------+----------+
---------------------------------------------------------------------------------
Start Rebuilding User Hierarchy
---------------------------------------------------------------------------------
---------------------------------------------------------------------------------
Finished Rebuilding User Hierarchy : Time (s): cpu = 00:00:45 ; elapsed = 00:01:17 . Memory (MB): peak = 859.559 ; gain = 495.215
---------------------------------------------------------------------------------
---------------------------------------------------------------------------------
Start Renaming Generated Ports
---------------------------------------------------------------------------------
---------------------------------------------------------------------------------
Finished Renaming Generated Ports : Time (s): cpu = 00:00:45 ; elapsed = 00:01:17 . Memory (MB): peak = 859.559 ; gain = 495.215
---------------------------------------------------------------------------------
---------------------------------------------------------------------------------
Start Handling Custom Attributes
---------------------------------------------------------------------------------
---------------------------------------------------------------------------------
Finished Handling Custom Attributes : Time (s): cpu = 00:00:45 ; elapsed = 00:01:17 . Memory (MB): peak = 859.559 ; gain = 495.215
---------------------------------------------------------------------------------
---------------------------------------------------------------------------------
Start Renaming Generated Nets
---------------------------------------------------------------------------------
---------------------------------------------------------------------------------
Finished Renaming Generated Nets : Time (s): cpu = 00:00:45 ; elapsed = 00:01:17 . Memory (MB): peak = 859.559 ; gain = 495.215
---------------------------------------------------------------------------------
---------------------------------------------------------------------------------
Start Writing Synthesis Report
---------------------------------------------------------------------------------

Report BlackBoxes: 
+-+--------------+----------+
| |BlackBox name |Instances |
+-+--------------+----------+
+-+--------------+----------+

Report Cell Usage: 
+-+-----+------+
| |Cell |Count |
+-+-----+------+
+-+-----+------+

Report Instance Areas: 
+------+---------+-------+------+
|      |Instance |Module |Cells |
+------+---------+-------+------+
|1     |top      |       |     0|
+------+---------+-------+------+
---------------------------------------------------------------------------------
Finished Writing Synthesis Report : Time (s): cpu = 00:00:45 ; elapsed = 00:01:17 . Memory (MB): peak = 859.559 ; gain = 495.215
---------------------------------------------------------------------------------
Synthesis finished with 0 errors, 0 critical warnings and 33 warnings.
Synthesis Optimization Runtime : Time (s): cpu = 00:00:26 ; elapsed = 00:00:42 . Memory (MB): peak = 859.559 ; gain = 235.039
Synthesis Optimization Complete : Time (s): cpu = 00:00:45 ; elapsed = 00:01:18 . Memory (MB): peak = 859.559 ; gain = 495.215
INFO: [Project 1-571] Translating synthesized netlist
INFO: [Project 1-570] Preparing netlist for logic optimization
INFO: [Opt 31-138] Pushed 0 inverter(s) to 0 load pin(s).
Netlist sorting complete. Time (s): cpu = 00:00:00 ; elapsed = 00:00:00.001 . Memory (MB): peak = 874.906 ; gain = 0.000
INFO: [Project 1-111] Unisim Transformation Summary:
No Unisim elements were transformed.

INFO: [Common 17-83] Releasing license: Synthesis
17 Infos, 69 Warnings, 0 Critical Warnings and 0 Errors encountered.
synth_design completed successfully
synth_design: Time (s): cpu = 00:00:48 ; elapsed = 00:01:24 . Memory (MB): peak = 875.070 ; gain = 523.652
Netlist sorting complete. Time (s): cpu = 00:00:00 ; elapsed = 00:00:00 . Memory (MB): peak = 875.070 ; gain = 0.000
WARNING: [Constraints 18-5210] No constraints selected for write.
Resolution: This message can indicate that there are no constraints for the design, or it can indicate that the used_in flags are set such that the constraints are ignored. This later case is used when running synth_design to not write synthesis constraints to the resulting checkpoint. Instead, project constraints are read when the synthesized design is opened.
INFO: [Common 17-1381] The checkpoint 'C:/ece1195/labs/lab3/Lab_3/Lab_3.runs/lab_3_slicer_low_0_0_synth_1/lab_3_slicer_low_0_0.dcp' has been generated.
Netlist sorting complete. Time (s): cpu = 00:00:00 ; elapsed = 00:00:00 . Memory (MB): peak = 875.352 ; gain = 0.000
WARNING: [Constraints 18-5210] No constraints selected for write.
Resolution: This message can indicate that there are no constraints for the design, or it can indicate that the used_in flags are set such that the constraints are ignored. This later case is used when running synth_design to not write synthesis constraints to the resulting checkpoint. Instead, project constraints are read when the synthesized design is opened.
INFO: [Common 17-1381] The checkpoint 'C:/ece1195/labs/lab3/Lab_3/Lab_3.runs/lab_3_slicer_low_0_0_synth_1/lab_3_slicer_low_0_0.dcp' has been generated.
INFO: [runtcl-4] Executing : report_utilization -file lab_3_slicer_low_0_0_utilization_synth.rpt -pb lab_3_slicer_low_0_0_utilization_synth.pb
INFO: [Common 17-206] Exiting Vivado at Mon Mar  8 11:05:58 2021...
