
*** Running vivado
    with args -log lab_3_2_slicer_low_0_0.vds -m64 -product Vivado -mode batch -messageDb vivado.pb -notrace -source lab_3_2_slicer_low_0_0.tcl


****** Vivado v2018.3 (64-bit)
  **** SW Build 2405991 on Thu Dec  6 23:38:27 MST 2018
  **** IP Build 2404404 on Fri Dec  7 01:43:56 MST 2018
    ** Copyright 1986-2018 Xilinx, Inc. All Rights Reserved.

source lab_3_2_slicer_low_0_0.tcl -notrace
INFO: [IP_Flow 19-234] Refreshing IP repositories
INFO: [IP_Flow 19-1700] Loaded user IP repository 'c:/ece1195/labs/lab1/Lab_1_repo/ip_repo'.
INFO: [IP_Flow 19-2313] Loaded Vivado IP repository 'C:/Xilinx/Vivado/2018.3/data/ip'.
update_ip_catalog: Time (s): cpu = 00:00:05 ; elapsed = 00:00:07 . Memory (MB): peak = 350.465 ; gain = 29.887
Command: synth_design -top lab_3_2_slicer_low_0_0 -part xc7z020clg400-1 -mode out_of_context
Starting synth_design
Attempting to get a license for feature 'Synthesis' and/or device 'xc7z020'
INFO: [Common 17-349] Got license for feature 'Synthesis' and/or device 'xc7z020'
INFO: Launching helper process for spawning children vivado processes
INFO: Helper process launched with PID 18824 
---------------------------------------------------------------------------------
Starting RTL Elaboration : Time (s): cpu = 00:00:05 ; elapsed = 00:00:08 . Memory (MB): peak = 468.188 ; gain = 104.684
---------------------------------------------------------------------------------
INFO: [Synth 8-638] synthesizing module 'lab_3_2_slicer_low_0_0' [c:/ece1195/labs/lab3_2/lab3_2.srcs/sources_1/bd/lab_3_2/ip/lab_3_2_slicer_low_0_0/synth/lab_3_2_slicer_low_0_0.vhd:63]
INFO: [Synth 8-3491] module 'slicer_low' declared at 'C:/ece1195/labs/lab3_2/slicer_low.vhd:4' bound to instance 'U0' of component 'slicer_low' [c:/ece1195/labs/lab3_2/lab3_2.srcs/sources_1/bd/lab_3_2/ip/lab_3_2_slicer_low_0_0/synth/lab_3_2_slicer_low_0_0.vhd:81]
INFO: [Synth 8-638] synthesizing module 'slicer_low' [C:/ece1195/labs/lab3_2/slicer_low.vhd:9]
INFO: [Synth 8-256] done synthesizing module 'slicer_low' (1#1) [C:/ece1195/labs/lab3_2/slicer_low.vhd:9]
INFO: [Synth 8-256] done synthesizing module 'lab_3_2_slicer_low_0_0' (2#1) [c:/ece1195/labs/lab3_2/lab3_2.srcs/sources_1/bd/lab_3_2/ip/lab_3_2_slicer_low_0_0/synth/lab_3_2_slicer_low_0_0.vhd:63]
WARNING: [Synth 8-3331] design slicer_low has unconnected port A[63]
WARNING: [Synth 8-3331] design slicer_low has unconnected port A[62]
WARNING: [Synth 8-3331] design slicer_low has unconnected port A[61]
WARNING: [Synth 8-3331] design slicer_low has unconnected port A[60]
WARNING: [Synth 8-3331] design slicer_low has unconnected port A[59]
WARNING: [Synth 8-3331] design slicer_low has unconnected port A[58]
WARNING: [Synth 8-3331] design slicer_low has unconnected port A[57]
WARNING: [Synth 8-3331] design slicer_low has unconnected port A[56]
WARNING: [Synth 8-3331] design slicer_low has unconnected port A[55]
WARNING: [Synth 8-3331] design slicer_low has unconnected port A[54]
WARNING: [Synth 8-3331] design slicer_low has unconnected port A[53]
WARNING: [Synth 8-3331] design slicer_low has unconnected port A[52]
WARNING: [Synth 8-3331] design slicer_low has unconnected port A[51]
WARNING: [Synth 8-3331] design slicer_low has unconnected port A[50]
WARNING: [Synth 8-3331] design slicer_low has unconnected port A[49]
WARNING: [Synth 8-3331] design slicer_low has unconnected port A[48]
WARNING: [Synth 8-3331] design slicer_low has unconnected port A[47]
WARNING: [Synth 8-3331] design slicer_low has unconnected port A[46]
WARNING: [Synth 8-3331] design slicer_low has unconnected port A[45]
WARNING: [Synth 8-3331] design slicer_low has unconnected port A[44]
WARNING: [Synth 8-3331] design slicer_low has unconnected port A[43]
WARNING: [Synth 8-3331] design slicer_low has unconnected port A[42]
WARNING: [Synth 8-3331] design slicer_low has unconnected port A[41]
WARNING: [Synth 8-3331] design slicer_low has unconnected port A[40]
WARNING: [Synth 8-3331] design slicer_low has unconnected port A[39]
WARNING: [Synth 8-3331] design slicer_low has unconnected port A[38]
WARNING: [Synth 8-3331] design slicer_low has unconnected port A[37]
WARNING: [Synth 8-3331] design slicer_low has unconnected port A[36]
WARNING: [Synth 8-3331] design slicer_low has unconnected port A[35]
WARNING: [Synth 8-3331] design slicer_low has unconnected port A[34]
WARNING: [Synth 8-3331] design slicer_low has unconnected port A[33]
WARNING: [Synth 8-3331] design slicer_low has unconnected port A[32]
---------------------------------------------------------------------------------
Finished RTL Elaboration : Time (s): cpu = 00:00:07 ; elapsed = 00:00:11 . Memory (MB): peak = 524.121 ; gain = 160.617
---------------------------------------------------------------------------------

Report Check Netlist: 
+------+------------------+-------+---------+-------+------------------+
|      |Item              |Errors |Warnings |Status |Description       |
+------+------------------+-------+---------+-------+------------------+
|1     |multi_driven_nets |      0|        0|Passed |Multi driven nets |
+------+------------------+-------+---------+-------+------------------+
---------------------------------------------------------------------------------
Start Handling Custom Attributes
---------------------------------------------------------------------------------
---------------------------------------------------------------------------------
Finished Handling Custom Attributes : Time (s): cpu = 00:00:07 ; elapsed = 00:00:12 . Memory (MB): peak = 524.121 ; gain = 160.617
---------------------------------------------------------------------------------
---------------------------------------------------------------------------------
Finished RTL Optimization Phase 1 : Time (s): cpu = 00:00:07 ; elapsed = 00:00:12 . Memory (MB): peak = 524.121 ; gain = 160.617
---------------------------------------------------------------------------------
INFO: [Device 21-403] Loading part xc7z020clg400-1
INFO: [Project 1-570] Preparing netlist for logic optimization

Processing XDC Constraints
Initializing timing engine
Completed Processing XDC Constraints

Netlist sorting complete. Time (s): cpu = 00:00:00 ; elapsed = 00:00:00 . Memory (MB): peak = 782.668 ; gain = 0.000
INFO: [Project 1-111] Unisim Transformation Summary:
No Unisim elements were transformed.

Netlist sorting complete. Time (s): cpu = 00:00:00 ; elapsed = 00:00:00 . Memory (MB): peak = 782.668 ; gain = 0.000
WARNING: [Constraints 18-5210] No constraints selected for write.
Resolution: This message can indicate that there are no constraints for the design, or it can indicate that the used_in flags are set such that the constraints are ignored. This later case is used when running synth_design to not write synthesis constraints to the resulting checkpoint. Instead, project constraints are read when the synthesized design is opened.
Constraint Validation Runtime : Time (s): cpu = 00:00:00 ; elapsed = 00:00:00.182 . Memory (MB): peak = 784.336 ; gain = 1.668
---------------------------------------------------------------------------------
Finished Constraint Validation : Time (s): cpu = 00:00:23 ; elapsed = 00:00:49 . Memory (MB): peak = 784.336 ; gain = 420.832
---------------------------------------------------------------------------------
---------------------------------------------------------------------------------
Start Loading Part and Timing Information
---------------------------------------------------------------------------------
Loading part: xc7z020clg400-1
---------------------------------------------------------------------------------
Finished Loading Part and Timing Information : Time (s): cpu = 00:00:23 ; elapsed = 00:00:49 . Memory (MB): peak = 784.336 ; gain = 420.832
---------------------------------------------------------------------------------
---------------------------------------------------------------------------------
Start Applying 'set_property' XDC Constraints
---------------------------------------------------------------------------------
---------------------------------------------------------------------------------
Finished applying 'set_property' XDC Constraints : Time (s): cpu = 00:00:23 ; elapsed = 00:00:49 . Memory (MB): peak = 784.336 ; gain = 420.832
---------------------------------------------------------------------------------
---------------------------------------------------------------------------------
Finished RTL Optimization Phase 2 : Time (s): cpu = 00:00:23 ; elapsed = 00:00:50 . Memory (MB): peak = 784.336 ; gain = 420.832
---------------------------------------------------------------------------------

Report RTL Partitions: 
+-+--------------+------------+----------+
| |RTL Partition |Replication |Instances |
+-+--------------+------------+----------+
+-+--------------+------------+----------+
---------------------------------------------------------------------------------
Start RTL Component Statistics 
---------------------------------------------------------------------------------
Detailed RTL Component Info : 
---------------------------------------------------------------------------------
Finished RTL Component Statistics 
---------------------------------------------------------------------------------
---------------------------------------------------------------------------------
Start RTL Hierarchical Component Statistics 
---------------------------------------------------------------------------------
Hierarchical RTL Component report 
---------------------------------------------------------------------------------
Finished RTL Hierarchical Component Statistics
---------------------------------------------------------------------------------
---------------------------------------------------------------------------------
Start Part Resource Summary
---------------------------------------------------------------------------------
Part Resources:
DSPs: 220 (col length:60)
BRAMs: 280 (col length: RAMB18 60 RAMB36 30)
---------------------------------------------------------------------------------
Finished Part Resource Summary
---------------------------------------------------------------------------------
---------------------------------------------------------------------------------
Start Cross Boundary and Area Optimization
---------------------------------------------------------------------------------
Warning: Parallel synthesis criteria is not met 
WARNING: [Synth 8-3330] design lab_3_2_slicer_low_0_0 has an empty top module
WARNING: [Synth 8-3331] design lab_3_2_slicer_low_0_0 has unconnected port A[63]
WARNING: [Synth 8-3331] design lab_3_2_slicer_low_0_0 has unconnected port A[62]
WARNING: [Synth 8-3331] design lab_3_2_slicer_low_0_0 has unconnected port A[61]
WARNING: [Synth 8-3331] design lab_3_2_slicer_low_0_0 has unconnected port A[60]
WARNING: [Synth 8-3331] design lab_3_2_slicer_low_0_0 has unconnected port A[59]
WARNING: [Synth 8-3331] design lab_3_2_slicer_low_0_0 has unconnected port A[58]
WARNING: [Synth 8-3331] design lab_3_2_slicer_low_0_0 has unconnected port A[57]
WARNING: [Synth 8-3331] design lab_3_2_slicer_low_0_0 has unconnected port A[56]
WARNING: [Synth 8-3331] design lab_3_2_slicer_low_0_0 has unconnected port A[55]
WARNING: [Synth 8-3331] design lab_3_2_slicer_low_0_0 has unconnected port A[54]
WARNING: [Synth 8-3331] design lab_3_2_slicer_low_0_0 has unconnected port A[53]
WARNING: [Synth 8-3331] design lab_3_2_slicer_low_0_0 has unconnected port A[52]
WARNING: [Synth 8-3331] design lab_3_2_slicer_low_0_0 has unconnected port A[51]
WARNING: [Synth 8-3331] design lab_3_2_slicer_low_0_0 has unconnected port A[50]
WARNING: [Synth 8-3331] design lab_3_2_slicer_low_0_0 has unconnected port A[49]
WARNING: [Synth 8-3331] design lab_3_2_slicer_low_0_0 has unconnected port A[48]
WARNING: [Synth 8-3331] design lab_3_2_slicer_low_0_0 has unconnected port A[47]
WARNING: [Synth 8-3331] design lab_3_2_slicer_low_0_0 has unconnected port A[46]
WARNING: [Synth 8-3331] design lab_3_2_slicer_low_0_0 has unconnected port A[45]
WARNING: [Synth 8-3331] design lab_3_2_slicer_low_0_0 has unconnected port A[44]
WARNING: [Synth 8-3331] design lab_3_2_slicer_low_0_0 has unconnected port A[43]
WARNING: [Synth 8-3331] design lab_3_2_slicer_low_0_0 has unconnected port A[42]
WARNING: [Synth 8-3331] design lab_3_2_slicer_low_0_0 has unconnected port A[41]
WARNING: [Synth 8-3331] design lab_3_2_slicer_low_0_0 has unconnected port A[40]
WARNING: [Synth 8-3331] design lab_3_2_slicer_low_0_0 has unconnected port A[39]
WARNING: [Synth 8-3331] design lab_3_2_slicer_low_0_0 has unconnected port A[38]
WARNING: [Synth 8-3331] design lab_3_2_slicer_low_0_0 has unconnected port A[37]
WARNING: [Synth 8-3331] design lab_3_2_slicer_low_0_0 has unconnected port A[36]
WARNING: [Synth 8-3331] design lab_3_2_slicer_low_0_0 has unconnected port A[35]
WARNING: [Synth 8-3331] design lab_3_2_slicer_low_0_0 has unconnected port A[34]
WARNING: [Synth 8-3331] design lab_3_2_slicer_low_0_0 has unconnected port A[33]
WARNING: [Synth 8-3331] design lab_3_2_slicer_low_0_0 has unconnected port A[32]
---------------------------------------------------------------------------------
Finished Cross Boundary and Area Optimization : Time (s): cpu = 00:00:25 ; elapsed = 00:00:52 . Memory (MB): peak = 784.336 ; gain = 420.832
---------------------------------------------------------------------------------

Report RTL Partitions: 
+-+--------------+------------+----------+
| |RTL Partition |Replication |Instances |
+-+--------------+------------+----------+
+-+--------------+------------+----------+
---------------------------------------------------------------------------------
Start Applying XDC Timing Constraints
---------------------------------------------------------------------------------
---------------------------------------------------------------------------------
Finished Applying XDC Timing Constraints : Time (s): cpu = 00:00:44 ; elapsed = 00:01:22 . Memory (MB): peak = 852.238 ; gain = 488.734
---------------------------------------------------------------------------------
---------------------------------------------------------------------------------
Start Timing Optimization
---------------------------------------------------------------------------------
---------------------------------------------------------------------------------
Finished Timing Optimization : Time (s): cpu = 00:00:44 ; elapsed = 00:01:22 . Memory (MB): peak = 852.238 ; gain = 488.734
---------------------------------------------------------------------------------

Report RTL Partitions: 
+-+--------------+------------+----------+
| |RTL Partition |Replication |Instances |
+-+--------------+------------+----------+
+-+--------------+------------+----------+
---------------------------------------------------------------------------------
Start Technology Mapping
---------------------------------------------------------------------------------
---------------------------------------------------------------------------------
Finished Technology Mapping : Time (s): cpu = 00:00:44 ; elapsed = 00:01:22 . Memory (MB): peak = 861.766 ; gain = 498.262
---------------------------------------------------------------------------------

Report RTL Partitions: 
+-+--------------+------------+----------+
| |RTL Partition |Replication |Instances |
+-+--------------+------------+----------+
+-+--------------+------------+----------+
---------------------------------------------------------------------------------
Start IO Insertion
---------------------------------------------------------------------------------
---------------------------------------------------------------------------------
Start Flattening Before IO Insertion
---------------------------------------------------------------------------------
---------------------------------------------------------------------------------
Finished Flattening Before IO Insertion
---------------------------------------------------------------------------------
---------------------------------------------------------------------------------
Start Final Netlist Cleanup
---------------------------------------------------------------------------------
---------------------------------------------------------------------------------
Finished Final Netlist Cleanup
---------------------------------------------------------------------------------
---------------------------------------------------------------------------------
Finished IO Insertion : Time (s): cpu = 00:00:46 ; elapsed = 00:01:27 . Memory (MB): peak = 861.766 ; gain = 498.262
---------------------------------------------------------------------------------

Report Check Netlist: 
+------+------------------+-------+---------+-------+------------------+
|      |Item              |Errors |Warnings |Status |Description       |
+------+------------------+-------+---------+-------+------------------+
|1     |multi_driven_nets |      0|        0|Passed |Multi driven nets |
+------+------------------+-------+---------+-------+------------------+
---------------------------------------------------------------------------------
Start Renaming Generated Instances
---------------------------------------------------------------------------------
---------------------------------------------------------------------------------
Finished Renaming Generated Instances : Time (s): cpu = 00:00:46 ; elapsed = 00:01:27 . Memory (MB): peak = 861.766 ; gain = 498.262
---------------------------------------------------------------------------------

Report RTL Partitions: 
+-+--------------+------------+----------+
| |RTL Partition |Replication |Instances |
+-+--------------+------------+----------+
+-+--------------+------------+----------+
---------------------------------------------------------------------------------
Start Rebuilding User Hierarchy
---------------------------------------------------------------------------------
---------------------------------------------------------------------------------
Finished Rebuilding User Hierarchy : Time (s): cpu = 00:00:46 ; elapsed = 00:01:27 . Memory (MB): peak = 861.766 ; gain = 498.262
---------------------------------------------------------------------------------
---------------------------------------------------------------------------------
Start Renaming Generated Ports
---------------------------------------------------------------------------------
---------------------------------------------------------------------------------
Finished Renaming Generated Ports : Time (s): cpu = 00:00:46 ; elapsed = 00:01:27 . Memory (MB): peak = 861.766 ; gain = 498.262
---------------------------------------------------------------------------------
---------------------------------------------------------------------------------
Start Handling Custom Attributes
---------------------------------------------------------------------------------
---------------------------------------------------------------------------------
Finished Handling Custom Attributes : Time (s): cpu = 00:00:46 ; elapsed = 00:01:27 . Memory (MB): peak = 861.766 ; gain = 498.262
---------------------------------------------------------------------------------
---------------------------------------------------------------------------------
Start Renaming Generated Nets
---------------------------------------------------------------------------------
---------------------------------------------------------------------------------
Finished Renaming Generated Nets : Time (s): cpu = 00:00:46 ; elapsed = 00:01:27 . Memory (MB): peak = 861.766 ; gain = 498.262
---------------------------------------------------------------------------------
---------------------------------------------------------------------------------
Start Writing Synthesis Report
---------------------------------------------------------------------------------

Report BlackBoxes: 
+-+--------------+----------+
| |BlackBox name |Instances |
+-+--------------+----------+
+-+--------------+----------+

Report Cell Usage: 
+-+-----+------+
| |Cell |Count |
+-+-----+------+
+-+-----+------+

Report Instance Areas: 
+------+---------+-------+------+
|      |Instance |Module |Cells |
+------+---------+-------+------+
|1     |top      |       |     0|
+------+---------+-------+------+
---------------------------------------------------------------------------------
Finished Writing Synthesis Report : Time (s): cpu = 00:00:46 ; elapsed = 00:01:27 . Memory (MB): peak = 861.766 ; gain = 498.262
---------------------------------------------------------------------------------
Synthesis finished with 0 errors, 0 critical warnings and 33 warnings.
Synthesis Optimization Runtime : Time (s): cpu = 00:00:28 ; elapsed = 00:00:59 . Memory (MB): peak = 861.766 ; gain = 238.047
Synthesis Optimization Complete : Time (s): cpu = 00:00:46 ; elapsed = 00:01:28 . Memory (MB): peak = 861.766 ; gain = 498.262
INFO: [Project 1-571] Translating synthesized netlist
INFO: [Project 1-570] Preparing netlist for logic optimization
INFO: [Opt 31-138] Pushed 0 inverter(s) to 0 load pin(s).
Netlist sorting complete. Time (s): cpu = 00:00:00 ; elapsed = 00:00:00 . Memory (MB): peak = 873.871 ; gain = 0.000
INFO: [Project 1-111] Unisim Transformation Summary:
No Unisim elements were transformed.

INFO: [Common 17-83] Releasing license: Synthesis
17 Infos, 66 Warnings, 0 Critical Warnings and 0 Errors encountered.
synth_design completed successfully
synth_design: Time (s): cpu = 00:00:49 ; elapsed = 00:01:35 . Memory (MB): peak = 874.109 ; gain = 523.605
Netlist sorting complete. Time (s): cpu = 00:00:00 ; elapsed = 00:00:00 . Memory (MB): peak = 874.109 ; gain = 0.000
WARNING: [Constraints 18-5210] No constraints selected for write.
Resolution: This message can indicate that there are no constraints for the design, or it can indicate that the used_in flags are set such that the constraints are ignored. This later case is used when running synth_design to not write synthesis constraints to the resulting checkpoint. Instead, project constraints are read when the synthesized design is opened.
INFO: [Common 17-1381] The checkpoint 'C:/ece1195/labs/lab3_2/lab3_2.runs/lab_3_2_slicer_low_0_0_synth_1/lab_3_2_slicer_low_0_0.dcp' has been generated.
Netlist sorting complete. Time (s): cpu = 00:00:00 ; elapsed = 00:00:00 . Memory (MB): peak = 874.391 ; gain = 0.000
WARNING: [Constraints 18-5210] No constraints selected for write.
Resolution: This message can indicate that there are no constraints for the design, or it can indicate that the used_in flags are set such that the constraints are ignored. This later case is used when running synth_design to not write synthesis constraints to the resulting checkpoint. Instead, project constraints are read when the synthesized design is opened.
INFO: [Common 17-1381] The checkpoint 'C:/ece1195/labs/lab3_2/lab3_2.runs/lab_3_2_slicer_low_0_0_synth_1/lab_3_2_slicer_low_0_0.dcp' has been generated.
INFO: [runtcl-4] Executing : report_utilization -file lab_3_2_slicer_low_0_0_utilization_synth.rpt -pb lab_3_2_slicer_low_0_0_utilization_synth.pb
INFO: [Common 17-206] Exiting Vivado at Mon Mar  8 12:57:18 2021...
