13:07:37 INFO  : Registering command handlers for SDK TCF services
13:07:38 INFO  : Launching XSCT server: xsct.bat -interactive C:\ece1195\labs\lab3_2\lab3_2.sdk\temp_xsdb_launch_script.tcl
13:07:42 INFO  : XSCT server has started successfully.
13:07:43 INFO  : Successfully done setting XSCT server connection channel  
13:07:43 INFO  : Processing command line option -hwspec C:/ece1195/labs/lab3_2/lab3_2.sdk/lab_3_2_wrapper.hdf.
13:07:43 INFO  : Successfully done setting SDK workspace  
13:11:36 INFO  : Connected to target on host '127.0.0.1' and port '3121'.
13:11:37 INFO  : Jtag cable 'Xilinx PYNQ-Z1 003017AEE2DCA' is selected.
13:11:37 INFO  : 'jtag frequency' command is executed.
13:11:37 INFO  : Sourcing of 'C:/ece1195/labs/lab3_2/lab3_2.sdk/lab_3_2_wrapper_hw_platform_0/ps7_init.tcl' is done.
13:11:38 INFO  : 'targets -set -filter {jtag_cable_name =~ "Xilinx PYNQ-Z1 003017AEE2DCA" && level==0} -index 1' command is executed.
13:11:40 INFO  : FPGA configured successfully with bitstream "C:/ece1195/labs/lab3_2/lab3_2.sdk/lab_3_2_wrapper_hw_platform_0/lab_3_2_wrapper.bit"
13:11:40 INFO  : Context for 'APU' is selected.
13:11:40 INFO  : Hardware design information is loaded from 'C:/ece1195/labs/lab3_2/lab3_2.sdk/lab_3_2_wrapper_hw_platform_0/system.hdf'.
13:11:40 INFO  : 'configparams force-mem-access 1' command is executed.
13:11:40 INFO  : Context for 'APU' is selected.
13:11:40 INFO  : 'stop' command is executed.
13:11:41 INFO  : 'ps7_init' command is executed.
13:11:41 INFO  : 'ps7_post_config' command is executed.
13:11:41 INFO  : Context for processor 'ps7_cortexa9_0' is selected.
13:11:41 INFO  : Processor reset is completed for 'ps7_cortexa9_0'.
13:11:41 INFO  : Context for processor 'ps7_cortexa9_0' is selected.
13:11:41 INFO  : The application 'C:/ece1195/labs/lab3_2/lab3_2.sdk/multiplier/Debug/multiplier.elf' is downloaded to processor 'ps7_cortexa9_0'.
13:11:41 INFO  : 'configparams force-mem-access 0' command is executed.
13:11:41 INFO  : ----------------XSDB Script----------------
connect -url tcp:127.0.0.1:3121
source C:/ece1195/labs/lab3_2/lab3_2.sdk/lab_3_2_wrapper_hw_platform_0/ps7_init.tcl
targets -set -filter {jtag_cable_name =~ "Xilinx PYNQ-Z1 003017AEE2DCA" && level==0} -index 1
fpga -file C:/ece1195/labs/lab3_2/lab3_2.sdk/lab_3_2_wrapper_hw_platform_0/lab_3_2_wrapper.bit
targets -set -nocase -filter {name =~"APU*" && jtag_cable_name =~ "Xilinx PYNQ-Z1 003017AEE2DCA"} -index 0
loadhw -hw C:/ece1195/labs/lab3_2/lab3_2.sdk/lab_3_2_wrapper_hw_platform_0/system.hdf -mem-ranges [list {0x40000000 0xbfffffff}]
configparams force-mem-access 1
targets -set -nocase -filter {name =~"APU*" && jtag_cable_name =~ "Xilinx PYNQ-Z1 003017AEE2DCA"} -index 0
stop
ps7_init
ps7_post_config
targets -set -nocase -filter {name =~ "ARM*#0" && jtag_cable_name =~ "Xilinx PYNQ-Z1 003017AEE2DCA"} -index 0
rst -processor
targets -set -nocase -filter {name =~ "ARM*#0" && jtag_cable_name =~ "Xilinx PYNQ-Z1 003017AEE2DCA"} -index 0
dow C:/ece1195/labs/lab3_2/lab3_2.sdk/multiplier/Debug/multiplier.elf
configparams force-mem-access 0
----------------End of Script----------------

13:11:41 INFO  : Memory regions updated for context APU
13:11:41 INFO  : Context for processor 'ps7_cortexa9_0' is selected.
13:11:42 INFO  : 'con' command is executed.
13:11:42 INFO  : ----------------XSDB Script (After Launch)----------------
targets -set -nocase -filter {name =~ "ARM*#0" && jtag_cable_name =~ "Xilinx PYNQ-Z1 003017AEE2DCA"} -index 0
con
----------------End of Script----------------

13:11:42 INFO  : Launch script is exported to file 'C:\ece1195\labs\lab3_2\lab3_2.sdk\.sdk\launch_scripts\xilinx_c-c++_application_(system_debugger)\system_debugger_using_debug_multiplier.elf_on_local.tcl'
13:12:15 INFO  : Disconnected from the channel tcfchan#1.
13:12:16 INFO  : Connected to target on host '127.0.0.1' and port '3121'.
13:12:17 INFO  : Jtag cable 'Xilinx PYNQ-Z1 003017AEE2DCA' is selected.
13:12:17 INFO  : 'jtag frequency' command is executed.
13:12:17 INFO  : Sourcing of 'C:/ece1195/labs/lab3_2/lab3_2.sdk/lab_3_2_wrapper_hw_platform_0/ps7_init.tcl' is done.
13:12:17 INFO  : 'targets -set -filter {jtag_cable_name =~ "Xilinx PYNQ-Z1 003017AEE2DCA" && level==0} -index 1' command is executed.
13:12:19 INFO  : FPGA configured successfully with bitstream "C:/ece1195/labs/lab3_2/lab3_2.sdk/lab_3_2_wrapper_hw_platform_0/lab_3_2_wrapper.bit"
13:12:19 INFO  : Context for 'APU' is selected.
13:12:22 INFO  : Hardware design information is loaded from 'C:/ece1195/labs/lab3_2/lab3_2.sdk/lab_3_2_wrapper_hw_platform_0/system.hdf'.
13:12:22 INFO  : 'configparams force-mem-access 1' command is executed.
13:12:22 INFO  : Context for 'APU' is selected.
13:12:22 INFO  : 'stop' command is executed.
13:12:22 INFO  : 'ps7_init' command is executed.
13:12:22 INFO  : 'ps7_post_config' command is executed.
13:12:22 INFO  : Context for processor 'ps7_cortexa9_0' is selected.
13:12:22 INFO  : Processor reset is completed for 'ps7_cortexa9_0'.
13:12:22 INFO  : Context for processor 'ps7_cortexa9_0' is selected.
13:12:23 INFO  : The application 'C:/ece1195/labs/lab3_2/lab3_2.sdk/multiplier/Debug/multiplier.elf' is downloaded to processor 'ps7_cortexa9_0'.
13:12:23 INFO  : 'configparams force-mem-access 0' command is executed.
13:12:23 INFO  : ----------------XSDB Script----------------
connect -url tcp:127.0.0.1:3121
source C:/ece1195/labs/lab3_2/lab3_2.sdk/lab_3_2_wrapper_hw_platform_0/ps7_init.tcl
targets -set -filter {jtag_cable_name =~ "Xilinx PYNQ-Z1 003017AEE2DCA" && level==0} -index 1
fpga -file C:/ece1195/labs/lab3_2/lab3_2.sdk/lab_3_2_wrapper_hw_platform_0/lab_3_2_wrapper.bit
targets -set -nocase -filter {name =~"APU*" && jtag_cable_name =~ "Xilinx PYNQ-Z1 003017AEE2DCA"} -index 0
loadhw -hw C:/ece1195/labs/lab3_2/lab3_2.sdk/lab_3_2_wrapper_hw_platform_0/system.hdf -mem-ranges [list {0x40000000 0xbfffffff}]
configparams force-mem-access 1
targets -set -nocase -filter {name =~"APU*" && jtag_cable_name =~ "Xilinx PYNQ-Z1 003017AEE2DCA"} -index 0
stop
ps7_init
ps7_post_config
targets -set -nocase -filter {name =~ "ARM*#0" && jtag_cable_name =~ "Xilinx PYNQ-Z1 003017AEE2DCA"} -index 0
rst -processor
targets -set -nocase -filter {name =~ "ARM*#0" && jtag_cable_name =~ "Xilinx PYNQ-Z1 003017AEE2DCA"} -index 0
dow C:/ece1195/labs/lab3_2/lab3_2.sdk/multiplier/Debug/multiplier.elf
configparams force-mem-access 0
----------------End of Script----------------

13:12:23 INFO  : Memory regions updated for context APU
13:12:23 INFO  : Context for processor 'ps7_cortexa9_0' is selected.
13:12:23 INFO  : 'con' command is executed.
13:12:23 INFO  : ----------------XSDB Script (After Launch)----------------
targets -set -nocase -filter {name =~ "ARM*#0" && jtag_cable_name =~ "Xilinx PYNQ-Z1 003017AEE2DCA"} -index 0
con
----------------End of Script----------------

13:12:23 INFO  : Launch script is exported to file 'C:\ece1195\labs\lab3_2\lab3_2.sdk\.sdk\launch_scripts\xilinx_c-c++_application_(system_debugger)\system_debugger_using_debug_multiplier.elf_on_local.tcl'
13:13:16 INFO  : Disconnected from the channel tcfchan#2.
13:23:34 INFO  : Registering command handlers for SDK TCF services
13:23:36 INFO  : Launching XSCT server: xsct.bat -interactive C:\ece1195\labs\lab3_2\lab3_2.sdk\temp_xsdb_launch_script.tcl
13:23:43 INFO  : XSCT server has started successfully.
13:23:44 INFO  : Processing command line option -hwspec C:/ece1195/labs/lab3_2/lab3_2.sdk/lab_3_2_wrapper.hdf.
13:23:44 INFO  : Successfully done setting XSCT server connection channel  
13:23:44 INFO  : Successfully done setting SDK workspace  
13:23:44 INFO  : Checking for hwspec changes in the project lab_3_2_wrapper_hw_platform_0.
13:23:50 INFO  : SDK has detected change in the last modified timestamps for source hardware specification file Source:1615227730038,  Project:1615226769357
13:23:50 INFO  : The hardware specification for project 'lab_3_2_wrapper_hw_platform_0' is different from C:/ece1195/labs/lab3_2/lab3_2.sdk/lab_3_2_wrapper.hdf.
13:23:50 INFO  : Copied contents of C:/ece1195/labs/lab3_2/lab3_2.sdk/lab_3_2_wrapper.hdf into \lab_3_2_wrapper_hw_platform_0\system.hdf.
13:23:56 INFO  : Synchronizing projects in the workspace with the hardware platform specification changes.
13:24:02 INFO  : 
13:24:03 INFO  : Updating hardware inferred compiler options for multiplier.
13:24:03 INFO  : Clearing existing target manager status.
13:24:24 INFO  : Connected to target on host '127.0.0.1' and port '3121'.
13:24:25 INFO  : Jtag cable 'Xilinx PYNQ-Z1 003017AEE2DCA' is selected.
13:24:25 INFO  : 'jtag frequency' command is executed.
13:24:25 INFO  : Sourcing of 'C:/ece1195/labs/lab3_2/lab3_2.sdk/lab_3_2_wrapper_hw_platform_0/ps7_init.tcl' is done.
13:24:26 INFO  : 'targets -set -filter {jtag_cable_name =~ "Xilinx PYNQ-Z1 003017AEE2DCA" && level==0} -index 1' command is executed.
13:24:28 INFO  : FPGA configured successfully with bitstream "C:/ece1195/labs/lab3_2/lab3_2.sdk/lab_3_2_wrapper_hw_platform_0/lab_3_2_wrapper.bit"
13:24:29 INFO  : Context for 'APU' is selected.
13:24:29 INFO  : Hardware design information is loaded from 'C:/ece1195/labs/lab3_2/lab3_2.sdk/lab_3_2_wrapper_hw_platform_0/system.hdf'.
13:24:29 INFO  : 'configparams force-mem-access 1' command is executed.
13:24:30 INFO  : Context for 'APU' is selected.
13:24:30 INFO  : 'stop' command is executed.
13:24:31 INFO  : 'ps7_init' command is executed.
13:24:31 INFO  : 'ps7_post_config' command is executed.
13:24:31 INFO  : Context for processor 'ps7_cortexa9_0' is selected.
13:24:31 INFO  : Processor reset is completed for 'ps7_cortexa9_0'.
13:24:32 INFO  : Context for processor 'ps7_cortexa9_0' is selected.
13:24:32 INFO  : The application 'C:/ece1195/labs/lab3_2/lab3_2.sdk/multiplier/Debug/multiplier.elf' is downloaded to processor 'ps7_cortexa9_0'.
13:24:32 INFO  : 'configparams force-mem-access 0' command is executed.
13:24:32 INFO  : ----------------XSDB Script----------------
connect -url tcp:127.0.0.1:3121
source C:/ece1195/labs/lab3_2/lab3_2.sdk/lab_3_2_wrapper_hw_platform_0/ps7_init.tcl
targets -set -filter {jtag_cable_name =~ "Xilinx PYNQ-Z1 003017AEE2DCA" && level==0} -index 1
fpga -file C:/ece1195/labs/lab3_2/lab3_2.sdk/lab_3_2_wrapper_hw_platform_0/lab_3_2_wrapper.bit
targets -set -nocase -filter {name =~"APU*" && jtag_cable_name =~ "Xilinx PYNQ-Z1 003017AEE2DCA"} -index 0
loadhw -hw C:/ece1195/labs/lab3_2/lab3_2.sdk/lab_3_2_wrapper_hw_platform_0/system.hdf -mem-ranges [list {0x40000000 0xbfffffff}]
configparams force-mem-access 1
targets -set -nocase -filter {name =~"APU*" && jtag_cable_name =~ "Xilinx PYNQ-Z1 003017AEE2DCA"} -index 0
stop
ps7_init
ps7_post_config
targets -set -nocase -filter {name =~ "ARM*#0" && jtag_cable_name =~ "Xilinx PYNQ-Z1 003017AEE2DCA"} -index 0
rst -processor
targets -set -nocase -filter {name =~ "ARM*#0" && jtag_cable_name =~ "Xilinx PYNQ-Z1 003017AEE2DCA"} -index 0
dow C:/ece1195/labs/lab3_2/lab3_2.sdk/multiplier/Debug/multiplier.elf
configparams force-mem-access 0
----------------End of Script----------------

13:24:32 INFO  : Memory regions updated for context APU
13:24:32 INFO  : Context for processor 'ps7_cortexa9_0' is selected.
13:24:33 INFO  : 'con' command is executed.
13:24:33 INFO  : ----------------XSDB Script (After Launch)----------------
targets -set -nocase -filter {name =~ "ARM*#0" && jtag_cable_name =~ "Xilinx PYNQ-Z1 003017AEE2DCA"} -index 0
con
----------------End of Script----------------

13:24:33 INFO  : Launch script is exported to file 'C:\ece1195\labs\lab3_2\lab3_2.sdk\.sdk\launch_scripts\xilinx_c-c++_application_(system_debugger)\system_debugger_using_debug_multiplier.elf_on_local.tcl'
13:55:10 INFO  : Disconnected from the channel tcfchan#1.
11:11:54 INFO  : Registering command handlers for SDK TCF services
11:11:59 INFO  : Launching XSCT server: xsct.bat -interactive C:\ece1195\labs\lab3_2\lab3_2.sdk\temp_xsdb_launch_script.tcl
11:12:20 INFO  : XSCT server has started successfully.
11:13:05 INFO  : Successfully done setting XSCT server connection channel  
11:13:05 INFO  : Successfully done setting SDK workspace  
11:13:05 INFO  : Processing command line option -hwspec C:/ece1195/labs/lab3_2/lab3_2.sdk/lab_3_2_wrapper.hdf.
11:13:06 INFO  : Checking for hwspec changes in the project lab_3_2_wrapper_hw_platform_0.
11:13:31 INFO  : SDK has detected change in the last modified timestamps for source hardware specification file Source:1615392589522,  Project:1615227730038
11:13:31 INFO  : The hardware specification for project 'lab_3_2_wrapper_hw_platform_0' is different from C:/ece1195/labs/lab3_2/lab3_2.sdk/lab_3_2_wrapper.hdf.
11:13:32 INFO  : Copied contents of C:/ece1195/labs/lab3_2/lab3_2.sdk/lab_3_2_wrapper.hdf into \lab_3_2_wrapper_hw_platform_0\system.hdf.
11:15:18 INFO  : Synchronizing projects in the workspace with the hardware platform specification changes.
11:15:47 INFO  : 
11:15:47 INFO  : Updating hardware inferred compiler options for multiplier.
11:15:48 INFO  : Clearing existing target manager status.
11:16:23 INFO  : Connected to target on host '127.0.0.1' and port '3121'.
11:16:25 INFO  : Jtag cable 'Xilinx PYNQ-Z1 003017AEE2DCA' is selected.
11:16:25 INFO  : 'jtag frequency' command is executed.
11:16:25 INFO  : Sourcing of 'C:/ece1195/labs/lab3_2/lab3_2.sdk/lab_3_2_wrapper_hw_platform_0/ps7_init.tcl' is done.
11:16:25 INFO  : 'targets -set -filter {jtag_cable_name =~ "Xilinx PYNQ-Z1 003017AEE2DCA" && level==0} -index 1' command is executed.
11:16:28 INFO  : FPGA configured successfully with bitstream "C:/ece1195/labs/lab3_2/lab3_2.sdk/lab_3_2_wrapper_hw_platform_0/lab_3_2_wrapper.bit"
11:16:28 INFO  : Context for 'APU' is selected.
11:16:28 INFO  : Hardware design information is loaded from 'C:/ece1195/labs/lab3_2/lab3_2.sdk/lab_3_2_wrapper_hw_platform_0/system.hdf'.
11:16:28 INFO  : 'configparams force-mem-access 1' command is executed.
11:16:28 INFO  : Context for 'APU' is selected.
11:16:28 INFO  : 'stop' command is executed.
11:16:29 INFO  : 'ps7_init' command is executed.
11:16:29 INFO  : 'ps7_post_config' command is executed.
11:16:29 INFO  : Context for processor 'ps7_cortexa9_0' is selected.
11:16:29 INFO  : Processor reset is completed for 'ps7_cortexa9_0'.
11:16:29 INFO  : Context for processor 'ps7_cortexa9_0' is selected.
11:16:30 INFO  : The application 'C:/ece1195/labs/lab3_2/lab3_2.sdk/multiplier/Debug/multiplier.elf' is downloaded to processor 'ps7_cortexa9_0'.
11:16:30 INFO  : 'configparams force-mem-access 0' command is executed.
11:16:30 INFO  : ----------------XSDB Script----------------
connect -url tcp:127.0.0.1:3121
source C:/ece1195/labs/lab3_2/lab3_2.sdk/lab_3_2_wrapper_hw_platform_0/ps7_init.tcl
targets -set -filter {jtag_cable_name =~ "Xilinx PYNQ-Z1 003017AEE2DCA" && level==0} -index 1
fpga -file C:/ece1195/labs/lab3_2/lab3_2.sdk/lab_3_2_wrapper_hw_platform_0/lab_3_2_wrapper.bit
targets -set -nocase -filter {name =~"APU*" && jtag_cable_name =~ "Xilinx PYNQ-Z1 003017AEE2DCA"} -index 0
loadhw -hw C:/ece1195/labs/lab3_2/lab3_2.sdk/lab_3_2_wrapper_hw_platform_0/system.hdf -mem-ranges [list {0x40000000 0xbfffffff}]
configparams force-mem-access 1
targets -set -nocase -filter {name =~"APU*" && jtag_cable_name =~ "Xilinx PYNQ-Z1 003017AEE2DCA"} -index 0
stop
ps7_init
ps7_post_config
targets -set -nocase -filter {name =~ "ARM*#0" && jtag_cable_name =~ "Xilinx PYNQ-Z1 003017AEE2DCA"} -index 0
rst -processor
targets -set -nocase -filter {name =~ "ARM*#0" && jtag_cable_name =~ "Xilinx PYNQ-Z1 003017AEE2DCA"} -index 0
dow C:/ece1195/labs/lab3_2/lab3_2.sdk/multiplier/Debug/multiplier.elf
configparams force-mem-access 0
----------------End of Script----------------

11:16:30 INFO  : Memory regions updated for context APU
11:16:30 INFO  : Context for processor 'ps7_cortexa9_0' is selected.
11:16:31 INFO  : 'con' command is executed.
11:16:31 INFO  : ----------------XSDB Script (After Launch)----------------
targets -set -nocase -filter {name =~ "ARM*#0" && jtag_cable_name =~ "Xilinx PYNQ-Z1 003017AEE2DCA"} -index 0
con
----------------End of Script----------------

11:16:31 INFO  : Launch script is exported to file 'C:\ece1195\labs\lab3_2\lab3_2.sdk\.sdk\launch_scripts\xilinx_c-c++_application_(system_debugger)\system_debugger_using_debug_multiplier.elf_on_local.tcl'
11:17:26 INFO  : Disconnected from the channel tcfchan#1.
11:17:26 INFO  : Connected to target on host '127.0.0.1' and port '3121'.
11:17:27 INFO  : Jtag cable 'Xilinx PYNQ-Z1 003017AEE2DCA' is selected.
11:17:28 INFO  : 'jtag frequency' command is executed.
11:17:28 INFO  : Sourcing of 'C:/ece1195/labs/lab3_2/lab3_2.sdk/lab_3_2_wrapper_hw_platform_0/ps7_init.tcl' is done.
11:17:28 INFO  : 'targets -set -filter {jtag_cable_name =~ "Xilinx PYNQ-Z1 003017AEE2DCA" && level==0} -index 1' command is executed.
11:17:30 INFO  : FPGA configured successfully with bitstream "C:/ece1195/labs/lab3_2/lab3_2.sdk/lab_3_2_wrapper_hw_platform_0/lab_3_2_wrapper.bit"
11:17:30 INFO  : Context for 'APU' is selected.
11:17:36 INFO  : Hardware design information is loaded from 'C:/ece1195/labs/lab3_2/lab3_2.sdk/lab_3_2_wrapper_hw_platform_0/system.hdf'.
11:17:36 INFO  : 'configparams force-mem-access 1' command is executed.
11:17:36 INFO  : Context for 'APU' is selected.
11:17:36 INFO  : 'stop' command is executed.
11:17:37 INFO  : 'ps7_init' command is executed.
11:17:37 INFO  : 'ps7_post_config' command is executed.
11:17:37 INFO  : Context for processor 'ps7_cortexa9_0' is selected.
11:17:37 INFO  : Processor reset is completed for 'ps7_cortexa9_0'.
11:17:37 INFO  : Context for processor 'ps7_cortexa9_0' is selected.
11:17:38 INFO  : The application 'C:/ece1195/labs/lab3_2/lab3_2.sdk/multiplier/Debug/multiplier.elf' is downloaded to processor 'ps7_cortexa9_0'.
11:17:38 INFO  : 'configparams force-mem-access 0' command is executed.
11:17:38 INFO  : ----------------XSDB Script----------------
connect -url tcp:127.0.0.1:3121
source C:/ece1195/labs/lab3_2/lab3_2.sdk/lab_3_2_wrapper_hw_platform_0/ps7_init.tcl
targets -set -filter {jtag_cable_name =~ "Xilinx PYNQ-Z1 003017AEE2DCA" && level==0} -index 1
fpga -file C:/ece1195/labs/lab3_2/lab3_2.sdk/lab_3_2_wrapper_hw_platform_0/lab_3_2_wrapper.bit
targets -set -nocase -filter {name =~"APU*" && jtag_cable_name =~ "Xilinx PYNQ-Z1 003017AEE2DCA"} -index 0
loadhw -hw C:/ece1195/labs/lab3_2/lab3_2.sdk/lab_3_2_wrapper_hw_platform_0/system.hdf -mem-ranges [list {0x40000000 0xbfffffff}]
configparams force-mem-access 1
targets -set -nocase -filter {name =~"APU*" && jtag_cable_name =~ "Xilinx PYNQ-Z1 003017AEE2DCA"} -index 0
stop
ps7_init
ps7_post_config
targets -set -nocase -filter {name =~ "ARM*#0" && jtag_cable_name =~ "Xilinx PYNQ-Z1 003017AEE2DCA"} -index 0
rst -processor
targets -set -nocase -filter {name =~ "ARM*#0" && jtag_cable_name =~ "Xilinx PYNQ-Z1 003017AEE2DCA"} -index 0
dow C:/ece1195/labs/lab3_2/lab3_2.sdk/multiplier/Debug/multiplier.elf
configparams force-mem-access 0
----------------End of Script----------------

11:17:38 INFO  : Memory regions updated for context APU
11:17:38 INFO  : Context for processor 'ps7_cortexa9_0' is selected.
11:17:38 INFO  : 'con' command is executed.
11:17:38 INFO  : ----------------XSDB Script (After Launch)----------------
targets -set -nocase -filter {name =~ "ARM*#0" && jtag_cable_name =~ "Xilinx PYNQ-Z1 003017AEE2DCA"} -index 0
con
----------------End of Script----------------

11:17:38 INFO  : Launch script is exported to file 'C:\ece1195\labs\lab3_2\lab3_2.sdk\.sdk\launch_scripts\xilinx_c-c++_application_(system_debugger)\system_debugger_using_debug_multiplier.elf_on_local.tcl'
12:12:41 INFO  : SDK has detected change in the last modified timestamps for source hardware specification file Source:1615395830385,  Project:1615392589522
12:12:41 INFO  : Project lab_3_2_wrapper_hw_platform_0's source hardware specification located at C:/ece1195/labs/lab3_2/lab3_2.sdk/lab_3_2_wrapper.hdf is now different from the local copy.
		 The local copy will be replaced with the source specification and your workspace will be updated.
12:13:56 INFO  : Copied contents of C:/ece1195/labs/lab3_2/lab3_2.sdk/lab_3_2_wrapper.hdf into \lab_3_2_wrapper_hw_platform_0\system.hdf.
12:14:03 INFO  : Synchronizing projects in the workspace with the hardware platform specification changes.
12:14:15 INFO  : 
12:14:16 INFO  : Updating hardware inferred compiler options for multiplier.
12:14:16 INFO  : Clearing existing target manager status.
12:18:58 INFO  : Disconnected from the channel tcfchan#2.
12:19:00 INFO  : Connected to target on host '127.0.0.1' and port '3121'.
12:19:09 INFO  : ----------------XSDB Script----------------
connect -url tcp:127.0.0.1:3121
----------------End of Script----------------

12:19:54 INFO  : Connected to target on host '127.0.0.1' and port '3121'.
12:19:55 INFO  : Jtag cable 'Xilinx PYNQ-Z1 003017AEE2DCA' is selected.
12:19:55 INFO  : 'jtag frequency' command is executed.
12:19:55 INFO  : Sourcing of 'C:/ece1195/labs/lab3_2/lab3_2.sdk/lab_3_2_wrapper_hw_platform_0/ps7_init.tcl' is done.
12:19:55 INFO  : 'targets -set -filter {jtag_cable_name =~ "Xilinx PYNQ-Z1 003017AEE2DCA" && level==0} -index 1' command is executed.
12:19:57 INFO  : FPGA configured successfully with bitstream "C:/ece1195/labs/lab3_2/lab3_2.sdk/lab_3_2_wrapper_hw_platform_0/lab_3_2_wrapper.bit"
12:19:57 INFO  : Context for 'APU' is selected.
12:19:57 INFO  : Hardware design information is loaded from 'C:/ece1195/labs/lab3_2/lab3_2.sdk/lab_3_2_wrapper_hw_platform_0/system.hdf'.
12:19:57 INFO  : 'configparams force-mem-access 1' command is executed.
12:19:57 INFO  : Context for 'APU' is selected.
12:19:57 INFO  : 'stop' command is executed.
12:19:58 INFO  : 'ps7_init' command is executed.
12:19:58 INFO  : 'ps7_post_config' command is executed.
12:19:58 INFO  : Context for processor 'ps7_cortexa9_0' is selected.
12:19:58 INFO  : Processor reset is completed for 'ps7_cortexa9_0'.
12:19:58 INFO  : Context for processor 'ps7_cortexa9_0' is selected.
12:19:58 INFO  : The application 'C:/ece1195/labs/lab3_2/lab3_2.sdk/multiplier/Debug/multiplier.elf' is downloaded to processor 'ps7_cortexa9_0'.
12:19:58 INFO  : 'configparams force-mem-access 0' command is executed.
12:19:58 INFO  : ----------------XSDB Script----------------
connect -url tcp:127.0.0.1:3121
source C:/ece1195/labs/lab3_2/lab3_2.sdk/lab_3_2_wrapper_hw_platform_0/ps7_init.tcl
targets -set -filter {jtag_cable_name =~ "Xilinx PYNQ-Z1 003017AEE2DCA" && level==0} -index 1
fpga -file C:/ece1195/labs/lab3_2/lab3_2.sdk/lab_3_2_wrapper_hw_platform_0/lab_3_2_wrapper.bit
targets -set -nocase -filter {name =~"APU*" && jtag_cable_name =~ "Xilinx PYNQ-Z1 003017AEE2DCA"} -index 0
loadhw -hw C:/ece1195/labs/lab3_2/lab3_2.sdk/lab_3_2_wrapper_hw_platform_0/system.hdf -mem-ranges [list {0x40000000 0xbfffffff}]
configparams force-mem-access 1
targets -set -nocase -filter {name =~"APU*" && jtag_cable_name =~ "Xilinx PYNQ-Z1 003017AEE2DCA"} -index 0
stop
ps7_init
ps7_post_config
targets -set -nocase -filter {name =~ "ARM*#0" && jtag_cable_name =~ "Xilinx PYNQ-Z1 003017AEE2DCA"} -index 0
rst -processor
targets -set -nocase -filter {name =~ "ARM*#0" && jtag_cable_name =~ "Xilinx PYNQ-Z1 003017AEE2DCA"} -index 0
dow C:/ece1195/labs/lab3_2/lab3_2.sdk/multiplier/Debug/multiplier.elf
configparams force-mem-access 0
----------------End of Script----------------

12:19:58 INFO  : Memory regions updated for context APU
12:19:59 INFO  : Context for processor 'ps7_cortexa9_0' is selected.
12:19:59 INFO  : 'con' command is executed.
12:19:59 INFO  : ----------------XSDB Script (After Launch)----------------
targets -set -nocase -filter {name =~ "ARM*#0" && jtag_cable_name =~ "Xilinx PYNQ-Z1 003017AEE2DCA"} -index 0
con
----------------End of Script----------------

12:19:59 INFO  : Launch script is exported to file 'C:\ece1195\labs\lab3_2\lab3_2.sdk\.sdk\launch_scripts\xilinx_c-c++_application_(system_debugger)\system_debugger_using_debug_multiplier.elf_on_local.tcl'
12:58:13 INFO  : Disconnected from the channel tcfchan#3.
17:49:05 INFO  : Registering command handlers for SDK TCF services
17:49:08 INFO  : Launching XSCT server: xsct.bat -interactive C:\ece1195\labs\lab3_2\lab3_2.sdk\temp_xsdb_launch_script.tcl
17:49:22 INFO  : XSCT server has started successfully.
17:49:46 INFO  : Successfully done setting XSCT server connection channel  
17:49:46 INFO  : Processing command line option -hwspec C:/ece1195/labs/lab3_2/lab3_2.sdk/lab_3_2_wrapper.hdf.
17:49:46 INFO  : Successfully done setting SDK workspace  
17:49:46 INFO  : Checking for hwspec changes in the project lab_3_2_wrapper_hw_platform_0.
14:15:17 INFO  : Registering command handlers for SDK TCF services
14:15:24 INFO  : Launching XSCT server: xsct.bat -interactive C:\ece1195\labs\lab3_2\lab3_2.sdk\temp_xsdb_launch_script.tcl
14:15:34 INFO  : XSCT server has started successfully.
14:16:35 INFO  : Successfully done setting XSCT server connection channel  
14:16:35 INFO  : Processing command line option -hwspec C:/ece1195/labs/lab3_2/lab3_2.sdk/lab_3_2_wrapper.hdf.
14:17:12 INFO  : Successfully done setting SDK workspace  
14:17:13 INFO  : Checking for hwspec changes in the project lab_3_2_wrapper_hw_platform_0.
14:17:38 INFO  : Connected to target on host '127.0.0.1' and port '3121'.
14:17:40 INFO  : Jtag cable 'Xilinx PYNQ-Z1 003017AEE2DCA' is selected.
14:17:40 INFO  : 'jtag frequency' command is executed.
14:17:40 INFO  : Sourcing of 'C:/ece1195/labs/lab3_2/lab3_2.sdk/lab_3_2_wrapper_hw_platform_0/ps7_init.tcl' is done.
14:17:40 INFO  : 'targets -set -filter {jtag_cable_name =~ "Xilinx PYNQ-Z1 003017AEE2DCA" && level==0} -index 1' command is executed.
14:17:43 INFO  : FPGA configured successfully with bitstream "C:/ece1195/labs/lab3_2/lab3_2.sdk/lab_3_2_wrapper_hw_platform_0/lab_3_2_wrapper.bit"
14:17:44 INFO  : Context for 'APU' is selected.
14:17:44 INFO  : Hardware design information is loaded from 'C:/ece1195/labs/lab3_2/lab3_2.sdk/lab_3_2_wrapper_hw_platform_0/system.hdf'.
14:17:44 INFO  : 'configparams force-mem-access 1' command is executed.
14:17:44 INFO  : Context for 'APU' is selected.
14:17:44 INFO  : 'stop' command is executed.
14:17:44 INFO  : 'ps7_init' command is executed.
14:17:44 INFO  : 'ps7_post_config' command is executed.
14:17:44 INFO  : Context for processor 'ps7_cortexa9_0' is selected.
14:17:44 INFO  : Processor reset is completed for 'ps7_cortexa9_0'.
14:17:45 INFO  : Context for processor 'ps7_cortexa9_0' is selected.
14:17:45 INFO  : The application 'C:/ece1195/labs/lab3_2/lab3_2.sdk/multiplier/Debug/multiplier.elf' is downloaded to processor 'ps7_cortexa9_0'.
14:17:45 INFO  : 'configparams force-mem-access 0' command is executed.
14:17:45 INFO  : ----------------XSDB Script----------------
connect -url tcp:127.0.0.1:3121
source C:/ece1195/labs/lab3_2/lab3_2.sdk/lab_3_2_wrapper_hw_platform_0/ps7_init.tcl
targets -set -filter {jtag_cable_name =~ "Xilinx PYNQ-Z1 003017AEE2DCA" && level==0} -index 1
fpga -file C:/ece1195/labs/lab3_2/lab3_2.sdk/lab_3_2_wrapper_hw_platform_0/lab_3_2_wrapper.bit
targets -set -nocase -filter {name =~"APU*" && jtag_cable_name =~ "Xilinx PYNQ-Z1 003017AEE2DCA"} -index 0
loadhw -hw C:/ece1195/labs/lab3_2/lab3_2.sdk/lab_3_2_wrapper_hw_platform_0/system.hdf -mem-ranges [list {0x40000000 0xbfffffff}]
configparams force-mem-access 1
targets -set -nocase -filter {name =~"APU*" && jtag_cable_name =~ "Xilinx PYNQ-Z1 003017AEE2DCA"} -index 0
stop
ps7_init
ps7_post_config
targets -set -nocase -filter {name =~ "ARM*#0" && jtag_cable_name =~ "Xilinx PYNQ-Z1 003017AEE2DCA"} -index 0
rst -processor
targets -set -nocase -filter {name =~ "ARM*#0" && jtag_cable_name =~ "Xilinx PYNQ-Z1 003017AEE2DCA"} -index 0
dow C:/ece1195/labs/lab3_2/lab3_2.sdk/multiplier/Debug/multiplier.elf
configparams force-mem-access 0
----------------End of Script----------------

14:17:45 INFO  : Memory regions updated for context APU
14:17:45 INFO  : Context for processor 'ps7_cortexa9_0' is selected.
14:17:45 INFO  : 'con' command is executed.
14:17:45 INFO  : ----------------XSDB Script (After Launch)----------------
targets -set -nocase -filter {name =~ "ARM*#0" && jtag_cable_name =~ "Xilinx PYNQ-Z1 003017AEE2DCA"} -index 0
con
----------------End of Script----------------

14:17:45 INFO  : Launch script is exported to file 'C:\ece1195\labs\lab3_2\lab3_2.sdk\.sdk\launch_scripts\xilinx_c-c++_application_(system_debugger)\system_debugger_using_debug_multiplier.elf_on_local.tcl'
14:18:24 INFO  : Disconnected from the channel tcfchan#1.
14:18:25 INFO  : Connected to target on host '127.0.0.1' and port '3121'.
14:18:25 INFO  : Jtag cable 'Xilinx PYNQ-Z1 003017AEE2DCA' is selected.
14:18:25 INFO  : 'jtag frequency' command is executed.
14:18:25 INFO  : Sourcing of 'C:/ece1195/labs/lab3_2/lab3_2.sdk/lab_3_2_wrapper_hw_platform_0/ps7_init.tcl' is done.
14:18:26 INFO  : 'targets -set -filter {jtag_cable_name =~ "Xilinx PYNQ-Z1 003017AEE2DCA" && level==0} -index 1' command is executed.
14:18:28 INFO  : FPGA configured successfully with bitstream "C:/ece1195/labs/lab3_2/lab3_2.sdk/lab_3_2_wrapper_hw_platform_0/lab_3_2_wrapper.bit"
14:18:28 INFO  : Context for 'APU' is selected.
14:18:32 INFO  : Hardware design information is loaded from 'C:/ece1195/labs/lab3_2/lab3_2.sdk/lab_3_2_wrapper_hw_platform_0/system.hdf'.
14:18:32 INFO  : 'configparams force-mem-access 1' command is executed.
14:18:32 INFO  : Context for 'APU' is selected.
14:18:32 INFO  : 'stop' command is executed.
14:18:32 INFO  : 'ps7_init' command is executed.
14:18:32 INFO  : 'ps7_post_config' command is executed.
14:18:32 INFO  : Context for processor 'ps7_cortexa9_0' is selected.
14:18:33 INFO  : Processor reset is completed for 'ps7_cortexa9_0'.
14:18:33 INFO  : Context for processor 'ps7_cortexa9_0' is selected.
14:18:33 INFO  : The application 'C:/ece1195/labs/lab3_2/lab3_2.sdk/multiplier/Debug/multiplier.elf' is downloaded to processor 'ps7_cortexa9_0'.
14:18:33 INFO  : 'configparams force-mem-access 0' command is executed.
14:18:33 INFO  : ----------------XSDB Script----------------
connect -url tcp:127.0.0.1:3121
source C:/ece1195/labs/lab3_2/lab3_2.sdk/lab_3_2_wrapper_hw_platform_0/ps7_init.tcl
targets -set -filter {jtag_cable_name =~ "Xilinx PYNQ-Z1 003017AEE2DCA" && level==0} -index 1
fpga -file C:/ece1195/labs/lab3_2/lab3_2.sdk/lab_3_2_wrapper_hw_platform_0/lab_3_2_wrapper.bit
targets -set -nocase -filter {name =~"APU*" && jtag_cable_name =~ "Xilinx PYNQ-Z1 003017AEE2DCA"} -index 0
loadhw -hw C:/ece1195/labs/lab3_2/lab3_2.sdk/lab_3_2_wrapper_hw_platform_0/system.hdf -mem-ranges [list {0x40000000 0xbfffffff}]
configparams force-mem-access 1
targets -set -nocase -filter {name =~"APU*" && jtag_cable_name =~ "Xilinx PYNQ-Z1 003017AEE2DCA"} -index 0
stop
ps7_init
ps7_post_config
targets -set -nocase -filter {name =~ "ARM*#0" && jtag_cable_name =~ "Xilinx PYNQ-Z1 003017AEE2DCA"} -index 0
rst -processor
targets -set -nocase -filter {name =~ "ARM*#0" && jtag_cable_name =~ "Xilinx PYNQ-Z1 003017AEE2DCA"} -index 0
dow C:/ece1195/labs/lab3_2/lab3_2.sdk/multiplier/Debug/multiplier.elf
configparams force-mem-access 0
----------------End of Script----------------

14:18:33 INFO  : Memory regions updated for context APU
14:18:33 INFO  : Context for processor 'ps7_cortexa9_0' is selected.
14:18:33 INFO  : 'con' command is executed.
14:18:33 INFO  : ----------------XSDB Script (After Launch)----------------
targets -set -nocase -filter {name =~ "ARM*#0" && jtag_cable_name =~ "Xilinx PYNQ-Z1 003017AEE2DCA"} -index 0
con
----------------End of Script----------------

14:18:33 INFO  : Launch script is exported to file 'C:\ece1195\labs\lab3_2\lab3_2.sdk\.sdk\launch_scripts\xilinx_c-c++_application_(system_debugger)\system_debugger_using_debug_multiplier.elf_on_local.tcl'
15:37:34 INFO  : SDK has detected change in the last modified timestamps for source hardware specification file Source:1615749061469,  Project:1615395830385
15:37:34 INFO  : Project lab_3_2_wrapper_hw_platform_0's source hardware specification located at C:/ece1195/labs/lab3_2/lab3_2.sdk/lab_3_2_wrapper.hdf is now different from the local copy.
		 The local copy will be replaced with the source specification and your workspace will be updated.
15:39:07 INFO  : Copied contents of C:/ece1195/labs/lab3_2/lab3_2.sdk/lab_3_2_wrapper.hdf into \lab_3_2_wrapper_hw_platform_0\system.hdf.
15:39:12 INFO  : Synchronizing projects in the workspace with the hardware platform specification changes.
15:39:34 INFO  : 
15:39:35 INFO  : Updating hardware inferred compiler options for multiplier.
15:39:35 INFO  : Clearing existing target manager status.
15:40:04 INFO  : Disconnected from the channel tcfchan#2.
15:40:06 INFO  : Connected to target on host '127.0.0.1' and port '3121'.
15:40:15 INFO  : ----------------XSDB Script----------------
connect -url tcp:127.0.0.1:3121
----------------End of Script----------------

15:40:49 INFO  : Connected to target on host '127.0.0.1' and port '3121'.
15:40:50 INFO  : Jtag cable 'Xilinx PYNQ-Z1 003017AEE2DCA' is selected.
15:40:50 INFO  : 'jtag frequency' command is executed.
15:40:50 INFO  : Sourcing of 'C:/ece1195/labs/lab3_2/lab3_2.sdk/lab_3_2_wrapper_hw_platform_0/ps7_init.tcl' is done.
15:40:50 INFO  : 'targets -set -filter {jtag_cable_name =~ "Xilinx PYNQ-Z1 003017AEE2DCA" && level==0} -index 1' command is executed.
15:40:52 INFO  : FPGA configured successfully with bitstream "C:/ece1195/labs/lab3_2/lab3_2.sdk/lab_3_2_wrapper_hw_platform_0/lab_3_2_wrapper.bit"
15:40:52 INFO  : Context for 'APU' is selected.
15:40:52 INFO  : Hardware design information is loaded from 'C:/ece1195/labs/lab3_2/lab3_2.sdk/lab_3_2_wrapper_hw_platform_0/system.hdf'.
15:40:53 INFO  : 'configparams force-mem-access 1' command is executed.
15:40:53 INFO  : Context for 'APU' is selected.
15:40:53 INFO  : 'stop' command is executed.
15:40:53 INFO  : 'ps7_init' command is executed.
15:40:53 INFO  : 'ps7_post_config' command is executed.
15:40:53 INFO  : Context for processor 'ps7_cortexa9_0' is selected.
15:40:53 INFO  : Processor reset is completed for 'ps7_cortexa9_0'.
15:40:53 INFO  : Context for processor 'ps7_cortexa9_0' is selected.
15:40:54 INFO  : The application 'C:/ece1195/labs/lab3_2/lab3_2.sdk/multiplier/Debug/multiplier.elf' is downloaded to processor 'ps7_cortexa9_0'.
15:40:54 INFO  : 'configparams force-mem-access 0' command is executed.
15:40:54 INFO  : ----------------XSDB Script----------------
connect -url tcp:127.0.0.1:3121
source C:/ece1195/labs/lab3_2/lab3_2.sdk/lab_3_2_wrapper_hw_platform_0/ps7_init.tcl
targets -set -filter {jtag_cable_name =~ "Xilinx PYNQ-Z1 003017AEE2DCA" && level==0} -index 1
fpga -file C:/ece1195/labs/lab3_2/lab3_2.sdk/lab_3_2_wrapper_hw_platform_0/lab_3_2_wrapper.bit
targets -set -nocase -filter {name =~"APU*" && jtag_cable_name =~ "Xilinx PYNQ-Z1 003017AEE2DCA"} -index 0
loadhw -hw C:/ece1195/labs/lab3_2/lab3_2.sdk/lab_3_2_wrapper_hw_platform_0/system.hdf -mem-ranges [list {0x40000000 0xbfffffff}]
configparams force-mem-access 1
targets -set -nocase -filter {name =~"APU*" && jtag_cable_name =~ "Xilinx PYNQ-Z1 003017AEE2DCA"} -index 0
stop
ps7_init
ps7_post_config
targets -set -nocase -filter {name =~ "ARM*#0" && jtag_cable_name =~ "Xilinx PYNQ-Z1 003017AEE2DCA"} -index 0
rst -processor
targets -set -nocase -filter {name =~ "ARM*#0" && jtag_cable_name =~ "Xilinx PYNQ-Z1 003017AEE2DCA"} -index 0
dow C:/ece1195/labs/lab3_2/lab3_2.sdk/multiplier/Debug/multiplier.elf
configparams force-mem-access 0
----------------End of Script----------------

15:40:54 INFO  : Memory regions updated for context APU
15:40:54 INFO  : Context for processor 'ps7_cortexa9_0' is selected.
15:40:54 INFO  : 'con' command is executed.
15:40:54 INFO  : ----------------XSDB Script (After Launch)----------------
targets -set -nocase -filter {name =~ "ARM*#0" && jtag_cable_name =~ "Xilinx PYNQ-Z1 003017AEE2DCA"} -index 0
con
----------------End of Script----------------

15:40:54 INFO  : Launch script is exported to file 'C:\ece1195\labs\lab3_2\lab3_2.sdk\.sdk\launch_scripts\xilinx_c-c++_application_(system_debugger)\system_debugger_using_debug_multiplier.elf_on_local.tcl'
17:42:50 INFO  : Launching XSCT server: xsct.bat -interactive C:\ece1195\labs\lab3_2\lab3_2.sdk\temp_xsdb_launch_script.tcl
19:05:43 INFO  : Registering command handlers for SDK TCF services
19:05:46 INFO  : Launching XSCT server: xsct.bat -interactive C:\ece1195\labs\lab3_2\lab3_2.sdk\temp_xsdb_launch_script.tcl
19:05:53 INFO  : XSCT server has started successfully.
19:06:09 INFO  : Processing command line option -hwspec C:/ece1195/labs/lab3_2/lab3_2.sdk/lab_3_2_wrapper.hdf.
19:06:29 INFO  : Successfully done setting XSCT server connection channel  
19:06:29 INFO  : Successfully done setting SDK workspace  
19:06:31 INFO  : Checking for hwspec changes in the project lab_3_2_wrapper_hw_platform_0.
19:06:31 INFO  : SDK has detected change in the last modified timestamps for source hardware specification file Source:1615762917961,  Project:1615749061469
19:06:31 INFO  : The hardware specification for project 'lab_3_2_wrapper_hw_platform_0' is different from C:/ece1195/labs/lab3_2/lab3_2.sdk/lab_3_2_wrapper.hdf.
19:06:31 INFO  : Copied contents of C:/ece1195/labs/lab3_2/lab3_2.sdk/lab_3_2_wrapper.hdf into \lab_3_2_wrapper_hw_platform_0\system.hdf.
19:06:37 INFO  : Synchronizing projects in the workspace with the hardware platform specification changes.
19:07:12 INFO  : 
19:07:19 INFO  : Updating hardware inferred compiler options for multiplier.
19:07:19 INFO  : Clearing existing target manager status.
19:07:19 INFO  : Closing and re-opening the MSS file of ther project Lab_3_bsp
19:07:20 INFO  : Workspace synchronized with the new hardware specification file. Cleaning dependent projects...
19:07:22 WARN  : Linker script will not be updated automatically. Users need to update it manually.
19:09:18 INFO  : Connected to target on host '127.0.0.1' and port '3121'.
19:09:19 INFO  : Jtag cable 'Xilinx PYNQ-Z1 003017AEE2DCA' is selected.
19:09:19 INFO  : 'jtag frequency' command is executed.
19:09:19 INFO  : Sourcing of 'C:/ece1195/labs/lab3_2/lab3_2.sdk/lab_3_2_wrapper_hw_platform_0/ps7_init.tcl' is done.
19:09:19 INFO  : 'targets -set -filter {jtag_cable_name =~ "Xilinx PYNQ-Z1 003017AEE2DCA" && level==0} -index 1' command is executed.
19:09:22 INFO  : FPGA configured successfully with bitstream "C:/ece1195/labs/lab3_2/lab3_2.sdk/lab_3_2_wrapper_hw_platform_0/lab_3_2_wrapper.bit"
19:09:22 INFO  : Context for 'APU' is selected.
19:09:22 INFO  : Hardware design information is loaded from 'C:/ece1195/labs/lab3_2/lab3_2.sdk/lab_3_2_wrapper_hw_platform_0/system.hdf'.
19:09:22 INFO  : 'configparams force-mem-access 1' command is executed.
19:09:22 INFO  : Context for 'APU' is selected.
19:09:22 INFO  : 'stop' command is executed.
19:09:23 INFO  : 'ps7_init' command is executed.
19:09:23 INFO  : 'ps7_post_config' command is executed.
19:09:23 INFO  : Context for processor 'ps7_cortexa9_0' is selected.
19:09:23 INFO  : Processor reset is completed for 'ps7_cortexa9_0'.
19:09:23 INFO  : Context for processor 'ps7_cortexa9_0' is selected.
19:09:23 INFO  : The application 'C:/ece1195/labs/lab3_2/lab3_2.sdk/multiplier/Debug/multiplier.elf' is downloaded to processor 'ps7_cortexa9_0'.
19:09:23 INFO  : 'configparams force-mem-access 0' command is executed.
19:09:23 INFO  : ----------------XSDB Script----------------
connect -url tcp:127.0.0.1:3121
source C:/ece1195/labs/lab3_2/lab3_2.sdk/lab_3_2_wrapper_hw_platform_0/ps7_init.tcl
targets -set -filter {jtag_cable_name =~ "Xilinx PYNQ-Z1 003017AEE2DCA" && level==0} -index 1
fpga -file C:/ece1195/labs/lab3_2/lab3_2.sdk/lab_3_2_wrapper_hw_platform_0/lab_3_2_wrapper.bit
targets -set -nocase -filter {name =~"APU*" && jtag_cable_name =~ "Xilinx PYNQ-Z1 003017AEE2DCA"} -index 0
loadhw -hw C:/ece1195/labs/lab3_2/lab3_2.sdk/lab_3_2_wrapper_hw_platform_0/system.hdf -mem-ranges [list {0x40000000 0xbfffffff}]
configparams force-mem-access 1
targets -set -nocase -filter {name =~"APU*" && jtag_cable_name =~ "Xilinx PYNQ-Z1 003017AEE2DCA"} -index 0
stop
ps7_init
ps7_post_config
targets -set -nocase -filter {name =~ "ARM*#0" && jtag_cable_name =~ "Xilinx PYNQ-Z1 003017AEE2DCA"} -index 0
rst -processor
targets -set -nocase -filter {name =~ "ARM*#0" && jtag_cable_name =~ "Xilinx PYNQ-Z1 003017AEE2DCA"} -index 0
dow C:/ece1195/labs/lab3_2/lab3_2.sdk/multiplier/Debug/multiplier.elf
configparams force-mem-access 0
----------------End of Script----------------

19:09:23 INFO  : Memory regions updated for context APU
19:09:23 INFO  : Context for processor 'ps7_cortexa9_0' is selected.
19:09:23 INFO  : 'con' command is executed.
19:09:23 INFO  : ----------------XSDB Script (After Launch)----------------
targets -set -nocase -filter {name =~ "ARM*#0" && jtag_cable_name =~ "Xilinx PYNQ-Z1 003017AEE2DCA"} -index 0
con
----------------End of Script----------------

19:09:24 INFO  : Launch script is exported to file 'C:\ece1195\labs\lab3_2\lab3_2.sdk\.sdk\launch_scripts\xilinx_c-c++_application_(system_debugger)\system_debugger_using_debug_multiplier.elf_on_local.tcl'
20:06:17 INFO  : SDK has detected change in the last modified timestamps for source hardware specification file Source:1615764740029,  Project:1615762917961
20:06:17 INFO  : Project lab_3_2_wrapper_hw_platform_0's source hardware specification located at C:/ece1195/labs/lab3_2/lab3_2.sdk/lab_3_2_wrapper.hdf is now different from the local copy.
		 The local copy will be replaced with the source specification and your workspace will be updated.
20:06:37 INFO  : Copied contents of C:/ece1195/labs/lab3_2/lab3_2.sdk/lab_3_2_wrapper.hdf into \lab_3_2_wrapper_hw_platform_0\system.hdf.
20:06:43 INFO  : Synchronizing projects in the workspace with the hardware platform specification changes.
20:06:56 INFO  : 
20:06:57 INFO  : Updating hardware inferred compiler options for multiplier.
20:06:57 INFO  : Clearing existing target manager status.
20:06:57 INFO  : Closing and re-opening the MSS file of ther project Lab_3_bsp
20:06:58 INFO  : Workspace synchronized with the new hardware specification file. Cleaning dependent projects...
20:07:00 WARN  : Linker script will not be updated automatically. Users need to update it manually.
10:10:43 INFO  : Disconnected from the channel tcfchan#1.
10:12:20 INFO  : Launching XSCT server: xsct.bat -interactive C:\ece1195\labs\lab3_2\lab3_2.sdk\temp_xsdb_launch_script.tcl
10:12:28 INFO  : XSCT server has started successfully.
10:12:28 INFO  : Successfully done setting XSCT server connection channel  
10:12:42 INFO  : Successfully done setting SDK workspace  
10:13:00 INFO  : Registering command handlers for SDK TCF services
10:13:00 INFO  : Processing command line option -hwspec C:/ece1195/labs/lab3_2/lab3_2.sdk/lab_3_2_wrapper.hdf.
10:13:01 INFO  : Checking for hwspec changes in the project lab_3_2_wrapper_hw_platform_0.
11:18:29 INFO  : Connected to target on host '127.0.0.1' and port '3121'.
11:18:32 INFO  : Jtag cable 'Xilinx PYNQ-Z1 003017AEE2DCA' is selected.
11:18:32 INFO  : 'jtag frequency' command is executed.
11:18:32 INFO  : Sourcing of 'C:/ece1195/labs/lab3_2/lab3_2.sdk/lab_3_2_wrapper_hw_platform_0/ps7_init.tcl' is done.
11:18:32 INFO  : 'targets -set -filter {jtag_cable_name =~ "Xilinx PYNQ-Z1 003017AEE2DCA" && level==0} -index 1' command is executed.
11:18:34 INFO  : FPGA configured successfully with bitstream "C:/ece1195/labs/lab3_2/lab3_2.sdk/lab_3_2_wrapper_hw_platform_0/lab_3_2_wrapper.bit"
11:18:34 INFO  : Context for 'APU' is selected.
11:18:35 INFO  : Hardware design information is loaded from 'C:/ece1195/labs/lab3_2/lab3_2.sdk/lab_3_2_wrapper_hw_platform_0/system.hdf'.
11:18:35 INFO  : 'configparams force-mem-access 1' command is executed.
11:18:35 INFO  : Context for 'APU' is selected.
11:18:35 INFO  : 'stop' command is executed.
11:18:36 INFO  : 'ps7_init' command is executed.
11:18:36 INFO  : 'ps7_post_config' command is executed.
11:18:36 INFO  : Context for processor 'ps7_cortexa9_0' is selected.
11:18:36 INFO  : Processor reset is completed for 'ps7_cortexa9_0'.
11:18:36 INFO  : Context for processor 'ps7_cortexa9_0' is selected.
11:18:36 INFO  : The application 'C:/ece1195/labs/lab3_2/lab3_2.sdk/multiplier/Debug/multiplier.elf' is downloaded to processor 'ps7_cortexa9_0'.
11:18:36 INFO  : 'configparams force-mem-access 0' command is executed.
11:18:36 INFO  : ----------------XSDB Script----------------
connect -url tcp:127.0.0.1:3121
source C:/ece1195/labs/lab3_2/lab3_2.sdk/lab_3_2_wrapper_hw_platform_0/ps7_init.tcl
targets -set -filter {jtag_cable_name =~ "Xilinx PYNQ-Z1 003017AEE2DCA" && level==0} -index 1
fpga -file C:/ece1195/labs/lab3_2/lab3_2.sdk/lab_3_2_wrapper_hw_platform_0/lab_3_2_wrapper.bit
targets -set -nocase -filter {name =~"APU*" && jtag_cable_name =~ "Xilinx PYNQ-Z1 003017AEE2DCA"} -index 0
loadhw -hw C:/ece1195/labs/lab3_2/lab3_2.sdk/lab_3_2_wrapper_hw_platform_0/system.hdf -mem-ranges [list {0x40000000 0xbfffffff}]
configparams force-mem-access 1
targets -set -nocase -filter {name =~"APU*" && jtag_cable_name =~ "Xilinx PYNQ-Z1 003017AEE2DCA"} -index 0
stop
ps7_init
ps7_post_config
targets -set -nocase -filter {name =~ "ARM*#0" && jtag_cable_name =~ "Xilinx PYNQ-Z1 003017AEE2DCA"} -index 0
rst -processor
targets -set -nocase -filter {name =~ "ARM*#0" && jtag_cable_name =~ "Xilinx PYNQ-Z1 003017AEE2DCA"} -index 0
dow C:/ece1195/labs/lab3_2/lab3_2.sdk/multiplier/Debug/multiplier.elf
configparams force-mem-access 0
----------------End of Script----------------

11:18:36 INFO  : Memory regions updated for context APU
11:18:37 INFO  : Context for processor 'ps7_cortexa9_0' is selected.
11:18:37 INFO  : 'con' command is executed.
11:18:37 INFO  : ----------------XSDB Script (After Launch)----------------
targets -set -nocase -filter {name =~ "ARM*#0" && jtag_cable_name =~ "Xilinx PYNQ-Z1 003017AEE2DCA"} -index 0
con
----------------End of Script----------------

11:18:37 INFO  : Launch script is exported to file 'C:\ece1195\labs\lab3_2\lab3_2.sdk\.sdk\launch_scripts\xilinx_c-c++_application_(system_debugger)\system_debugger_using_debug_multiplier.elf_on_local.tcl'
11:21:53 INFO  : Disconnected from the channel tcfchan#1.
