Vivado Simulator 2018.3
Copyright 1986-1999, 2001-2018 Xilinx, Inc. All Rights Reserved.
Running: C:/Xilinx/Vivado/2018.3/bin/unwrapped/win64.o/xelab.exe -wto 3e434311bb024e4694b8397c88a2ee1a --incr --debug typical --relax --mt 2 -L xil_defaultlib -L secureip --snapshot ALU_behav xil_defaultlib.ALU -log elaborate.log 
Using 2 slave threads.
Starting static elaboration
Completed static elaboration
Starting simulation data flow analysis
Completed simulation data flow analysis
Time Resolution for simulation is 1ps
Compiling package std.standard
Compiling package std.textio
Compiling package ieee.std_logic_1164
Compiling package ieee.numeric_std
Compiling package ieee.std_logic_arith
Compiling package ieee.std_logic_unsigned
Compiling architecture arc of entity xil_defaultlib.logical_unit [logical_unit_default]
Compiling architecture struct of entity xil_defaultlib.arith_unit [arith_unit_default]
Compiling architecture arc of entity xil_defaultlib.comparator_unit [comparator_unit_default]
Compiling architecture arc of entity xil_defaultlib.shift_unit [shift_unit_default]
Compiling architecture arc of entity xil_defaultlib.alu
Built simulation snapshot ALU_behav
