INFO-FLOW: Workspace C:/ece1195/labs/lab5/Lab_5/solution1 opened at Sat Apr 17 18:12:27 -0400 2021
Execute     config_clock -quiet -name default -period 10 -default=false 
INFO: [SYN 201-201] Setting up clock 'default' with a period of 10ns.
Command     config_clock done; 0.137 sec.
Execute     open_platform DefaultPlatform 
Command     open_platform done; 0.188 sec.
Execute     import_lib C:/Xilinx/Vivado/2018.3/common/technology/xilinx/zynq/zynq 
Execute       source C:/Xilinx/Vivado/2018.3/common/technology/xilinx/common/xilinx.lib 
Execute         source C:/Xilinx/Vivado/2018.3/common/technology/xilinx/interface/xilinx_interface.lib 
Execute           source C:/Xilinx/Vivado/2018.3/common/technology/xilinx/interface/plb46.lib 
Execute           source C:/Xilinx/Vivado/2018.3/common/technology/xilinx/interface/fsl.lib 
Execute           source C:/Xilinx/Vivado/2018.3/common/technology/xilinx/interface/axi4.lib 
Execute           source C:/Xilinx/Vivado/2018.3/common/technology/xilinx/interface/maxi.lib 
Execute           source C:/Xilinx/Vivado/2018.3/common/technology/xilinx/interface/saxilite.lib 
Command         ap_source done; 0.125 sec.
Execute         source C:/Xilinx/Vivado/2018.3/common/technology/xilinx/common/dsp48.lib 
Execute         source C:/Xilinx/Vivado/2018.3/common/technology/xilinx/ip/dds_compiler.lib 
Execute         source C:/Xilinx/Vivado/2018.3/common/technology/xilinx/ip/xfft.lib 
Execute         source C:/Xilinx/Vivado/2018.3/common/technology/xilinx/ip/xfir.lib 
Command       ap_source done; 0.36 sec.
Execute       source C:/Xilinx/Vivado/2018.3/common/technology/xilinx/common/xilinx_old.lib 
Execute       source C:/Xilinx/Vivado/2018.3/common/technology/xilinx/common/xilinx_vivado.lib 
Execute       source C:/Xilinx/Vivado/2018.3/common/technology/xilinx/common/xilinx.hlp 
Execute         source C:/Xilinx/Vivado/2018.3/common/technology/xilinx/common/target_info.tcl 
Execute         source C:/Xilinx/Vivado/2018.3/common/technology/xilinx/interface/xilinx_interface.hlp 
Execute           source C:/Xilinx/Vivado/2018.3/common/technology/xilinx/interface/maxi.hlp 
Execute           source C:/Xilinx/Vivado/2018.3/common/technology/xilinx/interface/saxilite.hlp 
Execute         source C:/Xilinx/Vivado/2018.3/common/technology/xilinx/common/dsp48.hlp 
Command       ap_source done; 0.106 sec.
Execute       source C:/Xilinx/Vivado/2018.3/common/technology/xilinx/zynq/dsp48e1.hlp 
Execute       get_default_platform 
Execute       config_chip_info -quiet -resource  {SLICE 13300}  {LUT 53200}     {FF 106400} {DSP48E 220}   {BRAM 280}  
Execute       config_chip_info -quiet -speed medium 
Execute       source C:/Xilinx/Vivado/2018.3/common/technology/xilinx/common/xilinx.hlp 
Execute         source C:/Xilinx/Vivado/2018.3/common/technology/xilinx/common/target_info.tcl 
Execute         source C:/Xilinx/Vivado/2018.3/common/technology/xilinx/interface/xilinx_interface.hlp 
Execute           source C:/Xilinx/Vivado/2018.3/common/technology/xilinx/interface/maxi.hlp 
Execute           source C:/Xilinx/Vivado/2018.3/common/technology/xilinx/interface/saxilite.hlp 
Execute         source C:/Xilinx/Vivado/2018.3/common/technology/xilinx/common/dsp48.hlp 
Command     import_lib done; 0.649 sec.
Execute     source C:/Xilinx/Vivado/2018.3/common/technology/xilinx/zynq/zynq.gen 
Execute       source C:/Xilinx/Vivado/2018.3/common/technology/xilinx/common/virtex.gen 
Execute         source C:/Xilinx/Vivado/2018.3/common/technology/xilinx/common/xilinx.gen 
Execute           source C:/Xilinx/Vivado/2018.3/common/technology/xilinx/interface/plb46.gen 
Execute           source C:/Xilinx/Vivado/2018.3/common/technology/xilinx/interface/fsl.gen 
Execute           source C:/Xilinx/Vivado/2018.3/common/technology/xilinx/interface/axi4.gen 
Command           ap_source done; 0.11 sec.
Execute           source C:/Xilinx/Vivado/2018.3/common/technology/xilinx/interface/nativeAXI4.gen 
Execute             source C:/Xilinx/Vivado/2018.3/common/technology/xilinx/interface/saxilite.gen 
Command             ap_source done; 0.181 sec.
Execute             source C:/Xilinx/Vivado/2018.3/common/technology/xilinx/interface/maxi.gen 
Command           ap_source done; 0.242 sec.
Execute           source C:/Xilinx/Vivado/2018.3/common/technology/xilinx/scripts/xilinxcoregen.gen 
Command           ap_source done; 0.346 sec.
Execute           source C:/Xilinx/Vivado/2018.3/common/technology/xilinx/interface/XilEDKCoreGen.gen 
Execute           source C:/Xilinx/Vivado/2018.3/common/technology/xilinx/ip/dds_compiler.gen 
Execute           source C:/Xilinx/Vivado/2018.3/common/technology/xilinx/ip/util.gen 
Execute           source C:/Xilinx/Vivado/2018.3/common/technology/xilinx/ip/xfft.gen 
Command           ap_source done; 0.217 sec.
Execute           source C:/Xilinx/Vivado/2018.3/common/technology/xilinx/ip/xfir.gen 
Command         ap_source done; 1.163 sec.
Execute         source C:/Xilinx/Vivado/2018.3/common/technology/xilinx/common/dsp48.gen 
Command         ap_source done; 0.197 sec.
Command       ap_source done; 1.578 sec.
Command     ap_source done; 1.579 sec.
Execute     open_platform DefaultPlatform 
Execute     import_lib C:/Xilinx/Vivado/2018.3/common/technology/xilinx/zynq/zynq_fpv6 
Execute       source C:/Xilinx/Vivado/2018.3/common/technology/xilinx/common/xilinx_fpv7.lib 
Execute         source C:/Xilinx/Vivado/2018.3/common/technology/xilinx/common/xilinx_hp.lib 
Command         ap_source done; 0.25 sec.
Command       ap_source done; 0.426 sec.
Execute       source C:/Xilinx/Vivado/2018.3/common/technology/xilinx/common/xilinx_fpv.hlp 
Execute         source C:/Xilinx/Vivado/2018.3/common/technology/xilinx/common/xilinx.hlp 
Execute           source C:/Xilinx/Vivado/2018.3/common/technology/xilinx/common/target_info.tcl 
Execute           source C:/Xilinx/Vivado/2018.3/common/technology/xilinx/interface/xilinx_interface.hlp 
Execute             source C:/Xilinx/Vivado/2018.3/common/technology/xilinx/interface/maxi.hlp 
Execute             source C:/Xilinx/Vivado/2018.3/common/technology/xilinx/interface/saxilite.hlp 
Execute           source C:/Xilinx/Vivado/2018.3/common/technology/xilinx/common/dsp48.hlp 
Execute       source C:/Xilinx/Vivado/2018.3/common/technology/xilinx/zynq/zynq_hp.hlp 
Command       ap_source done; 0.138 sec.
Command     import_lib done; 0.966 sec.
Execute     source C:/Xilinx/Vivado/2018.3/common/technology/xilinx/zynq/zynq_fpv6.gen 
Execute       source C:/Xilinx/Vivado/2018.3/common/technology/xilinx/common/xilinx_fpv6.gen 
Execute     set_part xc7z020clg400-1 
Execute       add_library xilinx/zynq/zynq:xc7z020:clg400:-1 
Execute         get_default_platform 
Execute         license_isbetapart xc7z020 
Command         license_isbetapart done; error code: 1; 
Execute         get_default_platform 
Execute         config_chip_info -quiet -resource  {SLICE 13300}  {LUT 53200}     {FF 106400} {DSP48E 220}   {BRAM 280}  
Execute         config_chip_info -quiet -speed slow 
Execute       add_library xilinx/zynq/zynq_fpv6 
Execute         get_default_platform 
INFO: [HLS 200-10] Setting target device to 'xc7z020clg400-1'
Execute       get_default_platform 
Command     set_part done; 0.173 sec.
Execute     get_default_platform 
Execute     config_chip_info -quiet -resource  {SLICE 13300}  {LUT 53200}     {FF 106400} {DSP48E 220}   {BRAM 280}  
Execute     config_chip_info -quiet -speed slow 
Execute     config_export -display_name=hw_conv 
Command     config_export done; 0.304 sec.
Execute     config_export -format=ip_catalog 
Execute     config_export -rtl=verilog 
Command   open_solution done; 4.944 sec.
Execute   set_part xc7z020clg400-1 -tool vivado 
Execute     add_library xilinx/zynq/zynq:xc7z020:clg400:-1 
Execute       get_default_platform 
Execute       license_isbetapart xc7z020 
Command       license_isbetapart done; error code: 1; 
Execute       get_default_platform 
Execute       config_chip_info -quiet -resource  {SLICE 13300}  {LUT 53200}     {FF 106400} {DSP48E 220}   {BRAM 280}  
Execute       config_chip_info -quiet -speed slow 
Execute     add_library xilinx/zynq/zynq_fpv6 
Execute       get_default_platform 
Execute     get_default_platform 
Execute   create_clock -period 10 -name default 
Execute   config_export -display_name hw_conv -format ip_catalog -rtl verilog 
Execute   csynth_design 
Execute     get_config_compile -effort 
Execute     get_config_compile -enable_clang39 
Execute     get_config_compile -g 
Execute     get_config_compile -lm 
Execute     get_config_compile -ng 
Execute     get_config_compile -opt_fp 
Execute     get_config_compile -skip_cdt 
Execute     get_config_compile -skip_syncheck 
Execute     get_config_compile -skip_transform 
Execute     config_compile -blackbox  
Execute     get_config_compile -keep_printf 
Execute     elaborate -effort=medium -skip_syncheck=0 -keep_printf=0 -lm=0 -skip_cdt=0 -skip_transform=0 -ng=0 -g=0 -opt_fp=0 -from_csynth_design=1 
Execute       get_config_schedule -relax_ii_for_timing 
INFO: [SCHED 204-61] Option 'relax_ii_for_timing' is enabled, will increase II to preserve clock frequency constraints.
Execute       get_config_schedule -suppress_dependence_error_break 
WARNING: [HLS 200-40] Skipped source file 'rock512.pgm'. Source files must have extensions .c, .C, .cc, .cpp, .c++, .cp, or .cxx.
INFO: [HLS 200-10] Analyzing design file 'lab5_template/vhls/convolution.cpp' ... 
INFO-FLOW: Compiling one TU...
Execute       is_m_axi_addr64 
INFO-FLOW: Handling lab5_template/vhls/convolution.cpp as C++
Execute       get_default_platform 
Execute       is_encrypted lab5_template/vhls/convolution.cpp 
Execute       get_default_platform 
INFO-FLOW: Running: GCC PP
INFO-FLOW: Source preprocessing
Execute       clang  -fno-limit-debug-info -gcc-toolchain "C:/Xilinx/Vivado/2018.3/msys" -hls  -fno-exceptions  -D__llvm__  -E "lab5_template/vhls/convolution.cpp"     -fno-math-errno -c -emit-llvm -O0  -mllvm -disable-llvm-optzns -fno-threadsafe-statics  -fno-use-cxa-atexit  -fno-threadsafe-statics -fno-use-cxa-atexit -D__CLANG_3_1__ -D__cdecl= -DAESL_SYN -D__SYNTHESIS__ -D__HLS_SYN__ -I "C:/Xilinx/Vivado/2018.3/common/technology/autopilot" -I "C:/Xilinx/Vivado/2018.3/common/technology/autopilot/ap_sysc" -include etc/autopilot_ssdm_op.h -D__DSP48E1__  -o "C:/ece1195/labs/lab5/Lab_5/solution1/.autopilot/db/convolution.pp.0.cpp" 
INFO-FLOW: exec C:/Xilinx/Vivado/2018.3/win64/tools/clang/bin/clang -fno-limit-debug-info -gcc-toolchain C:/Xilinx/Vivado/2018.3/msys -hls -fno-exceptions -D__llvm__ -E lab5_template/vhls/convolution.cpp -fno-math-errno -c -emit-llvm -O0 -mllvm -disable-llvm-optzns -fno-threadsafe-statics -fno-use-cxa-atexit -fno-threadsafe-statics -fno-use-cxa-atexit -D__CLANG_3_1__ -D__cdecl= -DAESL_SYN -D__SYNTHESIS__ -D__HLS_SYN__ -I C:/Xilinx/Vivado/2018.3/common/technology/autopilot -I C:/Xilinx/Vivado/2018.3/common/technology/autopilot/ap_sysc -include etc/autopilot_ssdm_op.h -D__DSP48E1__ -o C:/ece1195/labs/lab5/Lab_5/solution1/.autopilot/db/convolution.pp.0.cpp
Command       clang done; 12.404 sec.
Execute       tidy_31 xilinx-xfmat-array-geometry C:/ece1195/labs/lab5/Lab_5/solution1/.autopilot/db/convolution.pp.0.cpp std=gnu++98 
INFO-FLOW: exec C:/Xilinx/Vivado/2018.3/win64/tools/clang-3.9-csynth/bin/tidy-3.1 -header-filter=.* -checks=-*,xilinx-xfmat-array-geometry -quiet -fix C:/ece1195/labs/lab5/Lab_5/solution1/.autopilot/db/convolution.pp.0.cpp -- -std=gnu++98 -fhls -ferror-limit=0
Command       tidy_31 done; 8.59 sec.
INFO-FLOW: Syntax Checking before pre-processing...
Execute       clang -syntaxcheck -src C:/ece1195/labs/lab5/Lab_5/solution1/.autopilot/db/convolution.pp.0.cpp  -fno-limit-debug-info -gcc-toolchain "C:/Xilinx/Vivado/2018.3/msys" -hls    -fno-math-errno -c -emit-llvm -O0  -mllvm -disable-llvm-optzns -fno-threadsafe-statics  -fno-use-cxa-atexit  -fno-threadsafe-statics -fno-use-cxa-atexit -D__CLANG_3_1__ -D__cdecl= -DAESL_SYN -D__SYNTHESIS__ -D__HLS_SYN__ -I "C:/Xilinx/Vivado/2018.3/common/technology/autopilot" -I "C:/Xilinx/Vivado/2018.3/common/technology/autopilot/ap_sysc" -include etc/autopilot_ssdm_op.h -D__DSP48E1__  "C:/ece1195/labs/lab5/Lab_5/solution1/.autopilot/db/convolution.pp.0.cpp"  -o "C:/ece1195/labs/lab5/Lab_5/solution1/.autopilot/db/useless.bc"  
INFO-FLOW: exec C:/Xilinx/Vivado/2018.3/win64/tools/clang/bin/clang -fno-limit-debug-info -gcc-toolchain C:/Xilinx/Vivado/2018.3/msys -hls -fno-math-errno -c -emit-llvm -O0 -mllvm -disable-llvm-optzns -fno-threadsafe-statics -fno-use-cxa-atexit -fno-threadsafe-statics -fno-use-cxa-atexit -D__CLANG_3_1__ -D__cdecl= -DAESL_SYN -D__SYNTHESIS__ -D__HLS_SYN__ -I C:/Xilinx/Vivado/2018.3/common/technology/autopilot -I C:/Xilinx/Vivado/2018.3/common/technology/autopilot/ap_sysc -include etc/autopilot_ssdm_op.h -D__DSP48E1__ C:/ece1195/labs/lab5/Lab_5/solution1/.autopilot/db/convolution.pp.0.cpp -o C:/ece1195/labs/lab5/Lab_5/solution1/.autopilot/db/useless.bc
Command       clang done; 3.986 sec.
INFO-FLOW: Done: GCC PP time: 25 seconds per iteration
Execute       list_core -type functional_unit 
Execute       tidy_31 xilinx-systemc-detector C:/ece1195/labs/lab5/Lab_5/solution1/.autopilot/db/convolution.pp.0.cpp std=gnu++98 -directive=C:/ece1195/labs/lab5/Lab_5/solution1/.autopilot/db/.systemc_flag 
INFO-FLOW: exec C:/Xilinx/Vivado/2018.3/win64/tools/clang-3.9-csynth/bin/tidy-3.1 -header-filter=.* -checks=-*,xilinx-systemc-detector -import-directive=C:/ece1195/labs/lab5/Lab_5/solution1/.autopilot/db/.systemc_flag -quiet -fix-errors C:/ece1195/labs/lab5/Lab_5/solution1/.autopilot/db/convolution.pp.0.cpp -- -std=gnu++98 -fhls -ferror-limit=0
Command       tidy_31 done; 0.686 sec.
INFO-FLOW: Running: tidy-3.1 CDT preprocess
Execute       tidy_31 xilinx-directive2pragma C:/ece1195/labs/lab5/Lab_5/solution1/.autopilot/db/convolution.pp.0.cpp std=gnu++98 -directive=C:/ece1195/labs/lab5/Lab_5/solution1/.autopilot/db/all.directive.json 
INFO-FLOW: exec C:/Xilinx/Vivado/2018.3/win64/tools/clang-3.9-csynth/bin/tidy-3.1 -header-filter=.* -checks=-*,xilinx-directive2pragma -import-directive=C:/ece1195/labs/lab5/Lab_5/solution1/.autopilot/db/all.directive.json -quiet -fix-errors C:/ece1195/labs/lab5/Lab_5/solution1/.autopilot/db/convolution.pp.0.cpp -- -std=gnu++98 -fhls -ferror-limit=0
Command       tidy_31 done; 0.507 sec.
Execute       get_config_dataflow -strict_mode 
Execute       ap_eval exec -ignorestderr C:/Xilinx/Vivado/2018.3/win64/tools/clang-3.9-csynth/bin/xilinx-dataflow-lawyer -export-fixes=C:/ece1195/labs/lab5/Lab_5/solution1/.autopilot/db/xilinx-dataflow-lawyer.convolution.pp.0.cpp.diag.yml C:/ece1195/labs/lab5/Lab_5/solution1/.autopilot/db/convolution.pp.0.cpp -- -std=gnu++98 -fhls -ferror-limit=0 -fstrict-dataflow > C:/ece1195/labs/lab5/Lab_5/solution1/.autopilot/db/xilinx-dataflow-lawyer.convolution.pp.0.cpp.out.log 2> C:/ece1195/labs/lab5/Lab_5/solution1/.autopilot/db/xilinx-dataflow-lawyer.convolution.pp.0.cpp.err.log 
Command       ap_eval done; 5.904 sec.
Execute       tidy_31 -errorcheck xilinx-constantarray-param,xilinx-resource-pragma-transformer,xilinx-xfmat-array-geometry C:/ece1195/labs/lab5/Lab_5/solution1/.autopilot/db/convolution.pp.0.cpp std=gnu++98 
Execute         ap_eval exec -ignorestderr C:/Xilinx/Vivado/2018.3/win64/tools/clang-3.9-csynth/bin/tidy-3.1 -export-fixes=C:/ece1195/labs/lab5/Lab_5/solution1/.autopilot/db/tidy-3.1.convolution.pp.0.cpp.diag.yml -header-filter=.* -checks=-*,xilinx-constantarray-param,xilinx-resource-pragma-transformer,xilinx-xfmat-array-geometry -quiet -fix-errors C:/ece1195/labs/lab5/Lab_5/solution1/.autopilot/db/convolution.pp.0.cpp -- -std=gnu++98 -fhls -ferror-limit=0 > C:/ece1195/labs/lab5/Lab_5/solution1/.autopilot/db/tidy-3.1.convolution.pp.0.cpp.out.log 2> C:/ece1195/labs/lab5/Lab_5/solution1/.autopilot/db/tidy-3.1.convolution.pp.0.cpp.err.log 
Command         ap_eval done; 1.293 sec.
Execute         ap_eval exec -ignorestderr C:/Xilinx/Vivado/2018.3/win64/tools/clang-3.9-csynth/bin/xilinx-legacy-rewriter C:/ece1195/labs/lab5/Lab_5/solution1/.autopilot/db/convolution.pp.0.cpp -- -std=gnu++98 -fhls -ferror-limit=0 > C:/ece1195/labs/lab5/Lab_5/solution1/.autopilot/db/xilinx-legacy-rewriter.convolution.pp.0.cpp.out.log 2> C:/ece1195/labs/lab5/Lab_5/solution1/.autopilot/db/xilinx-legacy-rewriter.convolution.pp.0.cpp.err.log 
Command         ap_eval done; 4.394 sec.
Command       tidy_31 done; 5.693 sec.
INFO-FLOW: Done: tidy-3.1 CDT preprocess time: 12.1 seconds per iteration
INFO-FLOW: Pragma Handling...
Execute       tidy_31 xilinx-ssdm-intrinsics-arguments C:/ece1195/labs/lab5/Lab_5/solution1/.autopilot/db/convolution.pragma.1.cpp std=gnu++98 
INFO-FLOW: exec C:/Xilinx/Vivado/2018.3/win64/tools/clang-3.9-csynth/bin/tidy-3.1 -header-filter=.* -checks=-*,xilinx-ssdm-intrinsics-arguments -quiet -fix-errors C:/ece1195/labs/lab5/Lab_5/solution1/.autopilot/db/convolution.pragma.1.cpp -- -std=gnu++98 -fhls -ferror-limit=0
Command       tidy_31 done; 2.218 sec.
Execute       get_default_platform 
INFO-FLOW: Processing labels
Execute       clang -src C:/ece1195/labs/lab5/Lab_5/solution1/.autopilot/db/convolution.pragma.2.cpp  -fno-limit-debug-info -gcc-toolchain C:/Xilinx/Vivado/2018.3/msys -hls -hls-analyze-label -hls-analyze-pragma -fno-exceptions  -D__llvm__  -w  "C:/ece1195/labs/lab5/Lab_5/solution1/.autopilot/db/convolution.pragma.2.cpp"    -fno-math-errno -c -emit-llvm -O0  -mllvm -disable-llvm-optzns -fno-threadsafe-statics  -fno-use-cxa-atexit -DAESL_SYN -D__SYNTHESIS__ -D__HLS_SYN__ -I "C:/Xilinx/Vivado/2018.3/common/technology/autopilot" -I "C:/Xilinx/Vivado/2018.3/common/technology/autopilot/ap_sysc" -include etc/autopilot_ssdm_op.h -D__DSP48E1__ -g -o "C:/ece1195/labs/lab5/Lab_5/solution1/.autopilot/db/convolution.bc" 
INFO-FLOW: exec C:/Xilinx/Vivado/2018.3/win64/tools/clang/bin/clang -fno-limit-debug-info -gcc-toolchain C:/Xilinx/Vivado/2018.3/msys -hls -hls-analyze-label -hls-analyze-pragma -fno-exceptions -D__llvm__ -w C:/ece1195/labs/lab5/Lab_5/solution1/.autopilot/db/convolution.pragma.2.cpp -fno-math-errno -c -emit-llvm -O0 -mllvm -disable-llvm-optzns -fno-threadsafe-statics -fno-use-cxa-atexit -DAESL_SYN -D__SYNTHESIS__ -D__HLS_SYN__ -I C:/Xilinx/Vivado/2018.3/common/technology/autopilot -I C:/Xilinx/Vivado/2018.3/common/technology/autopilot/ap_sysc -include etc/autopilot_ssdm_op.h -D__DSP48E1__ -g -o C:/ece1195/labs/lab5/Lab_5/solution1/.autopilot/db/convolution.bc
Command       clang done; 1.903 sec.
INFO: [HLS 200-10] Analyzing design file 'lab5_template/vhls/image.cpp' ... 
INFO-FLOW: Compiling one TU...
Execute       is_m_axi_addr64 
INFO-FLOW: Handling lab5_template/vhls/image.cpp as C++
Execute       get_default_platform 
Execute       is_encrypted lab5_template/vhls/image.cpp 
Execute       get_default_platform 
INFO-FLOW: Running: GCC PP
INFO-FLOW: Source preprocessing
Execute       clang  -fno-limit-debug-info -gcc-toolchain "C:/Xilinx/Vivado/2018.3/msys" -hls  -fno-exceptions  -D__llvm__  -E "lab5_template/vhls/image.cpp"     -fno-math-errno -c -emit-llvm -O0  -mllvm -disable-llvm-optzns -fno-threadsafe-statics  -fno-use-cxa-atexit  -fno-threadsafe-statics -fno-use-cxa-atexit -D__CLANG_3_1__ -D__cdecl= -DAESL_SYN -D__SYNTHESIS__ -D__HLS_SYN__ -I "C:/Xilinx/Vivado/2018.3/common/technology/autopilot" -I "C:/Xilinx/Vivado/2018.3/common/technology/autopilot/ap_sysc" -include etc/autopilot_ssdm_op.h -D__DSP48E1__  -o "C:/ece1195/labs/lab5/Lab_5/solution1/.autopilot/db/image.pp.0.cpp" 
INFO-FLOW: exec C:/Xilinx/Vivado/2018.3/win64/tools/clang/bin/clang -fno-limit-debug-info -gcc-toolchain C:/Xilinx/Vivado/2018.3/msys -hls -fno-exceptions -D__llvm__ -E lab5_template/vhls/image.cpp -fno-math-errno -c -emit-llvm -O0 -mllvm -disable-llvm-optzns -fno-threadsafe-statics -fno-use-cxa-atexit -fno-threadsafe-statics -fno-use-cxa-atexit -D__CLANG_3_1__ -D__cdecl= -DAESL_SYN -D__SYNTHESIS__ -D__HLS_SYN__ -I C:/Xilinx/Vivado/2018.3/common/technology/autopilot -I C:/Xilinx/Vivado/2018.3/common/technology/autopilot/ap_sysc -include etc/autopilot_ssdm_op.h -D__DSP48E1__ -o C:/ece1195/labs/lab5/Lab_5/solution1/.autopilot/db/image.pp.0.cpp
Command       clang done; 4.52 sec.
Execute       tidy_31 xilinx-xfmat-array-geometry C:/ece1195/labs/lab5/Lab_5/solution1/.autopilot/db/image.pp.0.cpp std=gnu++98 
INFO-FLOW: exec C:/Xilinx/Vivado/2018.3/win64/tools/clang-3.9-csynth/bin/tidy-3.1 -header-filter=.* -checks=-*,xilinx-xfmat-array-geometry -quiet -fix C:/ece1195/labs/lab5/Lab_5/solution1/.autopilot/db/image.pp.0.cpp -- -std=gnu++98 -fhls -ferror-limit=0
Command       tidy_31 done; 0.361 sec.
INFO-FLOW: Syntax Checking before pre-processing...
Execute       clang -syntaxcheck -src C:/ece1195/labs/lab5/Lab_5/solution1/.autopilot/db/image.pp.0.cpp  -fno-limit-debug-info -gcc-toolchain "C:/Xilinx/Vivado/2018.3/msys" -hls    -fno-math-errno -c -emit-llvm -O0  -mllvm -disable-llvm-optzns -fno-threadsafe-statics  -fno-use-cxa-atexit  -fno-threadsafe-statics -fno-use-cxa-atexit -D__CLANG_3_1__ -D__cdecl= -DAESL_SYN -D__SYNTHESIS__ -D__HLS_SYN__ -I "C:/Xilinx/Vivado/2018.3/common/technology/autopilot" -I "C:/Xilinx/Vivado/2018.3/common/technology/autopilot/ap_sysc" -include etc/autopilot_ssdm_op.h -D__DSP48E1__  "C:/ece1195/labs/lab5/Lab_5/solution1/.autopilot/db/image.pp.0.cpp"  -o "C:/ece1195/labs/lab5/Lab_5/solution1/.autopilot/db/useless.bc"  
INFO-FLOW: exec C:/Xilinx/Vivado/2018.3/win64/tools/clang/bin/clang -fno-limit-debug-info -gcc-toolchain C:/Xilinx/Vivado/2018.3/msys -hls -fno-math-errno -c -emit-llvm -O0 -mllvm -disable-llvm-optzns -fno-threadsafe-statics -fno-use-cxa-atexit -fno-threadsafe-statics -fno-use-cxa-atexit -D__CLANG_3_1__ -D__cdecl= -DAESL_SYN -D__SYNTHESIS__ -D__HLS_SYN__ -I C:/Xilinx/Vivado/2018.3/common/technology/autopilot -I C:/Xilinx/Vivado/2018.3/common/technology/autopilot/ap_sysc -include etc/autopilot_ssdm_op.h -D__DSP48E1__ C:/ece1195/labs/lab5/Lab_5/solution1/.autopilot/db/image.pp.0.cpp -o C:/ece1195/labs/lab5/Lab_5/solution1/.autopilot/db/useless.bc
Command       clang done; 1.233 sec.
INFO-FLOW: Done: GCC PP time: 6.1 seconds per iteration
Execute       list_core -type functional_unit 
Execute       tidy_31 xilinx-systemc-detector C:/ece1195/labs/lab5/Lab_5/solution1/.autopilot/db/image.pp.0.cpp std=gnu++98 -directive=C:/ece1195/labs/lab5/Lab_5/solution1/.autopilot/db/.systemc_flag 
INFO-FLOW: exec C:/Xilinx/Vivado/2018.3/win64/tools/clang-3.9-csynth/bin/tidy-3.1 -header-filter=.* -checks=-*,xilinx-systemc-detector -import-directive=C:/ece1195/labs/lab5/Lab_5/solution1/.autopilot/db/.systemc_flag -quiet -fix-errors C:/ece1195/labs/lab5/Lab_5/solution1/.autopilot/db/image.pp.0.cpp -- -std=gnu++98 -fhls -ferror-limit=0
Command       tidy_31 done; 0.124 sec.
INFO-FLOW: Running: tidy-3.1 CDT preprocess
Execute       tidy_31 xilinx-directive2pragma C:/ece1195/labs/lab5/Lab_5/solution1/.autopilot/db/image.pp.0.cpp std=gnu++98 -directive=C:/ece1195/labs/lab5/Lab_5/solution1/.autopilot/db/all.directive.json 
INFO-FLOW: exec C:/Xilinx/Vivado/2018.3/win64/tools/clang-3.9-csynth/bin/tidy-3.1 -header-filter=.* -checks=-*,xilinx-directive2pragma -import-directive=C:/ece1195/labs/lab5/Lab_5/solution1/.autopilot/db/all.directive.json -quiet -fix-errors C:/ece1195/labs/lab5/Lab_5/solution1/.autopilot/db/image.pp.0.cpp -- -std=gnu++98 -fhls -ferror-limit=0
Command       tidy_31 done; 0.117 sec.
Execute       get_config_dataflow -strict_mode 
Execute       ap_eval exec -ignorestderr C:/Xilinx/Vivado/2018.3/win64/tools/clang-3.9-csynth/bin/xilinx-dataflow-lawyer -export-fixes=C:/ece1195/labs/lab5/Lab_5/solution1/.autopilot/db/xilinx-dataflow-lawyer.image.pp.0.cpp.diag.yml C:/ece1195/labs/lab5/Lab_5/solution1/.autopilot/db/image.pp.0.cpp -- -std=gnu++98 -fhls -ferror-limit=0 -fstrict-dataflow > C:/ece1195/labs/lab5/Lab_5/solution1/.autopilot/db/xilinx-dataflow-lawyer.image.pp.0.cpp.out.log 2> C:/ece1195/labs/lab5/Lab_5/solution1/.autopilot/db/xilinx-dataflow-lawyer.image.pp.0.cpp.err.log 
Command       ap_eval done; 0.516 sec.
Execute       tidy_31 -errorcheck xilinx-constantarray-param,xilinx-resource-pragma-transformer,xilinx-xfmat-array-geometry C:/ece1195/labs/lab5/Lab_5/solution1/.autopilot/db/image.pp.0.cpp std=gnu++98 
Execute         ap_eval exec -ignorestderr C:/Xilinx/Vivado/2018.3/win64/tools/clang-3.9-csynth/bin/tidy-3.1 -export-fixes=C:/ece1195/labs/lab5/Lab_5/solution1/.autopilot/db/tidy-3.1.image.pp.0.cpp.diag.yml -header-filter=.* -checks=-*,xilinx-constantarray-param,xilinx-resource-pragma-transformer,xilinx-xfmat-array-geometry -quiet -fix-errors C:/ece1195/labs/lab5/Lab_5/solution1/.autopilot/db/image.pp.0.cpp -- -std=gnu++98 -fhls -ferror-limit=0 > C:/ece1195/labs/lab5/Lab_5/solution1/.autopilot/db/tidy-3.1.image.pp.0.cpp.out.log 2> C:/ece1195/labs/lab5/Lab_5/solution1/.autopilot/db/tidy-3.1.image.pp.0.cpp.err.log 
Command         ap_eval done; 0.208 sec.
Execute         ap_eval exec -ignorestderr C:/Xilinx/Vivado/2018.3/win64/tools/clang-3.9-csynth/bin/xilinx-legacy-rewriter C:/ece1195/labs/lab5/Lab_5/solution1/.autopilot/db/image.pp.0.cpp -- -std=gnu++98 -fhls -ferror-limit=0 > C:/ece1195/labs/lab5/Lab_5/solution1/.autopilot/db/xilinx-legacy-rewriter.image.pp.0.cpp.out.log 2> C:/ece1195/labs/lab5/Lab_5/solution1/.autopilot/db/xilinx-legacy-rewriter.image.pp.0.cpp.err.log 
Command         ap_eval done; 0.419 sec.
Command       tidy_31 done; 0.636 sec.
INFO-FLOW: Done: tidy-3.1 CDT preprocess time: 1.3 seconds per iteration
INFO-FLOW: Pragma Handling...
Execute       tidy_31 xilinx-ssdm-intrinsics-arguments C:/ece1195/labs/lab5/Lab_5/solution1/.autopilot/db/image.pragma.1.cpp std=gnu++98 
INFO-FLOW: exec C:/Xilinx/Vivado/2018.3/win64/tools/clang-3.9-csynth/bin/tidy-3.1 -header-filter=.* -checks=-*,xilinx-ssdm-intrinsics-arguments -quiet -fix-errors C:/ece1195/labs/lab5/Lab_5/solution1/.autopilot/db/image.pragma.1.cpp -- -std=gnu++98 -fhls -ferror-limit=0
Command       tidy_31 done; 0.137 sec.
Execute       get_default_platform 
INFO-FLOW: Processing labels
Execute       clang -src C:/ece1195/labs/lab5/Lab_5/solution1/.autopilot/db/image.pragma.2.cpp  -fno-limit-debug-info -gcc-toolchain C:/Xilinx/Vivado/2018.3/msys -hls -hls-analyze-label -hls-analyze-pragma -fno-exceptions  -D__llvm__  -w  "C:/ece1195/labs/lab5/Lab_5/solution1/.autopilot/db/image.pragma.2.cpp"    -fno-math-errno -c -emit-llvm -O0  -mllvm -disable-llvm-optzns -fno-threadsafe-statics  -fno-use-cxa-atexit -DAESL_SYN -D__SYNTHESIS__ -D__HLS_SYN__ -I "C:/Xilinx/Vivado/2018.3/common/technology/autopilot" -I "C:/Xilinx/Vivado/2018.3/common/technology/autopilot/ap_sysc" -include etc/autopilot_ssdm_op.h -D__DSP48E1__ -g -o "C:/ece1195/labs/lab5/Lab_5/solution1/.autopilot/db/image.bc" 
INFO-FLOW: exec C:/Xilinx/Vivado/2018.3/win64/tools/clang/bin/clang -fno-limit-debug-info -gcc-toolchain C:/Xilinx/Vivado/2018.3/msys -hls -hls-analyze-label -hls-analyze-pragma -fno-exceptions -D__llvm__ -w C:/ece1195/labs/lab5/Lab_5/solution1/.autopilot/db/image.pragma.2.cpp -fno-math-errno -c -emit-llvm -O0 -mllvm -disable-llvm-optzns -fno-threadsafe-statics -fno-use-cxa-atexit -DAESL_SYN -D__SYNTHESIS__ -D__HLS_SYN__ -I C:/Xilinx/Vivado/2018.3/common/technology/autopilot -I C:/Xilinx/Vivado/2018.3/common/technology/autopilot/ap_sysc -include etc/autopilot_ssdm_op.h -D__DSP48E1__ -g -o C:/ece1195/labs/lab5/Lab_5/solution1/.autopilot/db/image.bc
Command       clang done; 1.025 sec.
INFO-FLOW: Linking Debug ...
Execute       llvm-ld C:/ece1195/labs/lab5/Lab_5/solution1/.autopilot/db/convolution.g.bc C:/ece1195/labs/lab5/Lab_5/solution1/.autopilot/db/image.g.bc -hls-opt -except-internalize hw_conv -LC:/Xilinx/Vivado/2018.3/win64/lib -lhlsm -lhlsmc++ -o C:/ece1195/labs/lab5/Lab_5/solution1/.autopilot/db/a.g 
Command       llvm-ld done; 12.273 sec.
INFO: [HLS 200-111] Finished Linking Time (s): cpu = 00:00:01 ; elapsed = 00:01:10 . Memory (MB): peak = 102.770 ; gain = 18.484
INFO: [HLS 200-111] Finished Checking Pragmas Time (s): cpu = 00:00:01 ; elapsed = 00:01:10 . Memory (MB): peak = 102.770 ; gain = 18.484
Execute       get_config_sdx -target 
Execute       opt_and_import_c a -opt_level=2 -skip_syncheck=0 -ng=0 -keep_printf=0 
Execute         cleanup_all_models 
INFO: [HLS 200-10] Starting code transformations ...
Execute         transform -promote-dbg-pointer C:/ece1195/labs/lab5/Lab_5/solution1/.autopilot/db/a.pp.bc -o C:/ece1195/labs/lab5/Lab_5/solution1/.autopilot/db/a.pp.0.bc -f 
Command         transform done; 2.682 sec.
Execute         llvm-ld C:/ece1195/labs/lab5/Lab_5/solution1/.autopilot/db/a.pp.0.bc -disable-opt -LC:/Xilinx/Vivado/2018.3/win64/lib -lfloatconversion -o C:/ece1195/labs/lab5/Lab_5/solution1/.autopilot/db/a.g.0 
Command         llvm-ld done; 1.614 sec.
INFO-FLOW: Running Standard Transforms...
Execute         transform -hls -share-std-xform -demangle-name -inline-byval-memcpy -always-inline -promote-dbg-pointer -interface-preproc -mem2reg -lower-blackbox -scalarrepl -mem2reg -keep-read-access -instcombine -dce -promote-dbg-pointer -bitop-raise -loop-simplify -indvarspre -indvars -loop-simplify -xunroll -constprop -instcombine -simplifycfg -indvars -simplifycfg -dce -globaldce -basicaa -simplifycfg -mem2reg -globalopt -global-constprop -deadargelim -instcombine -simplifycfg -prune-eh -simplifycfg -scalarrepl -instcombine -reassociate -licm -simplifycfg -loop-simplify -indvars -instcombine -simplifycfg -mem2reg -loop-simplify -indvars -instcombine -gvn -gvn -instcombine -adce -break-crit-edges -simplifycfg -loop-delete -global-array-opt -dce -dse -adce -find-syn-modules -top hw_conv -deadargelim -mem2reg -instcombine -dce -presyn-prepare -auto-rom-infer -interface-preproc -syn-check -check-rec-only -find-region -simplifycfg -func-extr -function-inline -globaldce -mem2reg -instcombine -dce -gvn -globaldce -adce -adse -constprop -instcombine -bit-constprop -instcombine -dce -simplifycfg -bitop-raise -simplifycfg -dce -loop-delete -reassociate -globalopt -global-privatize -mem2reg -dce -global-constprop -pointer-simplify -constprop -dce -func-inst -deadargelim -auto-shift-reg-idiom -promote-dbg-pointer -norm-name C:/ece1195/labs/lab5/Lab_5/solution1/.autopilot/db/a.g.0.bc -o C:/ece1195/labs/lab5/Lab_5/solution1/.autopilot/db/a.g.1.bc -f -phase std-opt 
INFO: [XFORM 203-501] Unrolling loop 'Loop-1.1' (lab5_template/vhls/convolution.cpp:126) in function 'hw_conv(hls::stream<ap_axis<8, 1, 1, 1> >&, hls::stream<ap_axis<8, 1, 1, 1> >&)': changing partial unrolling into complete unrolling since the unrolling factor (=2) is no less than the loop trip count (=2).
INFO: [XFORM 203-501] Unrolling loop 'Loop-1.1.1' (lab5_template/vhls/convolution.cpp:130) in function 'hw_conv(hls::stream<ap_axis<8, 1, 1, 1> >&, hls::stream<ap_axis<8, 1, 1, 1> >&)': changing partial unrolling into complete unrolling since the unrolling factor (=2) is no less than the loop trip count (=2).
INFO: [XFORM 203-501] Unrolling loop 'Loop-1.1.2' (lab5_template/vhls/convolution.cpp:139) in function 'hw_conv(hls::stream<ap_axis<8, 1, 1, 1> >&, hls::stream<ap_axis<8, 1, 1, 1> >&)': changing partial unrolling into complete unrolling since the unrolling factor (=509) is no less than the loop trip count (=509).
INFO: [XFORM 203-501] Unrolling loop 'Loop-1.2' (lab5_template/vhls/convolution.cpp:153) in function 'hw_conv(hls::stream<ap_axis<8, 1, 1, 1> >&, hls::stream<ap_axis<8, 1, 1, 1> >&)': changing partial unrolling into complete unrolling since the unrolling factor (=2) is no less than the loop trip count (=2).
INFO: [XFORM 203-501] Unrolling loop 'Loop-1.3' (lab5_template/vhls/convolution.cpp:194) in function 'hw_conv(hls::stream<ap_axis<8, 1, 1, 1> >&, hls::stream<ap_axis<8, 1, 1, 1> >&)': changing partial unrolling into complete unrolling since the unrolling factor (=3) is no less than the loop trip count (=3).
INFO: [XFORM 203-501] Unrolling loop 'Loop-1.3.1' (lab5_template/vhls/convolution.cpp:196) in function 'hw_conv(hls::stream<ap_axis<8, 1, 1, 1> >&, hls::stream<ap_axis<8, 1, 1, 1> >&)': changing partial unrolling into complete unrolling since the unrolling factor (=3) is no less than the loop trip count (=3).
Command         transform done; 7.239 sec.
INFO: [HLS 200-111] Finished Standard Transforms Time (s): cpu = 00:00:01 ; elapsed = 00:01:21 . Memory (MB): peak = 107.406 ; gain = 23.121
INFO: [HLS 200-10] Checking synthesizability ...
INFO-FLOW: Checking Synthesizability 1/2..
Execute         transform -hls -syn-check -check-rec-only -disaggr -scalarrepl -norm-name -dce -mem2reg -instcombine -function-uniquify -directive-preproc -mem2reg -dse -dce -auto-rom-infer -dce -pag -array-normalize -instcombine -dce -warn-fifo-pointer -array-seg-normalize -instcombine -dce -array-flatten -instcombine -dce -array-burst -dce -deadargelim -promote-global-argument -simplifycfg -mem2reg -globaldce -resolve-double-ptr -dce -deadargelim -dce -instcombine -function-inline -globaldce -dce -doublePtrSimplify -doublePtrElim -dce -doublePtrSimplify -promote-dbg-pointer -dce -scalarrepl -dse -adse -instcombine -ptrLegalization -simplifycfg -dce -instcombine -pointer-simplify -ptrArgReplace -dce -instcombine -disaggr -scalarrepl -norm-name -dce -mem2reg -instcombine -ptrLegalization -simplifycfg -deadargelim -instcombine -dce -inst-simplify -function-uniquify -directive-preproc -mem2reg -dse -dce -globaldce -check-dspbuiltin C:/ece1195/labs/lab5/Lab_5/solution1/.autopilot/db/a.g.1.bc -o C:/ece1195/labs/lab5/Lab_5/solution1/.autopilot/db/a.g.2.prechk.bc -f 
Command         transform done; 1.205 sec.
INFO-FLOW: Checking Synthesizability 2/2..
Execute         transform -syn-check C:/ece1195/labs/lab5/Lab_5/solution1/.autopilot/db/a.g.2.prechk.bc -o C:/ece1195/labs/lab5/Lab_5/solution1/.autopilot/db/a.g.2.bc -f -phase syn-check 
INFO: [HLS 200-111] Finished Checking Synthesizability Time (s): cpu = 00:00:01 ; elapsed = 00:01:23 . Memory (MB): peak = 109.305 ; gain = 25.020
INFO-FLOW: Compiler optimizing ...
INFO-FLOW: Share syncheck's 1.bc for syn flow: copy C:/ece1195/labs/lab5/Lab_5/solution1/.autopilot/db/a.g.1.bc to C:/ece1195/labs/lab5/Lab_5/solution1/.autopilot/db/a.o.1.bc
INFO-FLOW: Presyn 1...
Execute         transform -hls -tmp C:/ece1195/labs/lab5/Lab_5/solution1/.autopilot/db -interface-port-rename -type-info -function-uniquify -directive-preproc -mem2reg -dse -dce -disaggr -scalarrepl -norm-name -deadargelim -mem2reg -instcombine -dce -simplifycfg -auto-rom-infer -dce -function-uniquify -resource-proc -simplifycfg -mem2reg -globaldce -resolve-double-ptr -dce -deadargelim -dce -instcombine -clib-intrinsic-prepare -dce -func-buffer -dce -pag -array-normalize -func-legal -instcombine -gvn -constprop -dce -ptrArgReplace -mem2reg -instcombine -dce -array-seg-normalize -deadargelim -instcombine -dce -pointer-simplify -dce -port-alignment -dce -interface-preproc -data-pack -instcombine -dce -basicaa -aggr-aa -aggrmodref-aa -aggr-aa -gvn -gvn -basicaa -aggr-aa -aggrmodref-aa -aggr-aa -dse -adse -adce -loop-simplify -indvars -instcombine -gvn -loop-simplify -mem2reg -dce -find-region -instcombine -auto-loop-pipeline -inst-simplify -interface-preproc -cfgopt -instcombine -indvars -auto-loop-unroll -loop-simplify -loop-bound -xunroll -constprop -instcombine -simplifycfg -indvars -simplifycfg -dce -globaldce -clean-region -attach-range -gvn -inst-simplify -constprop -simplifycfg -dce -pointer-simplify -dce -globalopt -constprop -dce -array-promote -constprop -instcombine -dce -ptrArgReplace -mem2reg -instcombine -simplifycfg -dce -auto-par -instcombine -dce -array-transform-check -array-reshape -instcombine -simplifycfg -dce -ptrArgReplace -deadargelim -mem2reg -instcombine -simplifycfg -dce -indvars -loop-simplify -loop-bound -xunroll -constprop -instcombine -simplifycfg -indvars -simplifycfg -dce -globaldce -basicaa -aggr-aa -aggrmodref-aa -aggr-aa -dse -duplicate-dataflow-processes -globaldce -instcombine -array-partition -instcombine -simplifycfg -dce -ptrArgReplace -global-constprop -deadargelim -mem2reg -func-legal -instcombine -dce -global-constprop -deadargelim -mem2reg -instcombine -simplifycfg -dce -merge-param -deadargelim -globalopt -constprop -dce -array-promote -constprop -instcombine -dce -ptrArgReplace -mem2reg -instcombine -simplifycfg -dce -mem-intrinsic-preproc -dce -global-internalize -global-privatize -mem2reg -globaldce -promote-global-argument -ptrArgReplace -mem2reg -instcombine -dce -globalopt -mergereturn -simplify-global-access -mem2reg -dce -pointer-simplify -dce -functionattrs -basicaa -aggr-aa -aggrmodref-aa -aggr-aa -gvn -gvn -basicaa -aggr-aa -aggrmodref-aa -aggr-aa -dse -adse -adce -inst-simplify -dce -norm-name -function-inline -globaldce -func-inst -constprop -instcombine -simplifycfg -dce -func-legal -dce -loop-bound -arraycheck -bitwidthmin -on-by-dataflow -loop-delete -instcombine -simplifycfg -globaldce -dce -gvn -deadargelim -dce -loop-simplify -clean-region -simplifycfg -propagate-stable-arguments -loop-stream -instcombine -simplifycfg -dce -globaldce -duplicate-dataflow-processes -stream-intrinsic-preproc -dce -check-ap-stream -loop-simplify -eliminate-keepreads -extract-dataflow-in-loop -loop-simplify -dce -gvn -deadargelim -dse -check-dataflow-syntax -legalize-stream-variable -legalize-global -extract-subproc -dce -dead-channel-elimination -canonicalize-gep -globaldce -dce -gvn -deadargelim -annotate-dataflow-channels -scalar-propagation -deadargelim -globaldce -mem2reg -check-dataflow-channels -function-stream -dce -globaldce -prop-fifo-spec -internal-stream-gen -canonicalize-gep -globaldce -dce -gvn -deadargelim -mergereturn -indvars -loop-simplify -instcombine -array-stream -array-seg-normalize -array-partition -func-legal -instcombine -simplifycfg -dce -bundle-memfifo-ops -deadargelim -function-uniquify -directive-preproc -mem2reg -dse -dce -group-axi-access -licm -simplifycfg -dce -loop-delete -norm-name C:/ece1195/labs/lab5/Lab_5/solution1/.autopilot/db/a.o.1.bc -o C:/ece1195/labs/lab5/Lab_5/solution1/.autopilot/db/a.o.1.tmp.bc -f 
INFO: [XFORM 203-502] Unrolling all sub-loops inside loop 'Loop-1' (lab5_template/vhls/convolution.cpp:111) in function 'hw_conv' for pipelining.
WARNING: [XFORM 203-503] Ignored partial unroll directive for loop 'Loop-1.1' (lab5_template/vhls/convolution.cpp:126) because its parent loop or function is pipelined.
WARNING: [XFORM 203-503] Ignored partial unroll directive for loop 'Loop-1.1.1' (lab5_template/vhls/convolution.cpp:130) because its parent loop or function is pipelined.
WARNING: [XFORM 203-503] Ignored partial unroll directive for loop 'Loop-1.1.2' (lab5_template/vhls/convolution.cpp:139) because its parent loop or function is pipelined.
WARNING: [XFORM 203-503] Ignored partial unroll directive for loop 'Loop-1.2' (lab5_template/vhls/convolution.cpp:153) because its parent loop or function is pipelined.
WARNING: [XFORM 203-503] Ignored partial unroll directive for loop 'Loop-1.3' (lab5_template/vhls/convolution.cpp:194) because its parent loop or function is pipelined.
WARNING: [XFORM 203-503] Ignored partial unroll directive for loop 'Loop-1.3.1' (lab5_template/vhls/convolution.cpp:196) because its parent loop or function is pipelined.
INFO: [HLS 200-489] Unrolling loop 'Loop-1.1' (lab5_template/vhls/convolution.cpp:126) in function 'hw_conv' completely with a factor of 2.
INFO: [HLS 200-489] Unrolling loop 'Loop-1.1.1' (lab5_template/vhls/convolution.cpp:130) in function 'hw_conv' completely with a factor of 2.
INFO: [HLS 200-489] Unrolling loop 'Loop-1.1.2' (lab5_template/vhls/convolution.cpp:139) in function 'hw_conv' completely with a factor of 509.
INFO: [HLS 200-489] Unrolling loop 'Loop-1.2' (lab5_template/vhls/convolution.cpp:153) in function 'hw_conv' completely with a factor of 2.
INFO: [HLS 200-489] Unrolling loop 'Loop-1.3' (lab5_template/vhls/convolution.cpp:194) in function 'hw_conv' completely with a factor of 3.
INFO: [HLS 200-489] Unrolling loop 'Loop-1.3.1' (lab5_template/vhls/convolution.cpp:196) in function 'hw_conv' completely with a factor of 3.
INFO: [XFORM 203-101] Partitioning array 'kbuf' (lab5_template/vhls/convolution.cpp:100) in dimension 1 completely.
INFO: [XFORM 203-101] Partitioning array 'lbuf' (lab5_template/vhls/convolution.cpp:101) in dimension 1 completely.
INFO: [XFORM 203-101] Partitioning array 'kbuf' (lab5_template/vhls/convolution.cpp:100) in dimension 2 completely.
Command         transform done; 11.589 sec.
INFO-FLOW: Presyn 2...
Execute         transform -hls -keep-callgraph -scalarrepl -mem2reg -port-alignment -attach-range -dce -pipe-mux-gen -indvars -loop-bound -inst-simplify -instcombine -dce -merge-array-access -mem2reg -dce -clean-region -mergereturn -if-conv -instcombine -dce -constprop -basicaa -aggr-aa -aggrmodref-aa -aggr-aa -gvn -gvn -basicaa -aggr-aa -aggrmodref-aa -aggr-aa -dse -adse -adce -scalarrepl -mem2reg -global-constprop -deadargelim -deadargelim -instcombine -dce -simplifycfg -ptrArgReplace -mem2reg -function-inline -globaldce -mem2reg -instcombine -dce -expr-balance -instcombine -dce -bitwidthmin -interface-preproc -directive-preproc -inst-rectify -instcombine -dce -functionattrs -constprop -instcombine -bit-constprop -simplify-global-access -globalopt -globaldce -inst-simplify -instcombine -elimdeaddata -dce -loop-delete -simplifycfg -loop-simplify -auto-burst -norm-name C:/ece1195/labs/lab5/Lab_5/solution1/.autopilot/db/a.o.1.tmp.bc -o C:/ece1195/labs/lab5/Lab_5/solution1/.autopilot/db/a.o.2.bc -f -phase presyn 
INFO: [XFORM 203-11] Balancing expressions in function 'hw_conv' (lab5_template/vhls/convolution.cpp:92)...8 expression(s) balanced.
Command         transform done; 3.616 sec.
INFO: [HLS 200-111] Finished Pre-synthesis Time (s): cpu = 00:00:14 ; elapsed = 00:01:38 . Memory (MB): peak = 139.855 ; gain = 55.570
INFO-FLOW: Building ssdm...
Execute         transform -hls -function-uniquify -auto-function-inline -globaldce -ptrArgReplace -mem2reg -instcombine -dce -reset-lda -loop-simplify -indvars -licm -loop-dep -loop-bound -licm -loop-simplify -flattenloopnest -array-flatten -gvn -instcombine -dce -array-map -dce -func-legal -gvn -adce -instcombine -cfgopt -simplifycfg -loop-simplify -array-burst -promote-global-argument -dce -axi4-lower -array-seg-normalize -basicaa -aggrmodref-aa -globalsmodref-aa -aggr-aa -gvn -gvn -basicaa -aggrmodref-aa -globalsmodref-aa -aggr-aa -dse -adse -adce -licm -inst-simplify -dce -globaldce -instcombine -array-stream -eliminate-keepreads -instcombine -dce -deadargelim -doublePtrSimplify -doublePtrElim -dce -doublePtrSimplify -promote-dbg-pointer -dce -scalarrepl -mem2reg -disaggr -norm-name -mem2reg -instcombine -dse -adse -adce -ptrLegalization -dce -auto-rom-infer -array-flatten -dce -instcombine -check-doubleptr -loop-rot -constprop -cfgopt -simplifycfg -loop-simplify -indvars -pointer-simplify -dce -loop-bound -loop-simplify -loop-preproc -constprop -global-constprop -gvn -mem2reg -instcombine -dce -loop-bound -loop-merge -dce -bitwidthmin -deadargelim -dce -canonicalize-dataflow -dce -scalar-propagation -deadargelim -globaldce -mem2reg -read-loop-dep -interface-preproc -directive-preproc -interface-gen -bram-byte-enable -deadargelim -inst-simplify -dce -gvn -mem2reg -instcombine -dce -adse -loop-bound -instcombine -cfgopt -simplifycfg -loop-simplify -clean-region -io-protocol -find-region -mem2reg -bitop-raise -inst-simplify -inst-rectify -instcombine -adce -deadargelim -loop-simplify -phi-opt -bitop-raise -cfgopt -simplifycfg -strip-dead-prototypes -interface-lower -bitop-lower -intrinsic-lower -auto-function-inline -basicaa -aggrmodref-aa -globalsmodref-aa -aggr-aa -inst-simplify -simplifycfg -loop-simplify -mergereturn -inst-simplify -inst-rectify -dce -load-elim -bitop-lower -loop-rewind -pointer-simplify -dce -cfgopt -dce -bitwidth -loop-bound -loop-dep -read-loop-dep -dce -check-stream -norm-name -legalize -validate-dataflow -inst-clarity -cdfg-build C:/ece1195/labs/lab5/Lab_5/solution1/.autopilot/db/a.o.2.bc -o C:/ece1195/labs/lab5/Lab_5/solution1/.autopilot/db/a.o.3.bc -f -phase build-ssdm 
Command         transform done; 17.301 sec.
INFO: [HLS 200-111] Finished Architecture Synthesis Time (s): cpu = 00:00:29 ; elapsed = 00:01:55 . Memory (MB): peak = 691.641 ; gain = 607.355
INFO-FLOW: Finish building internal data model.
Command       opt_and_import_c done; 45.3 sec.
Command     elaborate done; 108.684 sec.
Execute     autosyn -from_csynth_design=1 
INFO: [HLS 200-10] Starting hardware synthesis ...
INFO-FLOW: Synthesizing C/C++ design ...
INFO: [HLS 200-10] Synthesizing 'hw_conv' ...
Execute       ap_set_top_model hw_conv 
Execute       get_model_list hw_conv -filter all-wo-channel -topdown 
Execute       preproc_iomode -model hw_conv 
Execute       get_model_list hw_conv -filter all-wo-channel 
INFO-FLOW: Model list for configure: hw_conv
INFO-FLOW: Configuring Module : hw_conv ...
Execute       set_default_model hw_conv 
Execute       apply_spec_resource_limit hw_conv 
INFO-FLOW: Model list for preprocess: hw_conv
INFO-FLOW: Preprocessing Module: hw_conv ...
Execute       set_default_model hw_conv 
Execute       cdfg_preprocess -model hw_conv 
Command       cdfg_preprocess done; 1.68 sec.
Execute       rtl_gen_preprocess hw_conv 
Command       rtl_gen_preprocess done; 0.129 sec.
INFO-FLOW: Model list for synthesis: hw_conv
INFO: [HLS 200-10] ----------------------------------------------------------------
INFO: [HLS 200-42] -- Implementing module 'hw_conv' 
INFO: [HLS 200-10] ----------------------------------------------------------------
Execute       set_default_model hw_conv 
Execute       schedule -model hw_conv 
INFO: [SCHED 204-11] Starting scheduling ...
INFO: [SCHED 204-61] Pipelining loop 'Loop 1'.
WARNING: [SCHED 204-68] The II Violation in module 'hw_conv': Unable to enforce a carried dependence constraint (II = 1, distance = 1, offset = 1)
   between 'store' operation (lab5_template/vhls/convolution.cpp:142) of variable 'lbuf_0_load', lab5_template/vhls/convolution.cpp:142 on array 'lbuf[0]', lab5_template/vhls/convolution.cpp:101 and 'load' operation ('kbuf[0][2]', lab5_template/vhls/convolution.cpp:136) on array 'lbuf[0]', lab5_template/vhls/convolution.cpp:101.
WARNING: [SCHED 204-69] Unable to schedule 'load' operation ('lbuf_0_load_3', lab5_template/vhls/convolution.cpp:142) on array 'lbuf[0]', lab5_template/vhls/convolution.cpp:101 due to limited memory ports. Please consider using a memory core with more ports or partitioning the array 'lbuf_0'.
INFO: [SCHED 204-61] Unable to satisfy pipeline directive: Unable to pipeline the region.
INFO: [SCHED 204-11] Finished scheduling.
Command       schedule done; 59.381 sec.
INFO: [HLS 200-111]  Elapsed time: 177.301 seconds; current allocated memory: 562.284 MB.
Execute       report -o C:/ece1195/labs/lab5/Lab_5/solution1/.autopilot/db/hw_conv.verbose.sched.rpt -verbose -f 
INFO: [HLS 200-434] Only 0 loops out of a total 1 loops have been pipelined in this design.
Command       report done; 7.144 sec.
Execute       db_write -o C:/ece1195/labs/lab5/Lab_5/solution1/.autopilot/db/hw_conv.sched.adb -f 
Command       db_write done; 1.519 sec.
INFO-FLOW: Finish scheduling hw_conv.
Execute       set_default_model hw_conv 
Execute       bind -model hw_conv 
BIND OPTION: fu_weight=[ 0.0 -- 1.0 ]
BIND OPTION: model=hw_conv
BIND OPTION: reg_weight=[ 0.0 -- 1.0 ]
INFO: [BIND 205-100] Starting micro-architecture generation ...
INFO: [BIND 205-101] Performing variable lifetime analysis.
INFO: [BIND 205-101] Exploring resource sharing.
INFO: [BIND 205-101] Binding ...
INFO: [BIND 205-100] Finished micro-architecture generation.
Command       bind done; 5.383 sec.
INFO: [HLS 200-111]  Elapsed time: 14.927 seconds; current allocated memory: 574.574 MB.
Execute       report -o C:/ece1195/labs/lab5/Lab_5/solution1/.autopilot/db/hw_conv.verbose.bind.rpt -verbose -f 
Command       report done; 5.404 sec.
Execute       db_write -o C:/ece1195/labs/lab5/Lab_5/solution1/.autopilot/db/hw_conv.bind.adb -f 
Command       db_write done; 1.574 sec.
INFO-FLOW: Finish binding hw_conv.
Execute       get_model_list hw_conv -filter all-wo-channel 
INFO-FLOW: Preprocessing for RTLGen ...
Execute       rtl_gen_preprocess hw_conv 
INFO-FLOW: Model list for RTL generation: hw_conv
INFO: [HLS 200-10] ----------------------------------------------------------------
INFO: [HLS 200-10] -- Generating RTL for module 'hw_conv' 
INFO: [HLS 200-10] ----------------------------------------------------------------
Execute       get_config_rtl -prefix 
Execute       get_config_rtl -auto_prefix 
Execute       create_rtl_model hw_conv -vendor xilinx -mg_file C:/ece1195/labs/lab5/Lab_5/solution1/.autopilot/db/hw_conv.compgen.tcl 
INFO: [RTGEN 206-500] Setting interface mode on port 'hw_conv/sin_V_data_V' to 'axis' (register, both mode).
INFO: [RTGEN 206-500] Setting interface mode on port 'hw_conv/sin_V_keep_V' to 'axis' (register, both mode).
INFO: [RTGEN 206-500] Setting interface mode on port 'hw_conv/sin_V_strb_V' to 'axis' (register, both mode).
INFO: [RTGEN 206-500] Setting interface mode on port 'hw_conv/sin_V_user_V' to 'axis' (register, both mode).
INFO: [RTGEN 206-500] Setting interface mode on port 'hw_conv/sin_V_last_V' to 'axis' (register, both mode).
INFO: [RTGEN 206-500] Setting interface mode on port 'hw_conv/sin_V_id_V' to 'axis' (register, both mode).
INFO: [RTGEN 206-500] Setting interface mode on port 'hw_conv/sin_V_dest_V' to 'axis' (register, both mode).
INFO: [RTGEN 206-500] Setting interface mode on port 'hw_conv/sout_V_data_V' to 'axis' (register, both mode).
INFO: [RTGEN 206-500] Setting interface mode on port 'hw_conv/sout_V_keep_V' to 'axis' (register, both mode).
INFO: [RTGEN 206-500] Setting interface mode on port 'hw_conv/sout_V_strb_V' to 'axis' (register, both mode).
INFO: [RTGEN 206-500] Setting interface mode on port 'hw_conv/sout_V_user_V' to 'axis' (register, both mode).
INFO: [RTGEN 206-500] Setting interface mode on port 'hw_conv/sout_V_last_V' to 'axis' (register, both mode).
INFO: [RTGEN 206-500] Setting interface mode on port 'hw_conv/sout_V_id_V' to 'axis' (register, both mode).
INFO: [RTGEN 206-500] Setting interface mode on port 'hw_conv/sout_V_dest_V' to 'axis' (register, both mode).
INFO: [RTGEN 206-500] Setting interface mode on function 'hw_conv' to 'ap_ctrl_none'.
INFO: [RTGEN 206-100] Finished creating RTL model for 'hw_conv'.
Command       create_rtl_model done; 10.064 sec.
INFO: [HLS 200-111]  Elapsed time: 18.071 seconds; current allocated memory: 595.831 MB.
Execute       source C:/ece1195/labs/lab5/Lab_5/solution1/.autopilot/db/hw_conv.rtl_wrap.cfg.tcl 
Execute       gen_rtl hw_conv -istop -style xilinx -tracefl mytrace -tracefmt vcd -traceopt all -f -lang sc -o C:/ece1195/labs/lab5/Lab_5/solution1/syn/systemc/hw_conv -synmodules hw_conv 
Command       gen_rtl done; 0.296 sec.
Execute       gen_rtl hw_conv -istop -style xilinx -f -lang vhdl -o C:/ece1195/labs/lab5/Lab_5/solution1/syn/vhdl/hw_conv 
Command       gen_rtl done; 0.517 sec.
Execute       gen_rtl hw_conv -istop -style xilinx -f -lang vlog -o C:/ece1195/labs/lab5/Lab_5/solution1/syn/verilog/hw_conv 
Command       gen_rtl done; 0.423 sec.
Execute       export_constraint_db -o C:/ece1195/labs/lab5/Lab_5/solution1/.autopilot/db/hw_conv.constraint.tcl -f -tool general 
Command       export_constraint_db done; 0.102 sec.
Execute       report -model hw_conv -o C:/ece1195/labs/lab5/Lab_5/solution1/.autopilot/db/hw_conv.design.xml -verbose -f -dv 
Command       report done; 0.242 sec.
Execute       report -model hw_conv -o C:/ece1195/labs/lab5/Lab_5/solution1/.autopilot/db/hw_conv.sdaccel.xml -verbose -f -sdaccel 
Command       report done; 0.716 sec.
Execute       gen_tb_info hw_conv -o C:/ece1195/labs/lab5/Lab_5/solution1/.autopilot/db/hw_conv -p C:/ece1195/labs/lab5/Lab_5/solution1/.autopilot/db 
Command       gen_tb_info done; 0.475 sec.
Execute       report -model hw_conv -o C:/ece1195/labs/lab5/Lab_5/solution1/syn/report/hw_conv_csynth.rpt -f 
Command       report done; 0.192 sec.
Execute       report -model hw_conv -o C:/ece1195/labs/lab5/Lab_5/solution1/syn/report/hw_conv_csynth.xml -f -x 
Execute       report -model hw_conv -o C:/ece1195/labs/lab5/Lab_5/solution1/.autopilot/db/hw_conv.verbose.rpt -verbose -f 
Command       report done; 5.57 sec.
Execute       db_write -model hw_conv -o C:/ece1195/labs/lab5/Lab_5/solution1/.autopilot/db/hw_conv.adb -f 
Command       db_write done; 2.295 sec.
Execute       sc_get_clocks hw_conv 
Execute       get_config_export -vivado_clock 
Command       get_config_export done; 0.21 sec.
Execute       sc_get_portdomain hw_conv 
INFO-FLOW: Model list for RTL component generation: hw_conv
INFO-FLOW: Handling components in module [hw_conv] ... 
Execute       source C:/ece1195/labs/lab5/Lab_5/solution1/.autopilot/db/hw_conv.compgen.tcl 
INFO-FLOW: Found component hw_conv_lbuf_0.
INFO-FLOW: Append model hw_conv_lbuf_0
Command       ap_source done; 0.133 sec.
INFO-FLOW: Append model hw_conv
INFO-FLOW: Generating RTL model list ...
INFO-FLOW: All models in this session: hw_conv_lbuf_0 hw_conv
INFO-FLOW: To file: write model hw_conv_lbuf_0
INFO-FLOW: To file: write model hw_conv
INFO-FLOW: Finished generating RTL model list.


INFO-FLOW: RTL Generation done.
INFO-FLOW: CAS Generation done.
INFO-FLOW: CBC Generation done.
INFO-FLOW: DBG:CMD: auto_generate_csynth_design
INFO-FLOW: DBG:CMD:     auto_generate --sim-model -phase csynth_design -d C:/ece1195/labs/lab5/Lab_5/solution1
Execute       source C:/ece1195/labs/lab5/Lab_5/solution1/.autopilot/db/global.setting.tcl 
INFO-FLOW: DBG:CMD: read_platform_lib C:/ece1195/labs/lab5/Lab_5/solution1/.autopilot/db/global.setting.tcl
Execute       source C:/Xilinx/Vivado/2018.3/common/technology/generic/autopilot/common.gen 
Execute         source C:/Xilinx/Vivado/2018.3/common/technology/generic/autopilot/APCoreGen.gen 
Command         ap_source done; 0.104 sec.
Command       ap_source done; 0.271 sec.
Execute       source C:/Xilinx/Vivado/2018.3/common/technology/generic/autopilot/op.gen 
Execute       source C:/Xilinx/Vivado/2018.3/common/technology/generic/autopilot/op_simcore.gen 
Execute       source C:/Xilinx/Vivado/2018.3/common/technology/generic/autopilot/interface.gen 
Execute       source C:/ece1195/labs/lab5/Lab_5/solution1/.autopilot/db/global.setting.tcl 
Execute       source C:/Xilinx/Vivado/2018.3/common/technology/xilinx/zynq/zynq.gen 
Execute         source C:/Xilinx/Vivado/2018.3/common/technology/xilinx/common/virtex.gen 
Execute           source C:/Xilinx/Vivado/2018.3/common/technology/xilinx/common/xilinx.gen 
Execute             source C:/Xilinx/Vivado/2018.3/common/technology/xilinx/interface/plb46.gen 
Execute             source C:/Xilinx/Vivado/2018.3/common/technology/xilinx/interface/fsl.gen 
Execute             source C:/Xilinx/Vivado/2018.3/common/technology/xilinx/interface/axi4.gen 
Execute             source C:/Xilinx/Vivado/2018.3/common/technology/xilinx/interface/nativeAXI4.gen 
Execute               source C:/Xilinx/Vivado/2018.3/common/technology/xilinx/interface/saxilite.gen 
Execute               source C:/Xilinx/Vivado/2018.3/common/technology/xilinx/interface/maxi.gen 
Execute             source C:/Xilinx/Vivado/2018.3/common/technology/xilinx/scripts/xilinxcoregen.gen 
Execute             source C:/Xilinx/Vivado/2018.3/common/technology/xilinx/interface/XilEDKCoreGen.gen 
Execute             source C:/Xilinx/Vivado/2018.3/common/technology/xilinx/ip/dds_compiler.gen 
Execute             source C:/Xilinx/Vivado/2018.3/common/technology/xilinx/ip/util.gen 
Execute             source C:/Xilinx/Vivado/2018.3/common/technology/xilinx/ip/xfft.gen 
Command             ap_source done; 0.195 sec.
Execute             source C:/Xilinx/Vivado/2018.3/common/technology/xilinx/ip/xfir.gen 
Command           ap_source done; 0.264 sec.
Execute           source C:/Xilinx/Vivado/2018.3/common/technology/xilinx/common/dsp48.gen 
Command         ap_source done; 0.268 sec.
Command       ap_source done; 0.269 sec.
Execute       source C:/Xilinx/Vivado/2018.3/common/technology/xilinx/zynq/zynq_fpv6.gen 
Execute         source C:/Xilinx/Vivado/2018.3/common/technology/xilinx/common/xilinx_fpv6.gen 
INFO-FLOW: DBG:CMD:   using AESL_AUTOCG::g_clock_period=10.000 (was NA)
INFO-FLOW: DBG:CMD:       generate_ip_cores sim=1 export=0 expOnly=0 dstVlogDir=syn/verilog
Execute       source C:/ece1195/labs/lab5/Lab_5/solution1/.autopilot/db/global.setting.tcl 
Execute       source C:/ece1195/labs/lab5/Lab_5/solution1/.autopilot/db/global.setting.tcl 
Execute       source C:/ece1195/labs/lab5/Lab_5/solution1/.autopilot/db/global.setting.tcl 
Execute       source C:/ece1195/labs/lab5/Lab_5/solution1/.autopilot/db/hw_conv.compgen.tcl 
INFO: [RTMG 210-278] Implementing memory 'hw_conv_lbuf_0_ram (RAM)' using block RAMs.
Command       ap_source done; 0.32 sec.
INFO-FLOW: DBG:CMD:     auto_generate -export -impltomg_flag -rtl both -tool Vivado -pcore_version 1.00.a -phase csynth_design -d C:/ece1195/labs/lab5/Lab_5/solution1
Execute       source C:/ece1195/labs/lab5/Lab_5/solution1/.autopilot/db/global.setting.tcl 
INFO-FLOW: DBG:CMD: read_platform_lib C:/ece1195/labs/lab5/Lab_5/solution1/.autopilot/db/global.setting.tcl
Execute       source C:/Xilinx/Vivado/2018.3/common/technology/generic/autopilot/common.gen 
Execute         source C:/Xilinx/Vivado/2018.3/common/technology/generic/autopilot/APCoreGen.gen 
Execute       source C:/Xilinx/Vivado/2018.3/common/technology/generic/autopilot/op.gen 
Execute       source C:/Xilinx/Vivado/2018.3/common/technology/generic/autopilot/op_simcore.gen 
Execute       source C:/Xilinx/Vivado/2018.3/common/technology/generic/autopilot/interface.gen 
Execute       source C:/ece1195/labs/lab5/Lab_5/solution1/.autopilot/db/global.setting.tcl 
Execute       source C:/Xilinx/Vivado/2018.3/common/technology/xilinx/zynq/zynq.gen 
Execute         source C:/Xilinx/Vivado/2018.3/common/technology/xilinx/common/virtex.gen 
Execute           source C:/Xilinx/Vivado/2018.3/common/technology/xilinx/common/xilinx.gen 
Execute             source C:/Xilinx/Vivado/2018.3/common/technology/xilinx/interface/plb46.gen 
Execute             source C:/Xilinx/Vivado/2018.3/common/technology/xilinx/interface/fsl.gen 
Execute             source C:/Xilinx/Vivado/2018.3/common/technology/xilinx/interface/axi4.gen 
Execute             source C:/Xilinx/Vivado/2018.3/common/technology/xilinx/interface/nativeAXI4.gen 
Execute               source C:/Xilinx/Vivado/2018.3/common/technology/xilinx/interface/saxilite.gen 
Execute               source C:/Xilinx/Vivado/2018.3/common/technology/xilinx/interface/maxi.gen 
Execute             source C:/Xilinx/Vivado/2018.3/common/technology/xilinx/scripts/xilinxcoregen.gen 
Execute             source C:/Xilinx/Vivado/2018.3/common/technology/xilinx/interface/XilEDKCoreGen.gen 
Execute             source C:/Xilinx/Vivado/2018.3/common/technology/xilinx/ip/dds_compiler.gen 
Execute             source C:/Xilinx/Vivado/2018.3/common/technology/xilinx/ip/util.gen 
Execute             source C:/Xilinx/Vivado/2018.3/common/technology/xilinx/ip/xfft.gen 
Command             ap_source done; 0.109 sec.
Execute             source C:/Xilinx/Vivado/2018.3/common/technology/xilinx/ip/xfir.gen 
Command           ap_source done; 0.179 sec.
Execute           source C:/Xilinx/Vivado/2018.3/common/technology/xilinx/common/dsp48.gen 
Command         ap_source done; 0.183 sec.
Command       ap_source done; 0.183 sec.
Execute       source C:/Xilinx/Vivado/2018.3/common/technology/xilinx/zynq/zynq_fpv6.gen 
Execute         source C:/Xilinx/Vivado/2018.3/common/technology/xilinx/common/xilinx_fpv6.gen 
INFO-FLOW: DBG:CMD:       initCTypeInfo top_module=hw_conv xml_exists=0
Execute       source C:/ece1195/labs/lab5/Lab_5/solution1/.autopilot/db/hw_conv.rtl_wrap.cfg.tcl 
Execute       source C:/ece1195/labs/lab5/Lab_5/solution1/.autopilot/db/hw_conv.rtl_wrap.cfg.tcl 
Execute       source C:/ece1195/labs/lab5/Lab_5/solution1/.autopilot/db/hw_conv.rtl_wrap.cfg.tcl 
Execute       source C:/ece1195/labs/lab5/Lab_5/solution1/.autopilot/db/hw_conv.tbgen.tcl 
Execute       source C:/ece1195/labs/lab5/Lab_5/solution1/.autopilot/db/hw_conv.tbgen.tcl 
INFO-FLOW: DBG:CMD:       export_impl_rtl
INFO-FLOW: DBG:CMD:       generate_ip_cores sim=0 export=0 expOnly=0 dstVlogDir=impl/.verilog
Execute       source C:/ece1195/labs/lab5/Lab_5/solution1/.autopilot/db/global.setting.tcl 
Execute       source C:/ece1195/labs/lab5/Lab_5/solution1/.autopilot/db/hw_conv.compgen.tcl 
INFO-FLOW: DBG:CMD:       generate_ip_cores sim=0 export=1 expOnly=1 dstVlogDir=impl/.pcores/verilog
Execute       source C:/ece1195/labs/lab5/Lab_5/solution1/.autopilot/db/global.setting.tcl 
Execute       source C:/ece1195/labs/lab5/Lab_5/solution1/.autopilot/db/hw_conv.compgen.tcl 
INFO-FLOW: DBG:CMD:       generate_ip_cores sim=0 export=0 expOnly=0 dstVlogDir=impl/.pcores/verilog_sim
Execute       source C:/ece1195/labs/lab5/Lab_5/solution1/.autopilot/db/global.setting.tcl 
Execute       source C:/ece1195/labs/lab5/Lab_5/solution1/.autopilot/db/hw_conv.compgen.tcl 
Execute       source C:/ece1195/labs/lab5/Lab_5/solution1/.autopilot/db/global.setting.tcl 
Execute       source C:/ece1195/labs/lab5/Lab_5/solution1/.autopilot/db/hw_conv.constraint.tcl 
Execute       source C:/ece1195/labs/lab5/Lab_5/solution1/.autopilot/db/hw_conv.tbgen.tcl 
INFO-FLOW: DBG:CMD:       hasPcoreIpAdapter=false #gSsdmPorts=28
INFO-FLOW: DBG:CMD: Skipping loadAnalyze_DB, #g_database=14
INFO-FLOW: DBG:CMD:       generate_json is_phase_csynth=1 g_has_adaptors=false generate_bd_files=1 #modelList=2 #gSsdmPorts=28
Execute       source C:/ece1195/labs/lab5/Lab_5/solution1/.autopilot/db/global.setting.tcl 
Execute       source C:/ece1195/labs/lab5/Lab_5/solution1/.autopilot/db/global.setting.tcl 
Execute       source C:/ece1195/labs/lab5/Lab_5/solution1/.autopilot/db/hw_conv.tbgen.tcl 
Execute       source C:/ece1195/labs/lab5/Lab_5/solution1/.autopilot/db/hw_conv.tbgen.tcl 
Execute       source C:/ece1195/labs/lab5/Lab_5/solution1/.autopilot/db/hw_conv.tbgen.tcl 
Execute       source C:/ece1195/labs/lab5/Lab_5/solution1/.autopilot/db/hw_conv.tbgen.tcl 
Execute       source C:/ece1195/labs/lab5/Lab_5/solution1/.autopilot/db/hw_conv.tbgen.tcl 
Execute       source C:/ece1195/labs/lab5/Lab_5/solution1/.autopilot/db/hw_conv.tbgen.tcl 
Execute       source C:/ece1195/labs/lab5/Lab_5/solution1/.autopilot/db/hw_conv.tbgen.tcl 
Execute       source C:/ece1195/labs/lab5/Lab_5/solution1/.autopilot/db/global.setting.tcl 
Execute       get_config_sdx -target 
Execute       get_config_export -xo 
Execute       source C:/ece1195/labs/lab5/Lab_5/solution1/.autopilot/db/global.setting.tcl 
Execute       source C:/ece1195/labs/lab5/Lab_5/solution1/.autopilot/db/hw_conv.constraint.tcl 
Execute       sc_get_clocks hw_conv 
Execute       source C:/ece1195/labs/lab5/Lab_5/solution1/.autopilot/db/global.setting.tcl 
Execute       get_config_sdx -target 
Execute       get_config_sdx -profile 
Execute       ::config_rtl 
INFO-FLOW: DBG:CMD: add_json_sdx_info kernel file does not exist: C:/ece1195/labs/lab5/Lab_5/solution1/.autopilot/db/kernel.internal.xml
INFO-FLOW: DBG:CMD:       delete-temp-dirs (skipped for debug)
INFO: [HLS 200-111] Finished generating all RTL models Time (s): cpu = 00:02:00 ; elapsed = 00:03:51 . Memory (MB): peak = 799.387 ; gain = 715.102
INFO: [SYSC 207-301] Generating SystemC RTL for hw_conv.
INFO: [VHDL 208-304] Generating VHDL RTL for hw_conv.
INFO: [VLOG 209-307] Generating Verilog RTL for hw_conv.
Command     autosyn done; 116.205 sec.
Execute     get_part 
Execute     get_config_export -sdx_tcl 
Command   csynth_design done; 224.915 sec.
Command ap_source done; 230.016 sec.
Execute cleanup_all 
Command cleanup_all done; 1.375 sec.
INFO-FLOW: Workspace C:/ece1195/labs/lab5/Lab_5/solution1 opened at Sat Apr 17 18:30:24 -0400 2021
Execute     config_clock -quiet -name default -period 10 -default=false 
INFO: [SYN 201-201] Setting up clock 'default' with a period of 10ns.
Execute     open_platform DefaultPlatform 
Execute     import_lib C:/Xilinx/Vivado/2018.3/common/technology/xilinx/zynq/zynq 
Execute       source C:/Xilinx/Vivado/2018.3/common/technology/xilinx/common/xilinx.lib 
Execute         source C:/Xilinx/Vivado/2018.3/common/technology/xilinx/interface/xilinx_interface.lib 
Execute           source C:/Xilinx/Vivado/2018.3/common/technology/xilinx/interface/plb46.lib 
Execute           source C:/Xilinx/Vivado/2018.3/common/technology/xilinx/interface/fsl.lib 
Execute           source C:/Xilinx/Vivado/2018.3/common/technology/xilinx/interface/axi4.lib 
Execute           source C:/Xilinx/Vivado/2018.3/common/technology/xilinx/interface/maxi.lib 
Execute           source C:/Xilinx/Vivado/2018.3/common/technology/xilinx/interface/saxilite.lib 
Execute         source C:/Xilinx/Vivado/2018.3/common/technology/xilinx/common/dsp48.lib 
Execute         source C:/Xilinx/Vivado/2018.3/common/technology/xilinx/ip/dds_compiler.lib 
Execute         source C:/Xilinx/Vivado/2018.3/common/technology/xilinx/ip/xfft.lib 
Execute         source C:/Xilinx/Vivado/2018.3/common/technology/xilinx/ip/xfir.lib 
Execute       source C:/Xilinx/Vivado/2018.3/common/technology/xilinx/common/xilinx_old.lib 
Execute       source C:/Xilinx/Vivado/2018.3/common/technology/xilinx/common/xilinx_vivado.lib 
Execute       source C:/Xilinx/Vivado/2018.3/common/technology/xilinx/common/xilinx.hlp 
Execute         source C:/Xilinx/Vivado/2018.3/common/technology/xilinx/common/target_info.tcl 
Execute         source C:/Xilinx/Vivado/2018.3/common/technology/xilinx/interface/xilinx_interface.hlp 
Execute           source C:/Xilinx/Vivado/2018.3/common/technology/xilinx/interface/maxi.hlp 
Execute           source C:/Xilinx/Vivado/2018.3/common/technology/xilinx/interface/saxilite.hlp 
Execute         source C:/Xilinx/Vivado/2018.3/common/technology/xilinx/common/dsp48.hlp 
Execute       source C:/Xilinx/Vivado/2018.3/common/technology/xilinx/zynq/dsp48e1.hlp 
Execute       get_default_platform 
Execute       config_chip_info -quiet -resource  {SLICE 13300}  {LUT 53200}     {FF 106400} {DSP48E 220}   {BRAM 280}  
Execute       config_chip_info -quiet -speed medium 
Execute       source C:/Xilinx/Vivado/2018.3/common/technology/xilinx/common/xilinx.hlp 
Execute         source C:/Xilinx/Vivado/2018.3/common/technology/xilinx/common/target_info.tcl 
Execute         source C:/Xilinx/Vivado/2018.3/common/technology/xilinx/interface/xilinx_interface.hlp 
Execute           source C:/Xilinx/Vivado/2018.3/common/technology/xilinx/interface/maxi.hlp 
Execute           source C:/Xilinx/Vivado/2018.3/common/technology/xilinx/interface/saxilite.hlp 
Execute         source C:/Xilinx/Vivado/2018.3/common/technology/xilinx/common/dsp48.hlp 
Execute     source C:/Xilinx/Vivado/2018.3/common/technology/xilinx/zynq/zynq.gen 
Execute       source C:/Xilinx/Vivado/2018.3/common/technology/xilinx/common/virtex.gen 
Execute         source C:/Xilinx/Vivado/2018.3/common/technology/xilinx/common/xilinx.gen 
Execute           source C:/Xilinx/Vivado/2018.3/common/technology/xilinx/interface/plb46.gen 
Execute           source C:/Xilinx/Vivado/2018.3/common/technology/xilinx/interface/fsl.gen 
Execute           source C:/Xilinx/Vivado/2018.3/common/technology/xilinx/interface/axi4.gen 
Execute           source C:/Xilinx/Vivado/2018.3/common/technology/xilinx/interface/nativeAXI4.gen 
Execute             source C:/Xilinx/Vivado/2018.3/common/technology/xilinx/interface/saxilite.gen 
Execute             source C:/Xilinx/Vivado/2018.3/common/technology/xilinx/interface/maxi.gen 
Execute           source C:/Xilinx/Vivado/2018.3/common/technology/xilinx/scripts/xilinxcoregen.gen 
Command           ap_source done; 0.115 sec.
Execute           source C:/Xilinx/Vivado/2018.3/common/technology/xilinx/interface/XilEDKCoreGen.gen 
Command           ap_source done; 0.178 sec.
Execute           source C:/Xilinx/Vivado/2018.3/common/technology/xilinx/ip/dds_compiler.gen 
Execute           source C:/Xilinx/Vivado/2018.3/common/technology/xilinx/ip/util.gen 
Execute           source C:/Xilinx/Vivado/2018.3/common/technology/xilinx/ip/xfft.gen 
Command           ap_source done; 0.447 sec.
Execute           source C:/Xilinx/Vivado/2018.3/common/technology/xilinx/ip/xfir.gen 
Command         ap_source done; 0.788 sec.
Execute         source C:/Xilinx/Vivado/2018.3/common/technology/xilinx/common/dsp48.gen 
Command       ap_source done; 0.794 sec.
Command     ap_source done; 0.795 sec.
Execute     open_platform DefaultPlatform 
Execute     import_lib C:/Xilinx/Vivado/2018.3/common/technology/xilinx/zynq/zynq_fpv6 
Execute       source C:/Xilinx/Vivado/2018.3/common/technology/xilinx/common/xilinx_fpv7.lib 
Execute         source C:/Xilinx/Vivado/2018.3/common/technology/xilinx/common/xilinx_hp.lib 
Execute       source C:/Xilinx/Vivado/2018.3/common/technology/xilinx/common/xilinx_fpv.hlp 
Execute         source C:/Xilinx/Vivado/2018.3/common/technology/xilinx/common/xilinx.hlp 
Execute           source C:/Xilinx/Vivado/2018.3/common/technology/xilinx/common/target_info.tcl 
Execute           source C:/Xilinx/Vivado/2018.3/common/technology/xilinx/interface/xilinx_interface.hlp 
Execute             source C:/Xilinx/Vivado/2018.3/common/technology/xilinx/interface/maxi.hlp 
Execute             source C:/Xilinx/Vivado/2018.3/common/technology/xilinx/interface/saxilite.hlp 
Execute           source C:/Xilinx/Vivado/2018.3/common/technology/xilinx/common/dsp48.hlp 
Execute       source C:/Xilinx/Vivado/2018.3/common/technology/xilinx/zynq/zynq_hp.hlp 
Execute     source C:/Xilinx/Vivado/2018.3/common/technology/xilinx/zynq/zynq_fpv6.gen 
Execute       source C:/Xilinx/Vivado/2018.3/common/technology/xilinx/common/xilinx_fpv6.gen 
Execute     set_part xc7z020clg400-1 
Execute       add_library xilinx/zynq/zynq:xc7z020:clg400:-1 
Execute         get_default_platform 
Execute         license_isbetapart xc7z020 
Command         license_isbetapart done; error code: 1; 
Execute         get_default_platform 
Execute         config_chip_info -quiet -resource  {SLICE 13300}  {LUT 53200}     {FF 106400} {DSP48E 220}   {BRAM 280}  
Execute         config_chip_info -quiet -speed slow 
Execute       add_library xilinx/zynq/zynq_fpv6 
Execute         get_default_platform 
INFO: [HLS 200-10] Setting target device to 'xc7z020clg400-1'
Execute       get_default_platform 
Command     set_part done; 0.15 sec.
Execute     get_default_platform 
Execute     config_chip_info -quiet -resource  {SLICE 13300}  {LUT 53200}     {FF 106400} {DSP48E 220}   {BRAM 280}  
Execute     config_chip_info -quiet -speed slow 
Execute     config_export -display_name=hw_conv 
Execute     config_export -format=ip_catalog 
Execute     config_export -rtl=verilog 
Command   open_solution done; 1.143 sec.
Execute   csim_design -clean -setup -use_gcc -quiet 
Execute     source C:/ece1195/labs/lab5/Lab_5/solution1/.autopilot/db/global.setting.tcl 
INFO: [SIM 211-2] *************** CSIM start ***************
INFO: [SIM 211-4] CSIM will launch GCC as the compiler.
Execute     source csim/.lst_opt.tcl 
Execute     is_encrypted C:/ece1195/labs/lab5/lab5_template/vhls/testbench.cpp 
Execute     is_xip C:/ece1195/labs/lab5/lab5_template/vhls/testbench.cpp 
Execute     is_encrypted C:/ece1195/labs/lab5/lab5_template/vhls/rock512.pgm 
Execute     is_xip C:/ece1195/labs/lab5/lab5_template/vhls/rock512.pgm 
Execute     is_encrypted C:/ece1195/labs/lab5/lab5_template/vhls/image.hpp 
Execute     is_xip C:/ece1195/labs/lab5/lab5_template/vhls/image.hpp 
Execute     is_encrypted C:/ece1195/labs/lab5/lab5_template/vhls/image.cpp 
Execute     is_xip C:/ece1195/labs/lab5/lab5_template/vhls/image.cpp 
Execute     is_encrypted C:/ece1195/labs/lab5/lab5_template/vhls/convolution.hpp 
Execute     is_xip C:/ece1195/labs/lab5/lab5_template/vhls/convolution.hpp 
Execute     is_encrypted C:/ece1195/labs/lab5/lab5_template/vhls/convolution.cpp 
Execute     is_xip C:/ece1195/labs/lab5/lab5_template/vhls/convolution.cpp 
Execute     get_default_platform 
INFO: [SIM 211-1] CSim file generation done with 0 errors.
INFO: [SIM 211-3] *************** CSIM finish ***************
Command   csim_design done; 27.336 sec.
Command ap_source done; 28.489 sec.
Execute cleanup_all 
INFO-FLOW: Workspace C:/ece1195/labs/lab5/Lab_5/solution1 opened at Sat Apr 17 18:40:10 -0400 2021
Execute     config_clock -quiet -name default -period 10 -default=false 
INFO: [SYN 201-201] Setting up clock 'default' with a period of 10ns.
Execute     open_platform DefaultPlatform 
Execute     import_lib C:/Xilinx/Vivado/2018.3/common/technology/xilinx/zynq/zynq 
Execute       source C:/Xilinx/Vivado/2018.3/common/technology/xilinx/common/xilinx.lib 
Execute         source C:/Xilinx/Vivado/2018.3/common/technology/xilinx/interface/xilinx_interface.lib 
Execute           source C:/Xilinx/Vivado/2018.3/common/technology/xilinx/interface/plb46.lib 
Execute           source C:/Xilinx/Vivado/2018.3/common/technology/xilinx/interface/fsl.lib 
Execute           source C:/Xilinx/Vivado/2018.3/common/technology/xilinx/interface/axi4.lib 
Execute           source C:/Xilinx/Vivado/2018.3/common/technology/xilinx/interface/maxi.lib 
Execute           source C:/Xilinx/Vivado/2018.3/common/technology/xilinx/interface/saxilite.lib 
Execute         source C:/Xilinx/Vivado/2018.3/common/technology/xilinx/common/dsp48.lib 
Execute         source C:/Xilinx/Vivado/2018.3/common/technology/xilinx/ip/dds_compiler.lib 
Execute         source C:/Xilinx/Vivado/2018.3/common/technology/xilinx/ip/xfft.lib 
Execute         source C:/Xilinx/Vivado/2018.3/common/technology/xilinx/ip/xfir.lib 
Execute       source C:/Xilinx/Vivado/2018.3/common/technology/xilinx/common/xilinx_old.lib 
Execute       source C:/Xilinx/Vivado/2018.3/common/technology/xilinx/common/xilinx_vivado.lib 
Execute       source C:/Xilinx/Vivado/2018.3/common/technology/xilinx/common/xilinx.hlp 
Execute         source C:/Xilinx/Vivado/2018.3/common/technology/xilinx/common/target_info.tcl 
Execute         source C:/Xilinx/Vivado/2018.3/common/technology/xilinx/interface/xilinx_interface.hlp 
Execute           source C:/Xilinx/Vivado/2018.3/common/technology/xilinx/interface/maxi.hlp 
Execute           source C:/Xilinx/Vivado/2018.3/common/technology/xilinx/interface/saxilite.hlp 
Execute         source C:/Xilinx/Vivado/2018.3/common/technology/xilinx/common/dsp48.hlp 
Execute       source C:/Xilinx/Vivado/2018.3/common/technology/xilinx/zynq/dsp48e1.hlp 
Execute       get_default_platform 
Execute       config_chip_info -quiet -resource  {SLICE 13300}  {LUT 53200}     {FF 106400} {DSP48E 220}   {BRAM 280}  
Execute       config_chip_info -quiet -speed medium 
Execute       source C:/Xilinx/Vivado/2018.3/common/technology/xilinx/common/xilinx.hlp 
Execute         source C:/Xilinx/Vivado/2018.3/common/technology/xilinx/common/target_info.tcl 
Execute         source C:/Xilinx/Vivado/2018.3/common/technology/xilinx/interface/xilinx_interface.hlp 
Execute           source C:/Xilinx/Vivado/2018.3/common/technology/xilinx/interface/maxi.hlp 
Execute           source C:/Xilinx/Vivado/2018.3/common/technology/xilinx/interface/saxilite.hlp 
Execute         source C:/Xilinx/Vivado/2018.3/common/technology/xilinx/common/dsp48.hlp 
Execute     source C:/Xilinx/Vivado/2018.3/common/technology/xilinx/zynq/zynq.gen 
Execute       source C:/Xilinx/Vivado/2018.3/common/technology/xilinx/common/virtex.gen 
Execute         source C:/Xilinx/Vivado/2018.3/common/technology/xilinx/common/xilinx.gen 
Execute           source C:/Xilinx/Vivado/2018.3/common/technology/xilinx/interface/plb46.gen 
Execute           source C:/Xilinx/Vivado/2018.3/common/technology/xilinx/interface/fsl.gen 
Execute           source C:/Xilinx/Vivado/2018.3/common/technology/xilinx/interface/axi4.gen 
Execute           source C:/Xilinx/Vivado/2018.3/common/technology/xilinx/interface/nativeAXI4.gen 
Execute             source C:/Xilinx/Vivado/2018.3/common/technology/xilinx/interface/saxilite.gen 
Execute             source C:/Xilinx/Vivado/2018.3/common/technology/xilinx/interface/maxi.gen 
Execute           source C:/Xilinx/Vivado/2018.3/common/technology/xilinx/scripts/xilinxcoregen.gen 
Execute           source C:/Xilinx/Vivado/2018.3/common/technology/xilinx/interface/XilEDKCoreGen.gen 
Execute           source C:/Xilinx/Vivado/2018.3/common/technology/xilinx/ip/dds_compiler.gen 
Execute           source C:/Xilinx/Vivado/2018.3/common/technology/xilinx/ip/util.gen 
Execute           source C:/Xilinx/Vivado/2018.3/common/technology/xilinx/ip/xfft.gen 
Command           ap_source done; 0.546 sec.
Execute           source C:/Xilinx/Vivado/2018.3/common/technology/xilinx/ip/xfir.gen 
Command         ap_source done; 0.631 sec.
Execute         source C:/Xilinx/Vivado/2018.3/common/technology/xilinx/common/dsp48.gen 
Command       ap_source done; 0.636 sec.
Command     ap_source done; 0.637 sec.
Execute     open_platform DefaultPlatform 
Execute     import_lib C:/Xilinx/Vivado/2018.3/common/technology/xilinx/zynq/zynq_fpv6 
Execute       source C:/Xilinx/Vivado/2018.3/common/technology/xilinx/common/xilinx_fpv7.lib 
Execute         source C:/Xilinx/Vivado/2018.3/common/technology/xilinx/common/xilinx_hp.lib 
Execute       source C:/Xilinx/Vivado/2018.3/common/technology/xilinx/common/xilinx_fpv.hlp 
Execute         source C:/Xilinx/Vivado/2018.3/common/technology/xilinx/common/xilinx.hlp 
Execute           source C:/Xilinx/Vivado/2018.3/common/technology/xilinx/common/target_info.tcl 
Execute           source C:/Xilinx/Vivado/2018.3/common/technology/xilinx/interface/xilinx_interface.hlp 
Execute             source C:/Xilinx/Vivado/2018.3/common/technology/xilinx/interface/maxi.hlp 
Execute             source C:/Xilinx/Vivado/2018.3/common/technology/xilinx/interface/saxilite.hlp 
Execute           source C:/Xilinx/Vivado/2018.3/common/technology/xilinx/common/dsp48.hlp 
Execute       source C:/Xilinx/Vivado/2018.3/common/technology/xilinx/zynq/zynq_hp.hlp 
Command     import_lib done; 0.121 sec.
Execute     source C:/Xilinx/Vivado/2018.3/common/technology/xilinx/zynq/zynq_fpv6.gen 
Execute       source C:/Xilinx/Vivado/2018.3/common/technology/xilinx/common/xilinx_fpv6.gen 
Execute     set_part xc7z020clg400-1 
Execute       add_library xilinx/zynq/zynq:xc7z020:clg400:-1 
Execute         get_default_platform 
Execute         license_isbetapart xc7z020 
Command         license_isbetapart done; error code: 1; 
Execute         get_default_platform 
Execute         config_chip_info -quiet -resource  {SLICE 13300}  {LUT 53200}     {FF 106400} {DSP48E 220}   {BRAM 280}  
Execute         config_chip_info -quiet -speed slow 
Execute       add_library xilinx/zynq/zynq_fpv6 
Execute         get_default_platform 
INFO: [HLS 200-10] Setting target device to 'xc7z020clg400-1'
Execute       get_default_platform 
Command     set_part done; 0.259 sec.
Execute     get_default_platform 
Execute     config_chip_info -quiet -resource  {SLICE 13300}  {LUT 53200}     {FF 106400} {DSP48E 220}   {BRAM 280}  
Execute     config_chip_info -quiet -speed slow 
Execute     config_export -display_name=hw_conv 
Execute     config_export -format=ip_catalog 
Execute     config_export -rtl=verilog 
Command   open_solution done; 1.194 sec.
Execute   csim_design -clean -setup -use_gcc -quiet 
Execute     source C:/ece1195/labs/lab5/Lab_5/solution1/.autopilot/db/global.setting.tcl 
INFO: [SIM 211-2] *************** CSIM start ***************
INFO: [SIM 211-4] CSIM will launch GCC as the compiler.
Execute     source csim/.lst_opt.tcl 
Execute     is_encrypted C:/ece1195/labs/lab5/lab5_template/vhls/testbench.cpp 
Execute     is_xip C:/ece1195/labs/lab5/lab5_template/vhls/testbench.cpp 
Execute     is_encrypted C:/ece1195/labs/lab5/lab5_template/vhls/rock512.pgm 
Execute     is_xip C:/ece1195/labs/lab5/lab5_template/vhls/rock512.pgm 
Execute     is_encrypted C:/ece1195/labs/lab5/lab5_template/vhls/image.hpp 
Execute     is_xip C:/ece1195/labs/lab5/lab5_template/vhls/image.hpp 
Execute     is_encrypted C:/ece1195/labs/lab5/lab5_template/vhls/image.cpp 
Execute     is_xip C:/ece1195/labs/lab5/lab5_template/vhls/image.cpp 
Execute     is_encrypted C:/ece1195/labs/lab5/lab5_template/vhls/convolution.hpp 
Execute     is_xip C:/ece1195/labs/lab5/lab5_template/vhls/convolution.hpp 
Execute     is_encrypted C:/ece1195/labs/lab5/lab5_template/vhls/convolution.cpp 
Execute     is_xip C:/ece1195/labs/lab5/lab5_template/vhls/convolution.cpp 
Execute     get_default_platform 
INFO: [SIM 211-1] CSim file generation done with 0 errors.
INFO: [SIM 211-3] *************** CSIM finish ***************
Command   csim_design done; 11.635 sec.
Command ap_source done; 12.844 sec.
Execute cleanup_all 
