Vivado Simulator 2018.3
Copyright 1986-1999, 2001-2018 Xilinx, Inc. All Rights Reserved.
Running: C:/Xilinx/Vivado/2018.3/bin/unwrapped/win64.o/xelab.exe -wto a1f545bb1f0a4c199c1ff4844a57a957 --incr --debug typical --relax --mt 2 -L xil_defaultlib -L secureip --snapshot CheckSummer_behav xil_defaultlib.CheckSummer -log elaborate.log 
Using 2 slave threads.
Starting static elaboration
Completed static elaboration
Starting simulation data flow analysis
Completed simulation data flow analysis
Time Resolution for simulation is 1ps
Compiling package std.standard
Compiling package std.textio
Compiling package ieee.std_logic_1164
Compiling package ieee.std_logic_arith
Compiling package ieee.std_logic_unsigned
Compiling package ieee.numeric_std
Compiling architecture struct of entity xil_defaultlib.add8 [add8_default]
Compiling architecture struct of entity xil_defaultlib.counter [counter_default]
Compiling architecture struct of entity xil_defaultlib.reg8 [reg8_default]
Compiling architecture behavioral of entity xil_defaultlib.fsm [fsm_default]
Compiling architecture arc of entity xil_defaultlib.datapath [datapath_default]
Compiling architecture arc of entity xil_defaultlib.checksummer
Built simulation snapshot CheckSummer_behav
