Copyright 1986-2018 Xilinx, Inc. All Rights Reserved.
-----------------------------------------------------------------------------------------------------------------------------------------------------------------------------
| Tool Version : Vivado v.2018.3 (win64) Build 2405991 Thu Dec  6 23:38:27 MST 2018
| Date         : Mon Mar  8 12:13:44 2021
| Host         : DESKTOP-9AE4DJD running 64-bit major release  (build 9200)
| Command      : report_methodology -file lab_3_wrapper_methodology_drc_routed.rpt -pb lab_3_wrapper_methodology_drc_routed.pb -rpx lab_3_wrapper_methodology_drc_routed.rpx
| Design       : lab_3_wrapper
| Device       : xc7z020clg400-1
| Speed File   : -1
| Design State : Fully Routed
-----------------------------------------------------------------------------------------------------------------------------------------------------------------------------

Report Methodology

Table of Contents
-----------------
1. REPORT SUMMARY
2. REPORT DETAILS

1. REPORT SUMMARY
-----------------
            Netlist: netlist
          Floorplan: design_1
      Design limits: <entire design considered>
             Max violations: <unlimited>
             Violations found: 196
+-----------+----------+------------------------------------------------+------------+
| Rule      | Severity | Description                                    | Violations |
+-----------+----------+------------------------------------------------+------------+
| TIMING-6  | Warning  | No common primary clock between related clocks | 2          |
| TIMING-7  | Warning  | No common node between related clocks          | 2          |
| TIMING-16 | Warning  | Large setup violation                          | 96         |
| TIMING-20 | Warning  | Non-clocked latch                              | 96         |
+-----------+----------+------------------------------------------------+------------+

2. REPORT DETAILS
-----------------
TIMING-6#1 Warning
No common primary clock between related clocks  
The clocks clk_fpga_0 and clk_fpga_1 are related (timed together) but they have no common primary clock. The design could fail in hardware. To find a timing path between these clocks, run the following command: report_timing -from [get_clocks clk_fpga_0] -to [get_clocks clk_fpga_1]
Related violations: <none>

TIMING-6#2 Warning
No common primary clock between related clocks  
The clocks clk_fpga_1 and clk_fpga_0 are related (timed together) but they have no common primary clock. The design could fail in hardware. To find a timing path between these clocks, run the following command: report_timing -from [get_clocks clk_fpga_1] -to [get_clocks clk_fpga_0]
Related violations: <none>

TIMING-7#1 Warning
No common node between related clocks  
The clocks clk_fpga_0 and clk_fpga_1 are related (timed together) but they have no common node. The design could fail in hardware. To find a timing path between these clocks, run the following command: report_timing -from [get_clocks clk_fpga_0] -to [get_clocks clk_fpga_1]
Related violations: <none>

TIMING-7#2 Warning
No common node between related clocks  
The clocks clk_fpga_1 and clk_fpga_0 are related (timed together) but they have no common node. The design could fail in hardware. To find a timing path between these clocks, run the following command: report_timing -from [get_clocks clk_fpga_1] -to [get_clocks clk_fpga_0]
Related violations: <none>

TIMING-16#1 Warning
Large setup violation  
There is a large setup violation of -1.335 ns between lab_3_i/axi_regmap_0/U0/MM_i/slv_out_reg[2][0]/C (clocked by clk_fpga_0) and lab_3_i/top_level_0/U0/mul/c/count_reg[1]/CE (clocked by clk_fpga_1). Large setup violations at the end of those stages might be difficult to fix during the post-placement implementation flow and could be the result of non-optimal XDC constraints or non-optimal design architecture
Related violations: <none>

TIMING-16#2 Warning
Large setup violation  
There is a large setup violation of -1.335 ns between lab_3_i/axi_regmap_0/U0/MM_i/slv_out_reg[2][0]/C (clocked by clk_fpga_0) and lab_3_i/top_level_0/U0/mul/c/count_reg[2]/CE (clocked by clk_fpga_1). Large setup violations at the end of those stages might be difficult to fix during the post-placement implementation flow and could be the result of non-optimal XDC constraints or non-optimal design architecture
Related violations: <none>

TIMING-16#3 Warning
Large setup violation  
There is a large setup violation of -1.335 ns between lab_3_i/axi_regmap_0/U0/MM_i/slv_out_reg[2][0]/C (clocked by clk_fpga_0) and lab_3_i/top_level_0/U0/mul/c/count_reg[3]/CE (clocked by clk_fpga_1). Large setup violations at the end of those stages might be difficult to fix during the post-placement implementation flow and could be the result of non-optimal XDC constraints or non-optimal design architecture
Related violations: <none>

TIMING-16#4 Warning
Large setup violation  
There is a large setup violation of -1.335 ns between lab_3_i/axi_regmap_0/U0/MM_i/slv_out_reg[2][0]/C (clocked by clk_fpga_0) and lab_3_i/top_level_0/U0/mul/c/count_reg[4]/CE (clocked by clk_fpga_1). Large setup violations at the end of those stages might be difficult to fix during the post-placement implementation flow and could be the result of non-optimal XDC constraints or non-optimal design architecture
Related violations: <none>

TIMING-16#5 Warning
Large setup violation  
There is a large setup violation of -1.545 ns between lab_3_i/top_level_0/U0/mul/reg/L1[57].regs/Q_reg/C (clocked by clk_fpga_1) and lab_3_i/ps7_0_axi_periph/s00_couplers/auto_pc/inst/gen_axilite.gen_b2s_conv.axilite_b2s/RD.r_channel_0/rd_data_fifo_0/memory_reg[31][25]_srl32/D (clocked by clk_fpga_0). Large setup violations at the end of those stages might be difficult to fix during the post-placement implementation flow and could be the result of non-optimal XDC constraints or non-optimal design architecture
Related violations: <none>

TIMING-16#6 Warning
Large setup violation  
There is a large setup violation of -1.564 ns between lab_3_i/axi_regmap_0/U0/MM_i/slv_out_reg[2][0]/C (clocked by clk_fpga_0) and lab_3_i/top_level_0/U0/mul/c/count_reg[10]/CE (clocked by clk_fpga_1). Large setup violations at the end of those stages might be difficult to fix during the post-placement implementation flow and could be the result of non-optimal XDC constraints or non-optimal design architecture
Related violations: <none>

TIMING-16#7 Warning
Large setup violation  
There is a large setup violation of -1.564 ns between lab_3_i/axi_regmap_0/U0/MM_i/slv_out_reg[2][0]/C (clocked by clk_fpga_0) and lab_3_i/top_level_0/U0/mul/c/count_reg[11]/CE (clocked by clk_fpga_1). Large setup violations at the end of those stages might be difficult to fix during the post-placement implementation flow and could be the result of non-optimal XDC constraints or non-optimal design architecture
Related violations: <none>

TIMING-16#8 Warning
Large setup violation  
There is a large setup violation of -1.564 ns between lab_3_i/axi_regmap_0/U0/MM_i/slv_out_reg[2][0]/C (clocked by clk_fpga_0) and lab_3_i/top_level_0/U0/mul/c/count_reg[12]/CE (clocked by clk_fpga_1). Large setup violations at the end of those stages might be difficult to fix during the post-placement implementation flow and could be the result of non-optimal XDC constraints or non-optimal design architecture
Related violations: <none>

TIMING-16#9 Warning
Large setup violation  
There is a large setup violation of -1.564 ns between lab_3_i/axi_regmap_0/U0/MM_i/slv_out_reg[2][0]/C (clocked by clk_fpga_0) and lab_3_i/top_level_0/U0/mul/c/count_reg[9]/CE (clocked by clk_fpga_1). Large setup violations at the end of those stages might be difficult to fix during the post-placement implementation flow and could be the result of non-optimal XDC constraints or non-optimal design architecture
Related violations: <none>

TIMING-16#10 Warning
Large setup violation  
There is a large setup violation of -1.566 ns between lab_3_i/axi_regmap_0/U0/MM_i/slv_out_reg[2][0]/C (clocked by clk_fpga_0) and lab_3_i/top_level_0/U0/mul/c/count_reg[5]/CE (clocked by clk_fpga_1). Large setup violations at the end of those stages might be difficult to fix during the post-placement implementation flow and could be the result of non-optimal XDC constraints or non-optimal design architecture
Related violations: <none>

TIMING-16#11 Warning
Large setup violation  
There is a large setup violation of -1.566 ns between lab_3_i/axi_regmap_0/U0/MM_i/slv_out_reg[2][0]/C (clocked by clk_fpga_0) and lab_3_i/top_level_0/U0/mul/c/count_reg[6]/CE (clocked by clk_fpga_1). Large setup violations at the end of those stages might be difficult to fix during the post-placement implementation flow and could be the result of non-optimal XDC constraints or non-optimal design architecture
Related violations: <none>

TIMING-16#12 Warning
Large setup violation  
There is a large setup violation of -1.566 ns between lab_3_i/axi_regmap_0/U0/MM_i/slv_out_reg[2][0]/C (clocked by clk_fpga_0) and lab_3_i/top_level_0/U0/mul/c/count_reg[7]/CE (clocked by clk_fpga_1). Large setup violations at the end of those stages might be difficult to fix during the post-placement implementation flow and could be the result of non-optimal XDC constraints or non-optimal design architecture
Related violations: <none>

TIMING-16#13 Warning
Large setup violation  
There is a large setup violation of -1.566 ns between lab_3_i/axi_regmap_0/U0/MM_i/slv_out_reg[2][0]/C (clocked by clk_fpga_0) and lab_3_i/top_level_0/U0/mul/c/count_reg[8]/CE (clocked by clk_fpga_1). Large setup violations at the end of those stages might be difficult to fix during the post-placement implementation flow and could be the result of non-optimal XDC constraints or non-optimal design architecture
Related violations: <none>

TIMING-16#14 Warning
Large setup violation  
There is a large setup violation of -1.602 ns between lab_3_i/axi_regmap_0/U0/MM_i/slv_out_reg[2][0]/C (clocked by clk_fpga_0) and lab_3_i/top_level_0/U0/mul/c/count_reg[0]/CE (clocked by clk_fpga_1). Large setup violations at the end of those stages might be difficult to fix during the post-placement implementation flow and could be the result of non-optimal XDC constraints or non-optimal design architecture
Related violations: <none>

TIMING-16#15 Warning
Large setup violation  
There is a large setup violation of -1.648 ns between lab_3_i/axi_regmap_0/U0/MM_i/slv_out_reg[2][0]/C (clocked by clk_fpga_0) and lab_3_i/top_level_0/U0/mul/c/count_reg[29]/CE (clocked by clk_fpga_1). Large setup violations at the end of those stages might be difficult to fix during the post-placement implementation flow and could be the result of non-optimal XDC constraints or non-optimal design architecture
Related violations: <none>

TIMING-16#16 Warning
Large setup violation  
There is a large setup violation of -1.648 ns between lab_3_i/axi_regmap_0/U0/MM_i/slv_out_reg[2][0]/C (clocked by clk_fpga_0) and lab_3_i/top_level_0/U0/mul/c/count_reg[30]/CE (clocked by clk_fpga_1). Large setup violations at the end of those stages might be difficult to fix during the post-placement implementation flow and could be the result of non-optimal XDC constraints or non-optimal design architecture
Related violations: <none>

TIMING-16#17 Warning
Large setup violation  
There is a large setup violation of -1.648 ns between lab_3_i/axi_regmap_0/U0/MM_i/slv_out_reg[2][0]/C (clocked by clk_fpga_0) and lab_3_i/top_level_0/U0/mul/c/count_reg[31]/CE (clocked by clk_fpga_1). Large setup violations at the end of those stages might be difficult to fix during the post-placement implementation flow and could be the result of non-optimal XDC constraints or non-optimal design architecture
Related violations: <none>

TIMING-16#18 Warning
Large setup violation  
There is a large setup violation of -1.683 ns between lab_3_i/top_level_0/U0/mul/reg/L1[52].regs/Q_reg/C (clocked by clk_fpga_1) and lab_3_i/ps7_0_axi_periph/s00_couplers/auto_pc/inst/gen_axilite.gen_b2s_conv.axilite_b2s/RD.r_channel_0/rd_data_fifo_0/memory_reg[31][20]_srl32/D (clocked by clk_fpga_0). Large setup violations at the end of those stages might be difficult to fix during the post-placement implementation flow and could be the result of non-optimal XDC constraints or non-optimal design architecture
Related violations: <none>

TIMING-16#19 Warning
Large setup violation  
There is a large setup violation of -1.736 ns between lab_3_i/top_level_0/U0/mul/reg/L1[22].regs/Q_reg/C (clocked by clk_fpga_1) and lab_3_i/ps7_0_axi_periph/s00_couplers/auto_pc/inst/gen_axilite.gen_b2s_conv.axilite_b2s/RD.r_channel_0/rd_data_fifo_0/memory_reg[31][22]_srl32/D (clocked by clk_fpga_0). Large setup violations at the end of those stages might be difficult to fix during the post-placement implementation flow and could be the result of non-optimal XDC constraints or non-optimal design architecture
Related violations: <none>

TIMING-16#20 Warning
Large setup violation  
There is a large setup violation of -1.834 ns between lab_3_i/top_level_0/U0/mul/reg/L1[58].regs/Q_reg/C (clocked by clk_fpga_1) and lab_3_i/ps7_0_axi_periph/s00_couplers/auto_pc/inst/gen_axilite.gen_b2s_conv.axilite_b2s/RD.r_channel_0/rd_data_fifo_0/memory_reg[31][26]_srl32/D (clocked by clk_fpga_0). Large setup violations at the end of those stages might be difficult to fix during the post-placement implementation flow and could be the result of non-optimal XDC constraints or non-optimal design architecture
Related violations: <none>

TIMING-16#21 Warning
Large setup violation  
There is a large setup violation of -1.848 ns between lab_3_i/axi_regmap_0/U0/MM_i/slv_out_reg[2][0]/C (clocked by clk_fpga_0) and lab_3_i/top_level_0/U0/mul/c/count_reg[13]/CE (clocked by clk_fpga_1). Large setup violations at the end of those stages might be difficult to fix during the post-placement implementation flow and could be the result of non-optimal XDC constraints or non-optimal design architecture
Related violations: <none>

TIMING-16#22 Warning
Large setup violation  
There is a large setup violation of -1.848 ns between lab_3_i/axi_regmap_0/U0/MM_i/slv_out_reg[2][0]/C (clocked by clk_fpga_0) and lab_3_i/top_level_0/U0/mul/c/count_reg[14]/CE (clocked by clk_fpga_1). Large setup violations at the end of those stages might be difficult to fix during the post-placement implementation flow and could be the result of non-optimal XDC constraints or non-optimal design architecture
Related violations: <none>

TIMING-16#23 Warning
Large setup violation  
There is a large setup violation of -1.848 ns between lab_3_i/axi_regmap_0/U0/MM_i/slv_out_reg[2][0]/C (clocked by clk_fpga_0) and lab_3_i/top_level_0/U0/mul/c/count_reg[15]/CE (clocked by clk_fpga_1). Large setup violations at the end of those stages might be difficult to fix during the post-placement implementation flow and could be the result of non-optimal XDC constraints or non-optimal design architecture
Related violations: <none>

TIMING-16#24 Warning
Large setup violation  
There is a large setup violation of -1.848 ns between lab_3_i/axi_regmap_0/U0/MM_i/slv_out_reg[2][0]/C (clocked by clk_fpga_0) and lab_3_i/top_level_0/U0/mul/c/count_reg[16]/CE (clocked by clk_fpga_1). Large setup violations at the end of those stages might be difficult to fix during the post-placement implementation flow and could be the result of non-optimal XDC constraints or non-optimal design architecture
Related violations: <none>

TIMING-16#25 Warning
Large setup violation  
There is a large setup violation of -1.866 ns between lab_3_i/top_level_0/U0/mul/reg/L1[59].regs/Q_reg/C (clocked by clk_fpga_1) and lab_3_i/ps7_0_axi_periph/s00_couplers/auto_pc/inst/gen_axilite.gen_b2s_conv.axilite_b2s/RD.r_channel_0/rd_data_fifo_0/memory_reg[31][27]_srl32/D (clocked by clk_fpga_0). Large setup violations at the end of those stages might be difficult to fix during the post-placement implementation flow and could be the result of non-optimal XDC constraints or non-optimal design architecture
Related violations: <none>

TIMING-16#26 Warning
Large setup violation  
There is a large setup violation of -1.906 ns between lab_3_i/top_level_0/U0/mul/reg/L1[6].regs/Q_reg/C (clocked by clk_fpga_1) and lab_3_i/ps7_0_axi_periph/s00_couplers/auto_pc/inst/gen_axilite.gen_b2s_conv.axilite_b2s/RD.r_channel_0/rd_data_fifo_0/memory_reg[31][6]_srl32/D (clocked by clk_fpga_0). Large setup violations at the end of those stages might be difficult to fix during the post-placement implementation flow and could be the result of non-optimal XDC constraints or non-optimal design architecture
Related violations: <none>

TIMING-16#27 Warning
Large setup violation  
There is a large setup violation of -1.920 ns between lab_3_i/axi_regmap_0/U0/MM_i/slv_out_reg[2][0]/C (clocked by clk_fpga_0) and lab_3_i/top_level_0/U0/mul/c/count_reg[21]/CE (clocked by clk_fpga_1). Large setup violations at the end of those stages might be difficult to fix during the post-placement implementation flow and could be the result of non-optimal XDC constraints or non-optimal design architecture
Related violations: <none>

TIMING-16#28 Warning
Large setup violation  
There is a large setup violation of -1.920 ns between lab_3_i/axi_regmap_0/U0/MM_i/slv_out_reg[2][0]/C (clocked by clk_fpga_0) and lab_3_i/top_level_0/U0/mul/c/count_reg[22]/CE (clocked by clk_fpga_1). Large setup violations at the end of those stages might be difficult to fix during the post-placement implementation flow and could be the result of non-optimal XDC constraints or non-optimal design architecture
Related violations: <none>

TIMING-16#29 Warning
Large setup violation  
There is a large setup violation of -1.920 ns between lab_3_i/axi_regmap_0/U0/MM_i/slv_out_reg[2][0]/C (clocked by clk_fpga_0) and lab_3_i/top_level_0/U0/mul/c/count_reg[23]/CE (clocked by clk_fpga_1). Large setup violations at the end of those stages might be difficult to fix during the post-placement implementation flow and could be the result of non-optimal XDC constraints or non-optimal design architecture
Related violations: <none>

TIMING-16#30 Warning
Large setup violation  
There is a large setup violation of -1.920 ns between lab_3_i/axi_regmap_0/U0/MM_i/slv_out_reg[2][0]/C (clocked by clk_fpga_0) and lab_3_i/top_level_0/U0/mul/c/count_reg[24]/CE (clocked by clk_fpga_1). Large setup violations at the end of those stages might be difficult to fix during the post-placement implementation flow and could be the result of non-optimal XDC constraints or non-optimal design architecture
Related violations: <none>

TIMING-16#31 Warning
Large setup violation  
There is a large setup violation of -1.928 ns between lab_3_i/axi_regmap_0/U0/MM_i/slv_out_reg[2][0]/C (clocked by clk_fpga_0) and lab_3_i/top_level_0/U0/mul/c/count_reg[0]/R (clocked by clk_fpga_1). Large setup violations at the end of those stages might be difficult to fix during the post-placement implementation flow and could be the result of non-optimal XDC constraints or non-optimal design architecture
Related violations: <none>

TIMING-16#32 Warning
Large setup violation  
There is a large setup violation of -1.935 ns between lab_3_i/axi_regmap_0/U0/MM_i/slv_out_reg[2][0]/C (clocked by clk_fpga_0) and lab_3_i/top_level_0/U0/mul/c/count_reg[25]/CE (clocked by clk_fpga_1). Large setup violations at the end of those stages might be difficult to fix during the post-placement implementation flow and could be the result of non-optimal XDC constraints or non-optimal design architecture
Related violations: <none>

TIMING-16#33 Warning
Large setup violation  
There is a large setup violation of -1.935 ns between lab_3_i/axi_regmap_0/U0/MM_i/slv_out_reg[2][0]/C (clocked by clk_fpga_0) and lab_3_i/top_level_0/U0/mul/c/count_reg[26]/CE (clocked by clk_fpga_1). Large setup violations at the end of those stages might be difficult to fix during the post-placement implementation flow and could be the result of non-optimal XDC constraints or non-optimal design architecture
Related violations: <none>

TIMING-16#34 Warning
Large setup violation  
There is a large setup violation of -1.935 ns between lab_3_i/axi_regmap_0/U0/MM_i/slv_out_reg[2][0]/C (clocked by clk_fpga_0) and lab_3_i/top_level_0/U0/mul/c/count_reg[27]/CE (clocked by clk_fpga_1). Large setup violations at the end of those stages might be difficult to fix during the post-placement implementation flow and could be the result of non-optimal XDC constraints or non-optimal design architecture
Related violations: <none>

TIMING-16#35 Warning
Large setup violation  
There is a large setup violation of -1.935 ns between lab_3_i/axi_regmap_0/U0/MM_i/slv_out_reg[2][0]/C (clocked by clk_fpga_0) and lab_3_i/top_level_0/U0/mul/c/count_reg[28]/CE (clocked by clk_fpga_1). Large setup violations at the end of those stages might be difficult to fix during the post-placement implementation flow and could be the result of non-optimal XDC constraints or non-optimal design architecture
Related violations: <none>

TIMING-16#36 Warning
Large setup violation  
There is a large setup violation of -1.974 ns between lab_3_i/top_level_0/U0/mul/reg/L1[10].regs/Q_reg/C (clocked by clk_fpga_1) and lab_3_i/ps7_0_axi_periph/s00_couplers/auto_pc/inst/gen_axilite.gen_b2s_conv.axilite_b2s/RD.r_channel_0/rd_data_fifo_0/memory_reg[31][10]_srl32/D (clocked by clk_fpga_0). Large setup violations at the end of those stages might be difficult to fix during the post-placement implementation flow and could be the result of non-optimal XDC constraints or non-optimal design architecture
Related violations: <none>

TIMING-16#37 Warning
Large setup violation  
There is a large setup violation of -2.018 ns between lab_3_i/axi_regmap_0/U0/MM_i/slv_out_reg[2][0]/C (clocked by clk_fpga_0) and lab_3_i/top_level_0/U0/mul/c/count_reg[5]/R (clocked by clk_fpga_1). Large setup violations at the end of those stages might be difficult to fix during the post-placement implementation flow and could be the result of non-optimal XDC constraints or non-optimal design architecture
Related violations: <none>

TIMING-16#38 Warning
Large setup violation  
There is a large setup violation of -2.018 ns between lab_3_i/axi_regmap_0/U0/MM_i/slv_out_reg[2][0]/C (clocked by clk_fpga_0) and lab_3_i/top_level_0/U0/mul/c/count_reg[6]/R (clocked by clk_fpga_1). Large setup violations at the end of those stages might be difficult to fix during the post-placement implementation flow and could be the result of non-optimal XDC constraints or non-optimal design architecture
Related violations: <none>

TIMING-16#39 Warning
Large setup violation  
There is a large setup violation of -2.018 ns between lab_3_i/axi_regmap_0/U0/MM_i/slv_out_reg[2][0]/C (clocked by clk_fpga_0) and lab_3_i/top_level_0/U0/mul/c/count_reg[7]/R (clocked by clk_fpga_1). Large setup violations at the end of those stages might be difficult to fix during the post-placement implementation flow and could be the result of non-optimal XDC constraints or non-optimal design architecture
Related violations: <none>

TIMING-16#40 Warning
Large setup violation  
There is a large setup violation of -2.018 ns between lab_3_i/axi_regmap_0/U0/MM_i/slv_out_reg[2][0]/C (clocked by clk_fpga_0) and lab_3_i/top_level_0/U0/mul/c/count_reg[8]/R (clocked by clk_fpga_1). Large setup violations at the end of those stages might be difficult to fix during the post-placement implementation flow and could be the result of non-optimal XDC constraints or non-optimal design architecture
Related violations: <none>

TIMING-16#41 Warning
Large setup violation  
There is a large setup violation of -2.023 ns between lab_3_i/axi_regmap_0/U0/MM_i/slv_out_reg[2][0]/C (clocked by clk_fpga_0) and lab_3_i/top_level_0/U0/mul/c/count_reg[10]/R (clocked by clk_fpga_1). Large setup violations at the end of those stages might be difficult to fix during the post-placement implementation flow and could be the result of non-optimal XDC constraints or non-optimal design architecture
Related violations: <none>

TIMING-16#42 Warning
Large setup violation  
There is a large setup violation of -2.023 ns between lab_3_i/axi_regmap_0/U0/MM_i/slv_out_reg[2][0]/C (clocked by clk_fpga_0) and lab_3_i/top_level_0/U0/mul/c/count_reg[11]/R (clocked by clk_fpga_1). Large setup violations at the end of those stages might be difficult to fix during the post-placement implementation flow and could be the result of non-optimal XDC constraints or non-optimal design architecture
Related violations: <none>

TIMING-16#43 Warning
Large setup violation  
There is a large setup violation of -2.023 ns between lab_3_i/axi_regmap_0/U0/MM_i/slv_out_reg[2][0]/C (clocked by clk_fpga_0) and lab_3_i/top_level_0/U0/mul/c/count_reg[12]/R (clocked by clk_fpga_1). Large setup violations at the end of those stages might be difficult to fix during the post-placement implementation flow and could be the result of non-optimal XDC constraints or non-optimal design architecture
Related violations: <none>

TIMING-16#44 Warning
Large setup violation  
There is a large setup violation of -2.023 ns between lab_3_i/axi_regmap_0/U0/MM_i/slv_out_reg[2][0]/C (clocked by clk_fpga_0) and lab_3_i/top_level_0/U0/mul/c/count_reg[9]/R (clocked by clk_fpga_1). Large setup violations at the end of those stages might be difficult to fix during the post-placement implementation flow and could be the result of non-optimal XDC constraints or non-optimal design architecture
Related violations: <none>

TIMING-16#45 Warning
Large setup violation  
There is a large setup violation of -2.033 ns between lab_3_i/axi_regmap_0/U0/MM_i/slv_out_reg[2][0]/C (clocked by clk_fpga_0) and lab_3_i/top_level_0/U0/mul/c/count_reg[1]/R (clocked by clk_fpga_1). Large setup violations at the end of those stages might be difficult to fix during the post-placement implementation flow and could be the result of non-optimal XDC constraints or non-optimal design architecture
Related violations: <none>

TIMING-16#46 Warning
Large setup violation  
There is a large setup violation of -2.033 ns between lab_3_i/axi_regmap_0/U0/MM_i/slv_out_reg[2][0]/C (clocked by clk_fpga_0) and lab_3_i/top_level_0/U0/mul/c/count_reg[2]/R (clocked by clk_fpga_1). Large setup violations at the end of those stages might be difficult to fix during the post-placement implementation flow and could be the result of non-optimal XDC constraints or non-optimal design architecture
Related violations: <none>

TIMING-16#47 Warning
Large setup violation  
There is a large setup violation of -2.033 ns between lab_3_i/axi_regmap_0/U0/MM_i/slv_out_reg[2][0]/C (clocked by clk_fpga_0) and lab_3_i/top_level_0/U0/mul/c/count_reg[3]/R (clocked by clk_fpga_1). Large setup violations at the end of those stages might be difficult to fix during the post-placement implementation flow and could be the result of non-optimal XDC constraints or non-optimal design architecture
Related violations: <none>

TIMING-16#48 Warning
Large setup violation  
There is a large setup violation of -2.033 ns between lab_3_i/axi_regmap_0/U0/MM_i/slv_out_reg[2][0]/C (clocked by clk_fpga_0) and lab_3_i/top_level_0/U0/mul/c/count_reg[4]/R (clocked by clk_fpga_1). Large setup violations at the end of those stages might be difficult to fix during the post-placement implementation flow and could be the result of non-optimal XDC constraints or non-optimal design architecture
Related violations: <none>

TIMING-16#49 Warning
Large setup violation  
There is a large setup violation of -2.078 ns between lab_3_i/top_level_0/U0/mul/reg/L1[19].regs/Q_reg/C (clocked by clk_fpga_1) and lab_3_i/ps7_0_axi_periph/s00_couplers/auto_pc/inst/gen_axilite.gen_b2s_conv.axilite_b2s/RD.r_channel_0/rd_data_fifo_0/memory_reg[31][19]_srl32/D (clocked by clk_fpga_0). Large setup violations at the end of those stages might be difficult to fix during the post-placement implementation flow and could be the result of non-optimal XDC constraints or non-optimal design architecture
Related violations: <none>

TIMING-16#50 Warning
Large setup violation  
There is a large setup violation of -2.086 ns between lab_3_i/axi_regmap_0/U0/MM_i/slv_out_reg[2][0]/C (clocked by clk_fpga_0) and lab_3_i/top_level_0/U0/mul/c/count_reg[17]/CE (clocked by clk_fpga_1). Large setup violations at the end of those stages might be difficult to fix during the post-placement implementation flow and could be the result of non-optimal XDC constraints or non-optimal design architecture
Related violations: <none>

TIMING-16#51 Warning
Large setup violation  
There is a large setup violation of -2.086 ns between lab_3_i/axi_regmap_0/U0/MM_i/slv_out_reg[2][0]/C (clocked by clk_fpga_0) and lab_3_i/top_level_0/U0/mul/c/count_reg[18]/CE (clocked by clk_fpga_1). Large setup violations at the end of those stages might be difficult to fix during the post-placement implementation flow and could be the result of non-optimal XDC constraints or non-optimal design architecture
Related violations: <none>

TIMING-16#52 Warning
Large setup violation  
There is a large setup violation of -2.086 ns between lab_3_i/axi_regmap_0/U0/MM_i/slv_out_reg[2][0]/C (clocked by clk_fpga_0) and lab_3_i/top_level_0/U0/mul/c/count_reg[19]/CE (clocked by clk_fpga_1). Large setup violations at the end of those stages might be difficult to fix during the post-placement implementation flow and could be the result of non-optimal XDC constraints or non-optimal design architecture
Related violations: <none>

TIMING-16#53 Warning
Large setup violation  
There is a large setup violation of -2.086 ns between lab_3_i/axi_regmap_0/U0/MM_i/slv_out_reg[2][0]/C (clocked by clk_fpga_0) and lab_3_i/top_level_0/U0/mul/c/count_reg[20]/CE (clocked by clk_fpga_1). Large setup violations at the end of those stages might be difficult to fix during the post-placement implementation flow and could be the result of non-optimal XDC constraints or non-optimal design architecture
Related violations: <none>

TIMING-16#54 Warning
Large setup violation  
There is a large setup violation of -2.137 ns between lab_3_i/top_level_0/U0/mul/reg/L1[53].regs/Q_reg/C (clocked by clk_fpga_1) and lab_3_i/ps7_0_axi_periph/s00_couplers/auto_pc/inst/gen_axilite.gen_b2s_conv.axilite_b2s/RD.r_channel_0/rd_data_fifo_0/memory_reg[31][21]_srl32/D (clocked by clk_fpga_0). Large setup violations at the end of those stages might be difficult to fix during the post-placement implementation flow and could be the result of non-optimal XDC constraints or non-optimal design architecture
Related violations: <none>

TIMING-16#55 Warning
Large setup violation  
There is a large setup violation of -2.148 ns between lab_3_i/axi_regmap_0/U0/MM_i/slv_out_reg[2][0]/C (clocked by clk_fpga_0) and lab_3_i/top_level_0/U0/mul/c/count_reg[25]/R (clocked by clk_fpga_1). Large setup violations at the end of those stages might be difficult to fix during the post-placement implementation flow and could be the result of non-optimal XDC constraints or non-optimal design architecture
Related violations: <none>

TIMING-16#56 Warning
Large setup violation  
There is a large setup violation of -2.148 ns between lab_3_i/axi_regmap_0/U0/MM_i/slv_out_reg[2][0]/C (clocked by clk_fpga_0) and lab_3_i/top_level_0/U0/mul/c/count_reg[26]/R (clocked by clk_fpga_1). Large setup violations at the end of those stages might be difficult to fix during the post-placement implementation flow and could be the result of non-optimal XDC constraints or non-optimal design architecture
Related violations: <none>

TIMING-16#57 Warning
Large setup violation  
There is a large setup violation of -2.148 ns between lab_3_i/axi_regmap_0/U0/MM_i/slv_out_reg[2][0]/C (clocked by clk_fpga_0) and lab_3_i/top_level_0/U0/mul/c/count_reg[27]/R (clocked by clk_fpga_1). Large setup violations at the end of those stages might be difficult to fix during the post-placement implementation flow and could be the result of non-optimal XDC constraints or non-optimal design architecture
Related violations: <none>

TIMING-16#58 Warning
Large setup violation  
There is a large setup violation of -2.148 ns between lab_3_i/axi_regmap_0/U0/MM_i/slv_out_reg[2][0]/C (clocked by clk_fpga_0) and lab_3_i/top_level_0/U0/mul/c/count_reg[28]/R (clocked by clk_fpga_1). Large setup violations at the end of those stages might be difficult to fix during the post-placement implementation flow and could be the result of non-optimal XDC constraints or non-optimal design architecture
Related violations: <none>

TIMING-16#59 Warning
Large setup violation  
There is a large setup violation of -2.186 ns between lab_3_i/top_level_0/U0/mul/reg/L1[60].regs/Q_reg/C (clocked by clk_fpga_1) and lab_3_i/ps7_0_axi_periph/s00_couplers/auto_pc/inst/gen_axilite.gen_b2s_conv.axilite_b2s/RD.r_channel_0/rd_data_fifo_0/memory_reg[31][28]_srl32/D (clocked by clk_fpga_0). Large setup violations at the end of those stages might be difficult to fix during the post-placement implementation flow and could be the result of non-optimal XDC constraints or non-optimal design architecture
Related violations: <none>

TIMING-16#60 Warning
Large setup violation  
There is a large setup violation of -2.210 ns between lab_3_i/top_level_0/U0/mul/reg/L1[36].regs/Q_reg/C (clocked by clk_fpga_1) and lab_3_i/ps7_0_axi_periph/s00_couplers/auto_pc/inst/gen_axilite.gen_b2s_conv.axilite_b2s/RD.r_channel_0/rd_data_fifo_0/memory_reg[31][4]_srl32/D (clocked by clk_fpga_0). Large setup violations at the end of those stages might be difficult to fix during the post-placement implementation flow and could be the result of non-optimal XDC constraints or non-optimal design architecture
Related violations: <none>

TIMING-16#61 Warning
Large setup violation  
There is a large setup violation of -2.214 ns between lab_3_i/top_level_0/U0/mul/reg/L1[56].regs/Q_reg/C (clocked by clk_fpga_1) and lab_3_i/ps7_0_axi_periph/s00_couplers/auto_pc/inst/gen_axilite.gen_b2s_conv.axilite_b2s/RD.r_channel_0/rd_data_fifo_0/memory_reg[31][24]_srl32/D (clocked by clk_fpga_0). Large setup violations at the end of those stages might be difficult to fix during the post-placement implementation flow and could be the result of non-optimal XDC constraints or non-optimal design architecture
Related violations: <none>

TIMING-16#62 Warning
Large setup violation  
There is a large setup violation of -2.229 ns between lab_3_i/axi_regmap_0/U0/MM_i/slv_out_reg[2][0]/C (clocked by clk_fpga_0) and lab_3_i/top_level_0/U0/mul/c/count_reg[29]/R (clocked by clk_fpga_1). Large setup violations at the end of those stages might be difficult to fix during the post-placement implementation flow and could be the result of non-optimal XDC constraints or non-optimal design architecture
Related violations: <none>

TIMING-16#63 Warning
Large setup violation  
There is a large setup violation of -2.229 ns between lab_3_i/axi_regmap_0/U0/MM_i/slv_out_reg[2][0]/C (clocked by clk_fpga_0) and lab_3_i/top_level_0/U0/mul/c/count_reg[30]/R (clocked by clk_fpga_1). Large setup violations at the end of those stages might be difficult to fix during the post-placement implementation flow and could be the result of non-optimal XDC constraints or non-optimal design architecture
Related violations: <none>

TIMING-16#64 Warning
Large setup violation  
There is a large setup violation of -2.229 ns between lab_3_i/axi_regmap_0/U0/MM_i/slv_out_reg[2][0]/C (clocked by clk_fpga_0) and lab_3_i/top_level_0/U0/mul/c/count_reg[31]/R (clocked by clk_fpga_1). Large setup violations at the end of those stages might be difficult to fix during the post-placement implementation flow and could be the result of non-optimal XDC constraints or non-optimal design architecture
Related violations: <none>

TIMING-16#65 Warning
Large setup violation  
There is a large setup violation of -2.300 ns between lab_3_i/top_level_0/U0/mul/reg/L1[29].regs/Q_reg/C (clocked by clk_fpga_1) and lab_3_i/ps7_0_axi_periph/s00_couplers/auto_pc/inst/gen_axilite.gen_b2s_conv.axilite_b2s/RD.r_channel_0/rd_data_fifo_0/memory_reg[31][29]_srl32/D (clocked by clk_fpga_0). Large setup violations at the end of those stages might be difficult to fix during the post-placement implementation flow and could be the result of non-optimal XDC constraints or non-optimal design architecture
Related violations: <none>

TIMING-16#66 Warning
Large setup violation  
There is a large setup violation of -2.321 ns between lab_3_i/top_level_0/U0/mul/reg/L1[55].regs/Q_reg/C (clocked by clk_fpga_1) and lab_3_i/ps7_0_axi_periph/s00_couplers/auto_pc/inst/gen_axilite.gen_b2s_conv.axilite_b2s/RD.r_channel_0/rd_data_fifo_0/memory_reg[31][23]_srl32/D (clocked by clk_fpga_0). Large setup violations at the end of those stages might be difficult to fix during the post-placement implementation flow and could be the result of non-optimal XDC constraints or non-optimal design architecture
Related violations: <none>

TIMING-16#67 Warning
Large setup violation  
There is a large setup violation of -2.338 ns between lab_3_i/top_level_0/U0/mul/reg/L1[40].regs/Q_reg/C (clocked by clk_fpga_1) and lab_3_i/ps7_0_axi_periph/s00_couplers/auto_pc/inst/gen_axilite.gen_b2s_conv.axilite_b2s/RD.r_channel_0/rd_data_fifo_0/memory_reg[31][8]_srl32/D (clocked by clk_fpga_0). Large setup violations at the end of those stages might be difficult to fix during the post-placement implementation flow and could be the result of non-optimal XDC constraints or non-optimal design architecture
Related violations: <none>

TIMING-16#68 Warning
Large setup violation  
There is a large setup violation of -2.340 ns between lab_3_i/top_level_0/U0/mul/reg/L1[30].regs/Q_reg/C (clocked by clk_fpga_1) and lab_3_i/ps7_0_axi_periph/s00_couplers/auto_pc/inst/gen_axilite.gen_b2s_conv.axilite_b2s/RD.r_channel_0/rd_data_fifo_0/memory_reg[31][30]_srl32/D (clocked by clk_fpga_0). Large setup violations at the end of those stages might be difficult to fix during the post-placement implementation flow and could be the result of non-optimal XDC constraints or non-optimal design architecture
Related violations: <none>

TIMING-16#69 Warning
Large setup violation  
There is a large setup violation of -2.366 ns between lab_3_i/top_level_0/U0/mul/reg/L1[37].regs/Q_reg/C (clocked by clk_fpga_1) and lab_3_i/ps7_0_axi_periph/s00_couplers/auto_pc/inst/gen_axilite.gen_b2s_conv.axilite_b2s/RD.r_channel_0/rd_data_fifo_0/memory_reg[31][5]_srl32/D (clocked by clk_fpga_0). Large setup violations at the end of those stages might be difficult to fix during the post-placement implementation flow and could be the result of non-optimal XDC constraints or non-optimal design architecture
Related violations: <none>

TIMING-16#70 Warning
Large setup violation  
There is a large setup violation of -2.368 ns between lab_3_i/top_level_0/U0/mul/reg/L1[35].regs/Q_reg/C (clocked by clk_fpga_1) and lab_3_i/ps7_0_axi_periph/s00_couplers/auto_pc/inst/gen_axilite.gen_b2s_conv.axilite_b2s/RD.r_channel_0/rd_data_fifo_0/memory_reg[31][3]_srl32/D (clocked by clk_fpga_0). Large setup violations at the end of those stages might be difficult to fix during the post-placement implementation flow and could be the result of non-optimal XDC constraints or non-optimal design architecture
Related violations: <none>

TIMING-16#71 Warning
Large setup violation  
There is a large setup violation of -2.368 ns between lab_3_i/top_level_0/U0/mul/reg/L1[9].regs/Q_reg/C (clocked by clk_fpga_1) and lab_3_i/ps7_0_axi_periph/s00_couplers/auto_pc/inst/gen_axilite.gen_b2s_conv.axilite_b2s/RD.r_channel_0/rd_data_fifo_0/memory_reg[31][9]_srl32/D (clocked by clk_fpga_0). Large setup violations at the end of those stages might be difficult to fix during the post-placement implementation flow and could be the result of non-optimal XDC constraints or non-optimal design architecture
Related violations: <none>

TIMING-16#72 Warning
Large setup violation  
There is a large setup violation of -2.403 ns between lab_3_i/axi_regmap_0/U0/MM_i/slv_out_reg[2][0]/C (clocked by clk_fpga_0) and lab_3_i/top_level_0/U0/mul/c/count_reg[21]/R (clocked by clk_fpga_1). Large setup violations at the end of those stages might be difficult to fix during the post-placement implementation flow and could be the result of non-optimal XDC constraints or non-optimal design architecture
Related violations: <none>

TIMING-16#73 Warning
Large setup violation  
There is a large setup violation of -2.403 ns between lab_3_i/axi_regmap_0/U0/MM_i/slv_out_reg[2][0]/C (clocked by clk_fpga_0) and lab_3_i/top_level_0/U0/mul/c/count_reg[22]/R (clocked by clk_fpga_1). Large setup violations at the end of those stages might be difficult to fix during the post-placement implementation flow and could be the result of non-optimal XDC constraints or non-optimal design architecture
Related violations: <none>

TIMING-16#74 Warning
Large setup violation  
There is a large setup violation of -2.403 ns between lab_3_i/axi_regmap_0/U0/MM_i/slv_out_reg[2][0]/C (clocked by clk_fpga_0) and lab_3_i/top_level_0/U0/mul/c/count_reg[23]/R (clocked by clk_fpga_1). Large setup violations at the end of those stages might be difficult to fix during the post-placement implementation flow and could be the result of non-optimal XDC constraints or non-optimal design architecture
Related violations: <none>

TIMING-16#75 Warning
Large setup violation  
There is a large setup violation of -2.403 ns between lab_3_i/axi_regmap_0/U0/MM_i/slv_out_reg[2][0]/C (clocked by clk_fpga_0) and lab_3_i/top_level_0/U0/mul/c/count_reg[24]/R (clocked by clk_fpga_1). Large setup violations at the end of those stages might be difficult to fix during the post-placement implementation flow and could be the result of non-optimal XDC constraints or non-optimal design architecture
Related violations: <none>

TIMING-16#76 Warning
Large setup violation  
There is a large setup violation of -2.450 ns between lab_3_i/top_level_0/U0/mul/reg/L1[39].regs/Q_reg/C (clocked by clk_fpga_1) and lab_3_i/ps7_0_axi_periph/s00_couplers/auto_pc/inst/gen_axilite.gen_b2s_conv.axilite_b2s/RD.r_channel_0/rd_data_fifo_0/memory_reg[31][7]_srl32/D (clocked by clk_fpga_0). Large setup violations at the end of those stages might be difficult to fix during the post-placement implementation flow and could be the result of non-optimal XDC constraints or non-optimal design architecture
Related violations: <none>

TIMING-16#77 Warning
Large setup violation  
There is a large setup violation of -2.459 ns between lab_3_i/axi_regmap_0/U0/MM_i/slv_out_reg[2][0]/C (clocked by clk_fpga_0) and lab_3_i/top_level_0/U0/mul/c/count_reg[13]/R (clocked by clk_fpga_1). Large setup violations at the end of those stages might be difficult to fix during the post-placement implementation flow and could be the result of non-optimal XDC constraints or non-optimal design architecture
Related violations: <none>

TIMING-16#78 Warning
Large setup violation  
There is a large setup violation of -2.459 ns between lab_3_i/axi_regmap_0/U0/MM_i/slv_out_reg[2][0]/C (clocked by clk_fpga_0) and lab_3_i/top_level_0/U0/mul/c/count_reg[14]/R (clocked by clk_fpga_1). Large setup violations at the end of those stages might be difficult to fix during the post-placement implementation flow and could be the result of non-optimal XDC constraints or non-optimal design architecture
Related violations: <none>

TIMING-16#79 Warning
Large setup violation  
There is a large setup violation of -2.459 ns between lab_3_i/axi_regmap_0/U0/MM_i/slv_out_reg[2][0]/C (clocked by clk_fpga_0) and lab_3_i/top_level_0/U0/mul/c/count_reg[15]/R (clocked by clk_fpga_1). Large setup violations at the end of those stages might be difficult to fix during the post-placement implementation flow and could be the result of non-optimal XDC constraints or non-optimal design architecture
Related violations: <none>

TIMING-16#80 Warning
Large setup violation  
There is a large setup violation of -2.459 ns between lab_3_i/axi_regmap_0/U0/MM_i/slv_out_reg[2][0]/C (clocked by clk_fpga_0) and lab_3_i/top_level_0/U0/mul/c/count_reg[16]/R (clocked by clk_fpga_1). Large setup violations at the end of those stages might be difficult to fix during the post-placement implementation flow and could be the result of non-optimal XDC constraints or non-optimal design architecture
Related violations: <none>

TIMING-16#81 Warning
Large setup violation  
There is a large setup violation of -2.521 ns between lab_3_i/axi_regmap_0/U0/MM_i/slv_out_reg[2][0]/C (clocked by clk_fpga_0) and lab_3_i/top_level_0/U0/mul/c/count_reg[17]/R (clocked by clk_fpga_1). Large setup violations at the end of those stages might be difficult to fix during the post-placement implementation flow and could be the result of non-optimal XDC constraints or non-optimal design architecture
Related violations: <none>

TIMING-16#82 Warning
Large setup violation  
There is a large setup violation of -2.521 ns between lab_3_i/axi_regmap_0/U0/MM_i/slv_out_reg[2][0]/C (clocked by clk_fpga_0) and lab_3_i/top_level_0/U0/mul/c/count_reg[18]/R (clocked by clk_fpga_1). Large setup violations at the end of those stages might be difficult to fix during the post-placement implementation flow and could be the result of non-optimal XDC constraints or non-optimal design architecture
Related violations: <none>

TIMING-16#83 Warning
Large setup violation  
There is a large setup violation of -2.521 ns between lab_3_i/axi_regmap_0/U0/MM_i/slv_out_reg[2][0]/C (clocked by clk_fpga_0) and lab_3_i/top_level_0/U0/mul/c/count_reg[19]/R (clocked by clk_fpga_1). Large setup violations at the end of those stages might be difficult to fix during the post-placement implementation flow and could be the result of non-optimal XDC constraints or non-optimal design architecture
Related violations: <none>

TIMING-16#84 Warning
Large setup violation  
There is a large setup violation of -2.521 ns between lab_3_i/axi_regmap_0/U0/MM_i/slv_out_reg[2][0]/C (clocked by clk_fpga_0) and lab_3_i/top_level_0/U0/mul/c/count_reg[20]/R (clocked by clk_fpga_1). Large setup violations at the end of those stages might be difficult to fix during the post-placement implementation flow and could be the result of non-optimal XDC constraints or non-optimal design architecture
Related violations: <none>

TIMING-16#85 Warning
Large setup violation  
There is a large setup violation of -2.585 ns between lab_3_i/top_level_0/U0/mul/reg/L1[34].regs/Q_reg/C (clocked by clk_fpga_1) and lab_3_i/ps7_0_axi_periph/s00_couplers/auto_pc/inst/gen_axilite.gen_b2s_conv.axilite_b2s/RD.r_channel_0/rd_data_fifo_0/memory_reg[31][2]_srl32/D (clocked by clk_fpga_0). Large setup violations at the end of those stages might be difficult to fix during the post-placement implementation flow and could be the result of non-optimal XDC constraints or non-optimal design architecture
Related violations: <none>

TIMING-16#86 Warning
Large setup violation  
There is a large setup violation of -2.652 ns between lab_3_i/top_level_0/U0/mul/reg/L1[32].regs/Q_reg/C (clocked by clk_fpga_1) and lab_3_i/ps7_0_axi_periph/s00_couplers/auto_pc/inst/gen_axilite.gen_b2s_conv.axilite_b2s/RD.r_channel_0/rd_data_fifo_0/memory_reg[31][0]_srl32/D (clocked by clk_fpga_0). Large setup violations at the end of those stages might be difficult to fix during the post-placement implementation flow and could be the result of non-optimal XDC constraints or non-optimal design architecture
Related violations: <none>

TIMING-16#87 Warning
Large setup violation  
There is a large setup violation of -2.674 ns between lab_3_i/top_level_0/U0/mul/reg/L1[33].regs/Q_reg/C (clocked by clk_fpga_1) and lab_3_i/ps7_0_axi_periph/s00_couplers/auto_pc/inst/gen_axilite.gen_b2s_conv.axilite_b2s/RD.r_channel_0/rd_data_fifo_0/memory_reg[31][1]_srl32/D (clocked by clk_fpga_0). Large setup violations at the end of those stages might be difficult to fix during the post-placement implementation flow and could be the result of non-optimal XDC constraints or non-optimal design architecture
Related violations: <none>

TIMING-16#88 Warning
Large setup violation  
There is a large setup violation of -2.725 ns between lab_3_i/top_level_0/U0/mul/reg/L1[50].regs/Q_reg/C (clocked by clk_fpga_1) and lab_3_i/ps7_0_axi_periph/s00_couplers/auto_pc/inst/gen_axilite.gen_b2s_conv.axilite_b2s/RD.r_channel_0/rd_data_fifo_0/memory_reg[31][18]_srl32/D (clocked by clk_fpga_0). Large setup violations at the end of those stages might be difficult to fix during the post-placement implementation flow and could be the result of non-optimal XDC constraints or non-optimal design architecture
Related violations: <none>

TIMING-16#89 Warning
Large setup violation  
There is a large setup violation of -2.763 ns between lab_3_i/top_level_0/U0/mul/reg/L1[16].regs/Q_reg/C (clocked by clk_fpga_1) and lab_3_i/ps7_0_axi_periph/s00_couplers/auto_pc/inst/gen_axilite.gen_b2s_conv.axilite_b2s/RD.r_channel_0/rd_data_fifo_0/memory_reg[31][16]_srl32/D (clocked by clk_fpga_0). Large setup violations at the end of those stages might be difficult to fix during the post-placement implementation flow and could be the result of non-optimal XDC constraints or non-optimal design architecture
Related violations: <none>

TIMING-16#90 Warning
Large setup violation  
There is a large setup violation of -2.767 ns between lab_3_i/top_level_0/U0/mul/reg/L1[49].regs/Q_reg/C (clocked by clk_fpga_1) and lab_3_i/ps7_0_axi_periph/s00_couplers/auto_pc/inst/gen_axilite.gen_b2s_conv.axilite_b2s/RD.r_channel_0/rd_data_fifo_0/memory_reg[31][17]_srl32/D (clocked by clk_fpga_0). Large setup violations at the end of those stages might be difficult to fix during the post-placement implementation flow and could be the result of non-optimal XDC constraints or non-optimal design architecture
Related violations: <none>

TIMING-16#91 Warning
Large setup violation  
There is a large setup violation of -2.868 ns between lab_3_i/top_level_0/U0/mul/reg/L1[43].regs/Q_reg/C (clocked by clk_fpga_1) and lab_3_i/ps7_0_axi_periph/s00_couplers/auto_pc/inst/gen_axilite.gen_b2s_conv.axilite_b2s/RD.r_channel_0/rd_data_fifo_0/memory_reg[31][11]_srl32/D (clocked by clk_fpga_0). Large setup violations at the end of those stages might be difficult to fix during the post-placement implementation flow and could be the result of non-optimal XDC constraints or non-optimal design architecture
Related violations: <none>

TIMING-16#92 Warning
Large setup violation  
There is a large setup violation of -2.957 ns between lab_3_i/top_level_0/U0/mul/reg/L1[14].regs/Q_reg/C (clocked by clk_fpga_1) and lab_3_i/ps7_0_axi_periph/s00_couplers/auto_pc/inst/gen_axilite.gen_b2s_conv.axilite_b2s/RD.r_channel_0/rd_data_fifo_0/memory_reg[31][14]_srl32/D (clocked by clk_fpga_0). Large setup violations at the end of those stages might be difficult to fix during the post-placement implementation flow and could be the result of non-optimal XDC constraints or non-optimal design architecture
Related violations: <none>

TIMING-16#93 Warning
Large setup violation  
There is a large setup violation of -3.060 ns between lab_3_i/top_level_0/U0/mul/reg/L1[31].regs/Q_reg/C (clocked by clk_fpga_1) and lab_3_i/ps7_0_axi_periph/s00_couplers/auto_pc/inst/gen_axilite.gen_b2s_conv.axilite_b2s/RD.r_channel_0/rd_data_fifo_0/memory_reg[31][31]_srl32/D (clocked by clk_fpga_0). Large setup violations at the end of those stages might be difficult to fix during the post-placement implementation flow and could be the result of non-optimal XDC constraints or non-optimal design architecture
Related violations: <none>

TIMING-16#94 Warning
Large setup violation  
There is a large setup violation of -3.206 ns between lab_3_i/top_level_0/U0/mul/reg/L1[45].regs/Q_reg/C (clocked by clk_fpga_1) and lab_3_i/ps7_0_axi_periph/s00_couplers/auto_pc/inst/gen_axilite.gen_b2s_conv.axilite_b2s/RD.r_channel_0/rd_data_fifo_0/memory_reg[31][13]_srl32/D (clocked by clk_fpga_0). Large setup violations at the end of those stages might be difficult to fix during the post-placement implementation flow and could be the result of non-optimal XDC constraints or non-optimal design architecture
Related violations: <none>

TIMING-16#95 Warning
Large setup violation  
There is a large setup violation of -3.240 ns between lab_3_i/top_level_0/U0/mul/reg/L1[44].regs/Q_reg/C (clocked by clk_fpga_1) and lab_3_i/ps7_0_axi_periph/s00_couplers/auto_pc/inst/gen_axilite.gen_b2s_conv.axilite_b2s/RD.r_channel_0/rd_data_fifo_0/memory_reg[31][12]_srl32/D (clocked by clk_fpga_0). Large setup violations at the end of those stages might be difficult to fix during the post-placement implementation flow and could be the result of non-optimal XDC constraints or non-optimal design architecture
Related violations: <none>

TIMING-16#96 Warning
Large setup violation  
There is a large setup violation of -3.244 ns between lab_3_i/top_level_0/U0/mul/reg/L1[15].regs/Q_reg/C (clocked by clk_fpga_1) and lab_3_i/ps7_0_axi_periph/s00_couplers/auto_pc/inst/gen_axilite.gen_b2s_conv.axilite_b2s/RD.r_channel_0/rd_data_fifo_0/memory_reg[31][15]_srl32/D (clocked by clk_fpga_0). Large setup violations at the end of those stages might be difficult to fix during the post-placement implementation flow and could be the result of non-optimal XDC constraints or non-optimal design architecture
Related violations: <none>

TIMING-20#1 Warning
Non-clocked latch  
The latch lab_3_i/top_level_0/U0/mul/multiplicand_reg/D_reg[0] cannot be properly analyzed as its control pin lab_3_i/top_level_0/U0/mul/multiplicand_reg/D_reg[0]/G is not reached by a timing clock
Related violations: <none>

TIMING-20#2 Warning
Non-clocked latch  
The latch lab_3_i/top_level_0/U0/mul/multiplicand_reg/D_reg[10] cannot be properly analyzed as its control pin lab_3_i/top_level_0/U0/mul/multiplicand_reg/D_reg[10]/G is not reached by a timing clock
Related violations: <none>

TIMING-20#3 Warning
Non-clocked latch  
The latch lab_3_i/top_level_0/U0/mul/multiplicand_reg/D_reg[11] cannot be properly analyzed as its control pin lab_3_i/top_level_0/U0/mul/multiplicand_reg/D_reg[11]/G is not reached by a timing clock
Related violations: <none>

TIMING-20#4 Warning
Non-clocked latch  
The latch lab_3_i/top_level_0/U0/mul/multiplicand_reg/D_reg[12] cannot be properly analyzed as its control pin lab_3_i/top_level_0/U0/mul/multiplicand_reg/D_reg[12]/G is not reached by a timing clock
Related violations: <none>

TIMING-20#5 Warning
Non-clocked latch  
The latch lab_3_i/top_level_0/U0/mul/multiplicand_reg/D_reg[13] cannot be properly analyzed as its control pin lab_3_i/top_level_0/U0/mul/multiplicand_reg/D_reg[13]/G is not reached by a timing clock
Related violations: <none>

TIMING-20#6 Warning
Non-clocked latch  
The latch lab_3_i/top_level_0/U0/mul/multiplicand_reg/D_reg[14] cannot be properly analyzed as its control pin lab_3_i/top_level_0/U0/mul/multiplicand_reg/D_reg[14]/G is not reached by a timing clock
Related violations: <none>

TIMING-20#7 Warning
Non-clocked latch  
The latch lab_3_i/top_level_0/U0/mul/multiplicand_reg/D_reg[15] cannot be properly analyzed as its control pin lab_3_i/top_level_0/U0/mul/multiplicand_reg/D_reg[15]/G is not reached by a timing clock
Related violations: <none>

TIMING-20#8 Warning
Non-clocked latch  
The latch lab_3_i/top_level_0/U0/mul/multiplicand_reg/D_reg[16] cannot be properly analyzed as its control pin lab_3_i/top_level_0/U0/mul/multiplicand_reg/D_reg[16]/G is not reached by a timing clock
Related violations: <none>

TIMING-20#9 Warning
Non-clocked latch  
The latch lab_3_i/top_level_0/U0/mul/multiplicand_reg/D_reg[17] cannot be properly analyzed as its control pin lab_3_i/top_level_0/U0/mul/multiplicand_reg/D_reg[17]/G is not reached by a timing clock
Related violations: <none>

TIMING-20#10 Warning
Non-clocked latch  
The latch lab_3_i/top_level_0/U0/mul/multiplicand_reg/D_reg[18] cannot be properly analyzed as its control pin lab_3_i/top_level_0/U0/mul/multiplicand_reg/D_reg[18]/G is not reached by a timing clock
Related violations: <none>

TIMING-20#11 Warning
Non-clocked latch  
The latch lab_3_i/top_level_0/U0/mul/multiplicand_reg/D_reg[19] cannot be properly analyzed as its control pin lab_3_i/top_level_0/U0/mul/multiplicand_reg/D_reg[19]/G is not reached by a timing clock
Related violations: <none>

TIMING-20#12 Warning
Non-clocked latch  
The latch lab_3_i/top_level_0/U0/mul/multiplicand_reg/D_reg[1] cannot be properly analyzed as its control pin lab_3_i/top_level_0/U0/mul/multiplicand_reg/D_reg[1]/G is not reached by a timing clock
Related violations: <none>

TIMING-20#13 Warning
Non-clocked latch  
The latch lab_3_i/top_level_0/U0/mul/multiplicand_reg/D_reg[20] cannot be properly analyzed as its control pin lab_3_i/top_level_0/U0/mul/multiplicand_reg/D_reg[20]/G is not reached by a timing clock
Related violations: <none>

TIMING-20#14 Warning
Non-clocked latch  
The latch lab_3_i/top_level_0/U0/mul/multiplicand_reg/D_reg[21] cannot be properly analyzed as its control pin lab_3_i/top_level_0/U0/mul/multiplicand_reg/D_reg[21]/G is not reached by a timing clock
Related violations: <none>

TIMING-20#15 Warning
Non-clocked latch  
The latch lab_3_i/top_level_0/U0/mul/multiplicand_reg/D_reg[22] cannot be properly analyzed as its control pin lab_3_i/top_level_0/U0/mul/multiplicand_reg/D_reg[22]/G is not reached by a timing clock
Related violations: <none>

TIMING-20#16 Warning
Non-clocked latch  
The latch lab_3_i/top_level_0/U0/mul/multiplicand_reg/D_reg[23] cannot be properly analyzed as its control pin lab_3_i/top_level_0/U0/mul/multiplicand_reg/D_reg[23]/G is not reached by a timing clock
Related violations: <none>

TIMING-20#17 Warning
Non-clocked latch  
The latch lab_3_i/top_level_0/U0/mul/multiplicand_reg/D_reg[24] cannot be properly analyzed as its control pin lab_3_i/top_level_0/U0/mul/multiplicand_reg/D_reg[24]/G is not reached by a timing clock
Related violations: <none>

TIMING-20#18 Warning
Non-clocked latch  
The latch lab_3_i/top_level_0/U0/mul/multiplicand_reg/D_reg[25] cannot be properly analyzed as its control pin lab_3_i/top_level_0/U0/mul/multiplicand_reg/D_reg[25]/G is not reached by a timing clock
Related violations: <none>

TIMING-20#19 Warning
Non-clocked latch  
The latch lab_3_i/top_level_0/U0/mul/multiplicand_reg/D_reg[26] cannot be properly analyzed as its control pin lab_3_i/top_level_0/U0/mul/multiplicand_reg/D_reg[26]/G is not reached by a timing clock
Related violations: <none>

TIMING-20#20 Warning
Non-clocked latch  
The latch lab_3_i/top_level_0/U0/mul/multiplicand_reg/D_reg[27] cannot be properly analyzed as its control pin lab_3_i/top_level_0/U0/mul/multiplicand_reg/D_reg[27]/G is not reached by a timing clock
Related violations: <none>

TIMING-20#21 Warning
Non-clocked latch  
The latch lab_3_i/top_level_0/U0/mul/multiplicand_reg/D_reg[28] cannot be properly analyzed as its control pin lab_3_i/top_level_0/U0/mul/multiplicand_reg/D_reg[28]/G is not reached by a timing clock
Related violations: <none>

TIMING-20#22 Warning
Non-clocked latch  
The latch lab_3_i/top_level_0/U0/mul/multiplicand_reg/D_reg[29] cannot be properly analyzed as its control pin lab_3_i/top_level_0/U0/mul/multiplicand_reg/D_reg[29]/G is not reached by a timing clock
Related violations: <none>

TIMING-20#23 Warning
Non-clocked latch  
The latch lab_3_i/top_level_0/U0/mul/multiplicand_reg/D_reg[2] cannot be properly analyzed as its control pin lab_3_i/top_level_0/U0/mul/multiplicand_reg/D_reg[2]/G is not reached by a timing clock
Related violations: <none>

TIMING-20#24 Warning
Non-clocked latch  
The latch lab_3_i/top_level_0/U0/mul/multiplicand_reg/D_reg[30] cannot be properly analyzed as its control pin lab_3_i/top_level_0/U0/mul/multiplicand_reg/D_reg[30]/G is not reached by a timing clock
Related violations: <none>

TIMING-20#25 Warning
Non-clocked latch  
The latch lab_3_i/top_level_0/U0/mul/multiplicand_reg/D_reg[31] cannot be properly analyzed as its control pin lab_3_i/top_level_0/U0/mul/multiplicand_reg/D_reg[31]/G is not reached by a timing clock
Related violations: <none>

TIMING-20#26 Warning
Non-clocked latch  
The latch lab_3_i/top_level_0/U0/mul/multiplicand_reg/D_reg[32] cannot be properly analyzed as its control pin lab_3_i/top_level_0/U0/mul/multiplicand_reg/D_reg[32]/G is not reached by a timing clock
Related violations: <none>

TIMING-20#27 Warning
Non-clocked latch  
The latch lab_3_i/top_level_0/U0/mul/multiplicand_reg/D_reg[33] cannot be properly analyzed as its control pin lab_3_i/top_level_0/U0/mul/multiplicand_reg/D_reg[33]/G is not reached by a timing clock
Related violations: <none>

TIMING-20#28 Warning
Non-clocked latch  
The latch lab_3_i/top_level_0/U0/mul/multiplicand_reg/D_reg[34] cannot be properly analyzed as its control pin lab_3_i/top_level_0/U0/mul/multiplicand_reg/D_reg[34]/G is not reached by a timing clock
Related violations: <none>

TIMING-20#29 Warning
Non-clocked latch  
The latch lab_3_i/top_level_0/U0/mul/multiplicand_reg/D_reg[35] cannot be properly analyzed as its control pin lab_3_i/top_level_0/U0/mul/multiplicand_reg/D_reg[35]/G is not reached by a timing clock
Related violations: <none>

TIMING-20#30 Warning
Non-clocked latch  
The latch lab_3_i/top_level_0/U0/mul/multiplicand_reg/D_reg[36] cannot be properly analyzed as its control pin lab_3_i/top_level_0/U0/mul/multiplicand_reg/D_reg[36]/G is not reached by a timing clock
Related violations: <none>

TIMING-20#31 Warning
Non-clocked latch  
The latch lab_3_i/top_level_0/U0/mul/multiplicand_reg/D_reg[37] cannot be properly analyzed as its control pin lab_3_i/top_level_0/U0/mul/multiplicand_reg/D_reg[37]/G is not reached by a timing clock
Related violations: <none>

TIMING-20#32 Warning
Non-clocked latch  
The latch lab_3_i/top_level_0/U0/mul/multiplicand_reg/D_reg[38] cannot be properly analyzed as its control pin lab_3_i/top_level_0/U0/mul/multiplicand_reg/D_reg[38]/G is not reached by a timing clock
Related violations: <none>

TIMING-20#33 Warning
Non-clocked latch  
The latch lab_3_i/top_level_0/U0/mul/multiplicand_reg/D_reg[39] cannot be properly analyzed as its control pin lab_3_i/top_level_0/U0/mul/multiplicand_reg/D_reg[39]/G is not reached by a timing clock
Related violations: <none>

TIMING-20#34 Warning
Non-clocked latch  
The latch lab_3_i/top_level_0/U0/mul/multiplicand_reg/D_reg[3] cannot be properly analyzed as its control pin lab_3_i/top_level_0/U0/mul/multiplicand_reg/D_reg[3]/G is not reached by a timing clock
Related violations: <none>

TIMING-20#35 Warning
Non-clocked latch  
The latch lab_3_i/top_level_0/U0/mul/multiplicand_reg/D_reg[40] cannot be properly analyzed as its control pin lab_3_i/top_level_0/U0/mul/multiplicand_reg/D_reg[40]/G is not reached by a timing clock
Related violations: <none>

TIMING-20#36 Warning
Non-clocked latch  
The latch lab_3_i/top_level_0/U0/mul/multiplicand_reg/D_reg[41] cannot be properly analyzed as its control pin lab_3_i/top_level_0/U0/mul/multiplicand_reg/D_reg[41]/G is not reached by a timing clock
Related violations: <none>

TIMING-20#37 Warning
Non-clocked latch  
The latch lab_3_i/top_level_0/U0/mul/multiplicand_reg/D_reg[42] cannot be properly analyzed as its control pin lab_3_i/top_level_0/U0/mul/multiplicand_reg/D_reg[42]/G is not reached by a timing clock
Related violations: <none>

TIMING-20#38 Warning
Non-clocked latch  
The latch lab_3_i/top_level_0/U0/mul/multiplicand_reg/D_reg[43] cannot be properly analyzed as its control pin lab_3_i/top_level_0/U0/mul/multiplicand_reg/D_reg[43]/G is not reached by a timing clock
Related violations: <none>

TIMING-20#39 Warning
Non-clocked latch  
The latch lab_3_i/top_level_0/U0/mul/multiplicand_reg/D_reg[44] cannot be properly analyzed as its control pin lab_3_i/top_level_0/U0/mul/multiplicand_reg/D_reg[44]/G is not reached by a timing clock
Related violations: <none>

TIMING-20#40 Warning
Non-clocked latch  
The latch lab_3_i/top_level_0/U0/mul/multiplicand_reg/D_reg[45] cannot be properly analyzed as its control pin lab_3_i/top_level_0/U0/mul/multiplicand_reg/D_reg[45]/G is not reached by a timing clock
Related violations: <none>

TIMING-20#41 Warning
Non-clocked latch  
The latch lab_3_i/top_level_0/U0/mul/multiplicand_reg/D_reg[46] cannot be properly analyzed as its control pin lab_3_i/top_level_0/U0/mul/multiplicand_reg/D_reg[46]/G is not reached by a timing clock
Related violations: <none>

TIMING-20#42 Warning
Non-clocked latch  
The latch lab_3_i/top_level_0/U0/mul/multiplicand_reg/D_reg[47] cannot be properly analyzed as its control pin lab_3_i/top_level_0/U0/mul/multiplicand_reg/D_reg[47]/G is not reached by a timing clock
Related violations: <none>

TIMING-20#43 Warning
Non-clocked latch  
The latch lab_3_i/top_level_0/U0/mul/multiplicand_reg/D_reg[48] cannot be properly analyzed as its control pin lab_3_i/top_level_0/U0/mul/multiplicand_reg/D_reg[48]/G is not reached by a timing clock
Related violations: <none>

TIMING-20#44 Warning
Non-clocked latch  
The latch lab_3_i/top_level_0/U0/mul/multiplicand_reg/D_reg[49] cannot be properly analyzed as its control pin lab_3_i/top_level_0/U0/mul/multiplicand_reg/D_reg[49]/G is not reached by a timing clock
Related violations: <none>

TIMING-20#45 Warning
Non-clocked latch  
The latch lab_3_i/top_level_0/U0/mul/multiplicand_reg/D_reg[4] cannot be properly analyzed as its control pin lab_3_i/top_level_0/U0/mul/multiplicand_reg/D_reg[4]/G is not reached by a timing clock
Related violations: <none>

TIMING-20#46 Warning
Non-clocked latch  
The latch lab_3_i/top_level_0/U0/mul/multiplicand_reg/D_reg[50] cannot be properly analyzed as its control pin lab_3_i/top_level_0/U0/mul/multiplicand_reg/D_reg[50]/G is not reached by a timing clock
Related violations: <none>

TIMING-20#47 Warning
Non-clocked latch  
The latch lab_3_i/top_level_0/U0/mul/multiplicand_reg/D_reg[51] cannot be properly analyzed as its control pin lab_3_i/top_level_0/U0/mul/multiplicand_reg/D_reg[51]/G is not reached by a timing clock
Related violations: <none>

TIMING-20#48 Warning
Non-clocked latch  
The latch lab_3_i/top_level_0/U0/mul/multiplicand_reg/D_reg[52] cannot be properly analyzed as its control pin lab_3_i/top_level_0/U0/mul/multiplicand_reg/D_reg[52]/G is not reached by a timing clock
Related violations: <none>

TIMING-20#49 Warning
Non-clocked latch  
The latch lab_3_i/top_level_0/U0/mul/multiplicand_reg/D_reg[53] cannot be properly analyzed as its control pin lab_3_i/top_level_0/U0/mul/multiplicand_reg/D_reg[53]/G is not reached by a timing clock
Related violations: <none>

TIMING-20#50 Warning
Non-clocked latch  
The latch lab_3_i/top_level_0/U0/mul/multiplicand_reg/D_reg[54] cannot be properly analyzed as its control pin lab_3_i/top_level_0/U0/mul/multiplicand_reg/D_reg[54]/G is not reached by a timing clock
Related violations: <none>

TIMING-20#51 Warning
Non-clocked latch  
The latch lab_3_i/top_level_0/U0/mul/multiplicand_reg/D_reg[55] cannot be properly analyzed as its control pin lab_3_i/top_level_0/U0/mul/multiplicand_reg/D_reg[55]/G is not reached by a timing clock
Related violations: <none>

TIMING-20#52 Warning
Non-clocked latch  
The latch lab_3_i/top_level_0/U0/mul/multiplicand_reg/D_reg[56] cannot be properly analyzed as its control pin lab_3_i/top_level_0/U0/mul/multiplicand_reg/D_reg[56]/G is not reached by a timing clock
Related violations: <none>

TIMING-20#53 Warning
Non-clocked latch  
The latch lab_3_i/top_level_0/U0/mul/multiplicand_reg/D_reg[57] cannot be properly analyzed as its control pin lab_3_i/top_level_0/U0/mul/multiplicand_reg/D_reg[57]/G is not reached by a timing clock
Related violations: <none>

TIMING-20#54 Warning
Non-clocked latch  
The latch lab_3_i/top_level_0/U0/mul/multiplicand_reg/D_reg[58] cannot be properly analyzed as its control pin lab_3_i/top_level_0/U0/mul/multiplicand_reg/D_reg[58]/G is not reached by a timing clock
Related violations: <none>

TIMING-20#55 Warning
Non-clocked latch  
The latch lab_3_i/top_level_0/U0/mul/multiplicand_reg/D_reg[59] cannot be properly analyzed as its control pin lab_3_i/top_level_0/U0/mul/multiplicand_reg/D_reg[59]/G is not reached by a timing clock
Related violations: <none>

TIMING-20#56 Warning
Non-clocked latch  
The latch lab_3_i/top_level_0/U0/mul/multiplicand_reg/D_reg[5] cannot be properly analyzed as its control pin lab_3_i/top_level_0/U0/mul/multiplicand_reg/D_reg[5]/G is not reached by a timing clock
Related violations: <none>

TIMING-20#57 Warning
Non-clocked latch  
The latch lab_3_i/top_level_0/U0/mul/multiplicand_reg/D_reg[60] cannot be properly analyzed as its control pin lab_3_i/top_level_0/U0/mul/multiplicand_reg/D_reg[60]/G is not reached by a timing clock
Related violations: <none>

TIMING-20#58 Warning
Non-clocked latch  
The latch lab_3_i/top_level_0/U0/mul/multiplicand_reg/D_reg[61] cannot be properly analyzed as its control pin lab_3_i/top_level_0/U0/mul/multiplicand_reg/D_reg[61]/G is not reached by a timing clock
Related violations: <none>

TIMING-20#59 Warning
Non-clocked latch  
The latch lab_3_i/top_level_0/U0/mul/multiplicand_reg/D_reg[62] cannot be properly analyzed as its control pin lab_3_i/top_level_0/U0/mul/multiplicand_reg/D_reg[62]/G is not reached by a timing clock
Related violations: <none>

TIMING-20#60 Warning
Non-clocked latch  
The latch lab_3_i/top_level_0/U0/mul/multiplicand_reg/D_reg[63] cannot be properly analyzed as its control pin lab_3_i/top_level_0/U0/mul/multiplicand_reg/D_reg[63]/G is not reached by a timing clock
Related violations: <none>

TIMING-20#61 Warning
Non-clocked latch  
The latch lab_3_i/top_level_0/U0/mul/multiplicand_reg/D_reg[6] cannot be properly analyzed as its control pin lab_3_i/top_level_0/U0/mul/multiplicand_reg/D_reg[6]/G is not reached by a timing clock
Related violations: <none>

TIMING-20#62 Warning
Non-clocked latch  
The latch lab_3_i/top_level_0/U0/mul/multiplicand_reg/D_reg[7] cannot be properly analyzed as its control pin lab_3_i/top_level_0/U0/mul/multiplicand_reg/D_reg[7]/G is not reached by a timing clock
Related violations: <none>

TIMING-20#63 Warning
Non-clocked latch  
The latch lab_3_i/top_level_0/U0/mul/multiplicand_reg/D_reg[8] cannot be properly analyzed as its control pin lab_3_i/top_level_0/U0/mul/multiplicand_reg/D_reg[8]/G is not reached by a timing clock
Related violations: <none>

TIMING-20#64 Warning
Non-clocked latch  
The latch lab_3_i/top_level_0/U0/mul/multiplicand_reg/D_reg[9] cannot be properly analyzed as its control pin lab_3_i/top_level_0/U0/mul/multiplicand_reg/D_reg[9]/G is not reached by a timing clock
Related violations: <none>

TIMING-20#65 Warning
Non-clocked latch  
The latch lab_3_i/top_level_0/U0/mul/multiplier_reg/D_reg[0] cannot be properly analyzed as its control pin lab_3_i/top_level_0/U0/mul/multiplier_reg/D_reg[0]/G is not reached by a timing clock
Related violations: <none>

TIMING-20#66 Warning
Non-clocked latch  
The latch lab_3_i/top_level_0/U0/mul/multiplier_reg/D_reg[10] cannot be properly analyzed as its control pin lab_3_i/top_level_0/U0/mul/multiplier_reg/D_reg[10]/G is not reached by a timing clock
Related violations: <none>

TIMING-20#67 Warning
Non-clocked latch  
The latch lab_3_i/top_level_0/U0/mul/multiplier_reg/D_reg[11] cannot be properly analyzed as its control pin lab_3_i/top_level_0/U0/mul/multiplier_reg/D_reg[11]/G is not reached by a timing clock
Related violations: <none>

TIMING-20#68 Warning
Non-clocked latch  
The latch lab_3_i/top_level_0/U0/mul/multiplier_reg/D_reg[12] cannot be properly analyzed as its control pin lab_3_i/top_level_0/U0/mul/multiplier_reg/D_reg[12]/G is not reached by a timing clock
Related violations: <none>

TIMING-20#69 Warning
Non-clocked latch  
The latch lab_3_i/top_level_0/U0/mul/multiplier_reg/D_reg[13] cannot be properly analyzed as its control pin lab_3_i/top_level_0/U0/mul/multiplier_reg/D_reg[13]/G is not reached by a timing clock
Related violations: <none>

TIMING-20#70 Warning
Non-clocked latch  
The latch lab_3_i/top_level_0/U0/mul/multiplier_reg/D_reg[14] cannot be properly analyzed as its control pin lab_3_i/top_level_0/U0/mul/multiplier_reg/D_reg[14]/G is not reached by a timing clock
Related violations: <none>

TIMING-20#71 Warning
Non-clocked latch  
The latch lab_3_i/top_level_0/U0/mul/multiplier_reg/D_reg[15] cannot be properly analyzed as its control pin lab_3_i/top_level_0/U0/mul/multiplier_reg/D_reg[15]/G is not reached by a timing clock
Related violations: <none>

TIMING-20#72 Warning
Non-clocked latch  
The latch lab_3_i/top_level_0/U0/mul/multiplier_reg/D_reg[16] cannot be properly analyzed as its control pin lab_3_i/top_level_0/U0/mul/multiplier_reg/D_reg[16]/G is not reached by a timing clock
Related violations: <none>

TIMING-20#73 Warning
Non-clocked latch  
The latch lab_3_i/top_level_0/U0/mul/multiplier_reg/D_reg[17] cannot be properly analyzed as its control pin lab_3_i/top_level_0/U0/mul/multiplier_reg/D_reg[17]/G is not reached by a timing clock
Related violations: <none>

TIMING-20#74 Warning
Non-clocked latch  
The latch lab_3_i/top_level_0/U0/mul/multiplier_reg/D_reg[18] cannot be properly analyzed as its control pin lab_3_i/top_level_0/U0/mul/multiplier_reg/D_reg[18]/G is not reached by a timing clock
Related violations: <none>

TIMING-20#75 Warning
Non-clocked latch  
The latch lab_3_i/top_level_0/U0/mul/multiplier_reg/D_reg[19] cannot be properly analyzed as its control pin lab_3_i/top_level_0/U0/mul/multiplier_reg/D_reg[19]/G is not reached by a timing clock
Related violations: <none>

TIMING-20#76 Warning
Non-clocked latch  
The latch lab_3_i/top_level_0/U0/mul/multiplier_reg/D_reg[1] cannot be properly analyzed as its control pin lab_3_i/top_level_0/U0/mul/multiplier_reg/D_reg[1]/G is not reached by a timing clock
Related violations: <none>

TIMING-20#77 Warning
Non-clocked latch  
The latch lab_3_i/top_level_0/U0/mul/multiplier_reg/D_reg[20] cannot be properly analyzed as its control pin lab_3_i/top_level_0/U0/mul/multiplier_reg/D_reg[20]/G is not reached by a timing clock
Related violations: <none>

TIMING-20#78 Warning
Non-clocked latch  
The latch lab_3_i/top_level_0/U0/mul/multiplier_reg/D_reg[21] cannot be properly analyzed as its control pin lab_3_i/top_level_0/U0/mul/multiplier_reg/D_reg[21]/G is not reached by a timing clock
Related violations: <none>

TIMING-20#79 Warning
Non-clocked latch  
The latch lab_3_i/top_level_0/U0/mul/multiplier_reg/D_reg[22] cannot be properly analyzed as its control pin lab_3_i/top_level_0/U0/mul/multiplier_reg/D_reg[22]/G is not reached by a timing clock
Related violations: <none>

TIMING-20#80 Warning
Non-clocked latch  
The latch lab_3_i/top_level_0/U0/mul/multiplier_reg/D_reg[23] cannot be properly analyzed as its control pin lab_3_i/top_level_0/U0/mul/multiplier_reg/D_reg[23]/G is not reached by a timing clock
Related violations: <none>

TIMING-20#81 Warning
Non-clocked latch  
The latch lab_3_i/top_level_0/U0/mul/multiplier_reg/D_reg[24] cannot be properly analyzed as its control pin lab_3_i/top_level_0/U0/mul/multiplier_reg/D_reg[24]/G is not reached by a timing clock
Related violations: <none>

TIMING-20#82 Warning
Non-clocked latch  
The latch lab_3_i/top_level_0/U0/mul/multiplier_reg/D_reg[25] cannot be properly analyzed as its control pin lab_3_i/top_level_0/U0/mul/multiplier_reg/D_reg[25]/G is not reached by a timing clock
Related violations: <none>

TIMING-20#83 Warning
Non-clocked latch  
The latch lab_3_i/top_level_0/U0/mul/multiplier_reg/D_reg[26] cannot be properly analyzed as its control pin lab_3_i/top_level_0/U0/mul/multiplier_reg/D_reg[26]/G is not reached by a timing clock
Related violations: <none>

TIMING-20#84 Warning
Non-clocked latch  
The latch lab_3_i/top_level_0/U0/mul/multiplier_reg/D_reg[27] cannot be properly analyzed as its control pin lab_3_i/top_level_0/U0/mul/multiplier_reg/D_reg[27]/G is not reached by a timing clock
Related violations: <none>

TIMING-20#85 Warning
Non-clocked latch  
The latch lab_3_i/top_level_0/U0/mul/multiplier_reg/D_reg[28] cannot be properly analyzed as its control pin lab_3_i/top_level_0/U0/mul/multiplier_reg/D_reg[28]/G is not reached by a timing clock
Related violations: <none>

TIMING-20#86 Warning
Non-clocked latch  
The latch lab_3_i/top_level_0/U0/mul/multiplier_reg/D_reg[29] cannot be properly analyzed as its control pin lab_3_i/top_level_0/U0/mul/multiplier_reg/D_reg[29]/G is not reached by a timing clock
Related violations: <none>

TIMING-20#87 Warning
Non-clocked latch  
The latch lab_3_i/top_level_0/U0/mul/multiplier_reg/D_reg[2] cannot be properly analyzed as its control pin lab_3_i/top_level_0/U0/mul/multiplier_reg/D_reg[2]/G is not reached by a timing clock
Related violations: <none>

TIMING-20#88 Warning
Non-clocked latch  
The latch lab_3_i/top_level_0/U0/mul/multiplier_reg/D_reg[30] cannot be properly analyzed as its control pin lab_3_i/top_level_0/U0/mul/multiplier_reg/D_reg[30]/G is not reached by a timing clock
Related violations: <none>

TIMING-20#89 Warning
Non-clocked latch  
The latch lab_3_i/top_level_0/U0/mul/multiplier_reg/D_reg[31] cannot be properly analyzed as its control pin lab_3_i/top_level_0/U0/mul/multiplier_reg/D_reg[31]/G is not reached by a timing clock
Related violations: <none>

TIMING-20#90 Warning
Non-clocked latch  
The latch lab_3_i/top_level_0/U0/mul/multiplier_reg/D_reg[3] cannot be properly analyzed as its control pin lab_3_i/top_level_0/U0/mul/multiplier_reg/D_reg[3]/G is not reached by a timing clock
Related violations: <none>

TIMING-20#91 Warning
Non-clocked latch  
The latch lab_3_i/top_level_0/U0/mul/multiplier_reg/D_reg[4] cannot be properly analyzed as its control pin lab_3_i/top_level_0/U0/mul/multiplier_reg/D_reg[4]/G is not reached by a timing clock
Related violations: <none>

TIMING-20#92 Warning
Non-clocked latch  
The latch lab_3_i/top_level_0/U0/mul/multiplier_reg/D_reg[5] cannot be properly analyzed as its control pin lab_3_i/top_level_0/U0/mul/multiplier_reg/D_reg[5]/G is not reached by a timing clock
Related violations: <none>

TIMING-20#93 Warning
Non-clocked latch  
The latch lab_3_i/top_level_0/U0/mul/multiplier_reg/D_reg[6] cannot be properly analyzed as its control pin lab_3_i/top_level_0/U0/mul/multiplier_reg/D_reg[6]/G is not reached by a timing clock
Related violations: <none>

TIMING-20#94 Warning
Non-clocked latch  
The latch lab_3_i/top_level_0/U0/mul/multiplier_reg/D_reg[7] cannot be properly analyzed as its control pin lab_3_i/top_level_0/U0/mul/multiplier_reg/D_reg[7]/G is not reached by a timing clock
Related violations: <none>

TIMING-20#95 Warning
Non-clocked latch  
The latch lab_3_i/top_level_0/U0/mul/multiplier_reg/D_reg[8] cannot be properly analyzed as its control pin lab_3_i/top_level_0/U0/mul/multiplier_reg/D_reg[8]/G is not reached by a timing clock
Related violations: <none>

TIMING-20#96 Warning
Non-clocked latch  
The latch lab_3_i/top_level_0/U0/mul/multiplier_reg/D_reg[9] cannot be properly analyzed as its control pin lab_3_i/top_level_0/U0/mul/multiplier_reg/D_reg[9]/G is not reached by a timing clock
Related violations: <none>


